#
# There is insufficient memory for the Java Runtime Environment to continue.
# Native memory allocation (malloc) failed to allocate 1048576 bytes. Error detail: AllocateHeap
# Possible reasons:
#   The system is out of physical RAM or swap space
#   This process is running with CompressedOops enabled, and the Java Heap may be blocking the growth of the native heap
# Possible solutions:
#   Reduce memory load on the system
#   Increase physical memory or swap space
#   Check if swap backing store is full
#   Decrease Java heap size (-Xmx/-Xms)
#   Decrease number of Java threads
#   Decrease Java thread stack sizes (-Xss)
#   Set larger code cache with -XX:ReservedCodeCacheSize=
#   JVM is running with Unscaled Compressed Oops mode in which the Java heap is
#     placed in the first 4GB address space. The Java Heap base address is the
#     maximum limit for the native heap growth. Please use -XX:HeapBaseMinAddress
#     to set the Java Heap base and to place the Java Heap above 4GB virtual address.
# This output file may be truncated or incomplete.
#
#  Out of Memory Error (allocation.cpp:44), pid=11516, tid=24872
#
# JRE version: OpenJDK Runtime Environment Temurin-21.0.9+10 (21.0.9+10) (build 21.0.9+10-LTS)
# Java VM: OpenJDK 64-Bit Server VM Temurin-21.0.9+10 (21.0.9+10-LTS, mixed mode, sharing, tiered, compressed oops, compressed class ptrs, parallel gc, windows-amd64)
# No core dump will be written. Minidumps are not enabled by default on client versions of Windows
#

---------------  S U M M A R Y ------------

Command Line: --add-modules=ALL-SYSTEM --add-opens=java.base/java.util=ALL-UNNAMED --add-opens=java.base/java.lang=ALL-UNNAMED --add-opens=java.base/sun.nio.fs=ALL-UNNAMED -Declipse.application=org.eclipse.jdt.ls.core.id1 -Dosgi.bundles.defaultStartLevel=4 -Declipse.product=org.eclipse.jdt.ls.core.product -Djava.import.generatesMetadataFilesAtProjectRoot=false -DDetectVMInstallationsJob.disabled=true -Dfile.encoding=utf8 -XX:+UseParallelGC -XX:GCTimeRatio=4 -XX:AdaptiveSizePolicyWeight=90 -Dsun.zip.disableMemoryMapping=true -Xmx2G -Xms100m -Xlog:disable -javaagent:c:\Users\chief\.vscode\extensions\redhat.java-1.51.0-win32-x64\lombok\lombok-1.18.39-4050.jar -XX:+HeapDumpOnOutOfMemoryError -XX:HeapDumpPath=c:\Users\chief\AppData\Roaming\Code\User\workspaceStorage\7edd855c5745efe6cb82c3d65ead820d\redhat.java -Daether.dependencyCollector.impl=bf c:\Users\chief\.vscode\extensions\redhat.java-1.51.0-win32-x64\server\plugins\org.eclipse.equinox.launcher_1.7.100.v20251111-0406.jar -configuration c:\Users\chief\AppData\Roaming\Code\User\globalStorage\redhat.java\1.51.0\config_win -data c:\Users\chief\AppData\Roaming\Code\User\workspaceStorage\7edd855c5745efe6cb82c3d65ead820d\redhat.java\jdt_ws --pipe=\\.\pipe\lsp-90454bc35dc20d402817a938d17f09c6-sock

Host: 11th Gen Intel(R) Core(TM) i7-11800H @ 2.30GHz, 16 cores, 15G,  Windows 11 , 64 bit Build 26100 (10.0.26100.7623)
Time: Thu Jan 29 08:10:00 2026 E. Africa Standard Time elapsed time: 243866.387376 seconds (2d 19h 44m 26s)

---------------  T H R E A D  ---------------

Current thread (0x000001cedceae0a0):  JavaThread "Attach Listener" daemon [_thread_in_vm, id=24872, stack(0x0000003293b00000,0x0000003293c00000) (1024K)]

Stack: [0x0000003293b00000,0x0000003293c00000]
Native frames: (J=compiled Java code, j=interpreted, Vv=VM code, C=native code)
V  [jvm.dll+0x6d6e29]
V  [jvm.dll+0x8b4b76]
V  [jvm.dll+0x8b712e]
V  [jvm.dll+0x8b7813]
V  [jvm.dll+0x283d86]
V  [jvm.dll+0xc1277]
V  [jvm.dll+0x6d76d9]
V  [jvm.dll+0x133466]
V  [jvm.dll+0x3f7ea6]
V  [jvm.dll+0x85e9ad]
V  [jvm.dll+0x6d565d]
C  [ucrtbase.dll+0x37b0]
C  [KERNEL32.DLL+0x2e8d7]
C  [ntdll.dll+0x8c53c]


---------------  P R O C E S S  ---------------

Threads class SMR info:
_java_thread_list=0x000001cef64f6660, length=48, elements={
0x000001ceda98ec60, 0x000001cedcea8390, 0x000001cedcdae680, 0x000001cedcead450,
0x000001cedceae0a0, 0x000001cedceb21f0, 0x000001cedceb4100, 0x000001cef4b81b80,
0x000001cef4b837d0, 0x000001cef4dd2110, 0x000001cef4e153b0, 0x000001cefb1ff040,
0x000001cefb2d2780, 0x000001cefb04cc70, 0x000001cefb04f6b0, 0x000001cef67b7bd0,
0x000001cef64fd100, 0x000001cef683a610, 0x000001cef6839f80, 0x000001cef6838bd0,
0x000001cefbcffd20, 0x000001cefbcfd5c0, 0x000001cefbcfe2e0, 0x000001cefbd003b0,
0x000001cefbcfe970, 0x000001cefbcfcf30, 0x000001cefbd02480, 0x000001cefbd03ec0,
0x000001cefbd031a0, 0x000001cefbd01760, 0x000001cefbd03830, 0x000001cefbd01df0,
0x000001cefbd00a40, 0x000001cefbd010d0, 0x000001cefbd02b10, 0x000001cefbd04550,
0x000001cefeec3280, 0x000001cefeec3910, 0x000001cefeec0b20, 0x000001cefeec4630,
0x000001cefb2a9d60, 0x000001cefb2a89b0, 0x000001cefb2ac4c0, 0x000001cefb2acb50,
0x000001cefda726e0, 0x000001cefeec4cc0, 0x000001cefb2a9040, 0x000001cefda6ebd0
}

Java Threads: ( => current thread )
  0x000001ceda98ec60 JavaThread "main"                              [_thread_blocked, id=27088, stack(0x0000003293400000,0x0000003293500000) (1024K)]
  0x000001cedcea8390 JavaThread "Reference Handler"          daemon [_thread_blocked, id=16920, stack(0x0000003293800000,0x0000003293900000) (1024K)]
  0x000001cedcdae680 JavaThread "Finalizer"                  daemon [_thread_blocked, id=26404, stack(0x0000003293900000,0x0000003293a00000) (1024K)]
  0x000001cedcead450 JavaThread "Signal Dispatcher"          daemon [_thread_blocked, id=23964, stack(0x0000003293a00000,0x0000003293b00000) (1024K)]
=>0x000001cedceae0a0 JavaThread "Attach Listener"            daemon [_thread_in_vm, id=24872, stack(0x0000003293b00000,0x0000003293c00000) (1024K)]
  0x000001cedceb21f0 JavaThread "Service Thread"             daemon [_thread_blocked, id=26400, stack(0x0000003293c00000,0x0000003293d00000) (1024K)]
  0x000001cedceb4100 JavaThread "Monitor Deflation Thread"   daemon [_thread_blocked, id=24904, stack(0x0000003293d00000,0x0000003293e00000) (1024K)]
  0x000001cef4b81b80 JavaThread "C2 CompilerThread0"         daemon [_thread_blocked, id=27436, stack(0x0000003293e00000,0x0000003293f00000) (1024K)]
  0x000001cef4b837d0 JavaThread "C1 CompilerThread0"         daemon [_thread_blocked, id=24412, stack(0x0000003293f00000,0x0000003294000000) (1024K)]
  0x000001cef4dd2110 JavaThread "Common-Cleaner"             daemon [_thread_blocked, id=27092, stack(0x0000003294200000,0x0000003294300000) (1024K)]
  0x000001cef4e153b0 JavaThread "Notification Thread"        daemon [_thread_blocked, id=26844, stack(0x0000003294400000,0x0000003294500000) (1024K)]
  0x000001cefb1ff040 JavaThread "Active Thread: Equinox Container: 9eb15276-b2ea-4e16-bd93-e6512a5f9309"        [_thread_blocked, id=20432, stack(0x0000003294d00000,0x0000003294e00000) (1024K)]
  0x000001cefb2d2780 JavaThread "Refresh Thread: Equinox Container: 9eb15276-b2ea-4e16-bd93-e6512a5f9309" daemon [_thread_blocked, id=28188, stack(0x0000003294000000,0x0000003294100000) (1024K)]
  0x000001cefb04cc70 JavaThread "Framework Event Dispatcher: Equinox Container: 9eb15276-b2ea-4e16-bd93-e6512a5f9309" daemon [_thread_blocked, id=27492, stack(0x0000003294100000,0x0000003294200000) (1024K)]
  0x000001cefb04f6b0 JavaThread "Start Level: Equinox Container: 9eb15276-b2ea-4e16-bd93-e6512a5f9309" daemon [_thread_blocked, id=12196, stack(0x0000003294600000,0x0000003294700000) (1024K)]
  0x000001cef67b7bd0 JavaThread "Bundle File Closer"         daemon [_thread_blocked, id=28028, stack(0x0000003295100000,0x0000003295200000) (1024K)]
  0x000001cef64fd100 JavaThread "SCR Component Actor"        daemon [_thread_blocked, id=2028, stack(0x0000003295200000,0x0000003295300000) (1024K)]
  0x000001cef683a610 JavaThread "Worker-JM"                         [_thread_blocked, id=8516, stack(0x0000003295600000,0x0000003295700000) (1024K)]
  0x000001cef6839f80 JavaThread "JNA Cleaner"                daemon [_thread_blocked, id=5140, stack(0x0000003295700000,0x0000003295800000) (1024K)]
  0x000001cef6838bd0 JavaThread "Java indexing"              daemon [_thread_blocked, id=9580, stack(0x0000003295f00000,0x0000003296000000) (1024K)]
  0x000001cefbcffd20 JavaThread "Thread-1"                   daemon [_thread_in_native, id=5484, stack(0x0000003296400000,0x0000003296500000) (1024K)]
  0x000001cefbcfd5c0 JavaThread "Thread-2"                   daemon [_thread_in_native, id=17248, stack(0x0000003296500000,0x0000003296600000) (1024K)]
  0x000001cefbcfe2e0 JavaThread "Thread-3"                   daemon [_thread_in_native, id=5824, stack(0x0000003296600000,0x0000003296700000) (1024K)]
  0x000001cefbd003b0 JavaThread "Thread-4"                   daemon [_thread_in_native, id=8552, stack(0x0000003296700000,0x0000003296800000) (1024K)]
  0x000001cefbcfe970 JavaThread "Thread-5"                   daemon [_thread_in_native, id=6884, stack(0x0000003296800000,0x0000003296900000) (1024K)]
  0x000001cefbcfcf30 JavaThread "Thread-6"                   daemon [_thread_in_native, id=7520, stack(0x0000003296900000,0x0000003296a00000) (1024K)]
  0x000001cefbd02480 JavaThread "Thread-7"                   daemon [_thread_in_native, id=8892, stack(0x0000003296a00000,0x0000003296b00000) (1024K)]
  0x000001cefbd03ec0 JavaThread "Thread-8"                   daemon [_thread_in_native, id=16396, stack(0x0000003296b00000,0x0000003296c00000) (1024K)]
  0x000001cefbd031a0 JavaThread "Thread-9"                   daemon [_thread_in_native, id=5828, stack(0x0000003296c00000,0x0000003296d00000) (1024K)]
  0x000001cefbd01760 JavaThread "Thread-10"                  daemon [_thread_in_native, id=5832, stack(0x0000003296d00000,0x0000003296e00000) (1024K)]
  0x000001cefbd03830 JavaThread "Thread-11"                  daemon [_thread_in_native, id=10864, stack(0x0000003296e00000,0x0000003296f00000) (1024K)]
  0x000001cefbd01df0 JavaThread "Thread-12"                  daemon [_thread_in_native, id=1420, stack(0x0000003296f00000,0x0000003297000000) (1024K)]
  0x000001cefbd00a40 JavaThread "Thread-13"                  daemon [_thread_in_native, id=1876, stack(0x0000003297000000,0x0000003297100000) (1024K)]
  0x000001cefbd010d0 JavaThread "Thread-14"                  daemon [_thread_in_native, id=28720, stack(0x0000003297100000,0x0000003297200000) (1024K)]
  0x000001cefbd02b10 JavaThread "Thread-15"                  daemon [_thread_in_native, id=12572, stack(0x0000003297200000,0x0000003297300000) (1024K)]
  0x000001cefbd04550 JavaThread "Thread-16"                  daemon [_thread_in_native, id=29048, stack(0x0000003297300000,0x0000003297400000) (1024K)]
  0x000001cefeec3280 JavaThread "Thread-17"                  daemon [_thread_in_native, id=29212, stack(0x0000003297400000,0x0000003297500000) (1024K)]
  0x000001cefeec3910 JavaThread "pool-2-thread-1"                   [_thread_blocked, id=28988, stack(0x0000003297500000,0x0000003297600000) (1024K)]
  0x000001cefeec0b20 JavaThread "WorkspaceEventsHandler"            [_thread_blocked, id=10532, stack(0x0000003297600000,0x0000003297700000) (1024K)]
  0x000001cefeec4630 JavaThread "pool-1-thread-1"                   [_thread_blocked, id=10696, stack(0x0000003297700000,0x0000003297800000) (1024K)]
  0x000001cefb2a9d60 JavaThread "Cleaner-0"                  daemon [_thread_blocked, id=16104, stack(0x0000003295d00000,0x0000003295e00000) (1024K)]
  0x000001cefb2a89b0 JavaThread "Java Debug Server"          daemon [_thread_in_native, id=17596, stack(0x0000003294500000,0x0000003294600000) (1024K)]
  0x000001cefb2ac4c0 JavaThread "RxSchedulerPurge-1"         daemon [_thread_blocked, id=8488, stack(0x0000003295800000,0x0000003295900000) (1024K)]
  0x000001cefb2acb50 JavaThread "RxCachedWorkerPoolEvictor-1" daemon [_thread_blocked, id=16196, stack(0x0000003295900000,0x0000003295a00000) (1024K)]
  0x000001cefda726e0 JavaThread "ForkJoinPool.commonPool-worker-548" daemon [_thread_blocked, id=50136, stack(0x0000003297c00000,0x0000003297d00000) (1024K)]
  0x000001cefeec4cc0 JavaThread "Worker-355"                        [_thread_blocked, id=35532, stack(0x0000003293300000,0x0000003293400000) (1024K)]
  0x000001cefb2a9040 JavaThread "ForkJoinPool.commonPool-worker-552" daemon [_thread_blocked, id=57508, stack(0x0000003295b00000,0x0000003295c00000) (1024K)]
  0x000001cefda6ebd0 JavaThread "Worker-357"                        [_thread_blocked, id=52484, stack(0x0000003295a00000,0x0000003295b00000) (1024K)]
Total: 48

Other Threads:
  0x000001cedcea3760 VMThread "VM Thread"                           [id=26964, stack(0x0000003293700000,0x0000003293800000) (1024K)]
  0x000001cedcc8c950 WatcherThread "VM Periodic Task Thread"        [id=27632, stack(0x0000003293600000,0x0000003293700000) (1024K)]
  0x000001cedce21e60 WorkerThread "GC Thread#0"                     [id=27628, stack(0x0000003293500000,0x0000003293600000) (1024K)]
  0x000001cefb015900 WorkerThread "GC Thread#1"                     [id=26372, stack(0x0000003294700000,0x0000003294800000) (1024K)]
  0x000001cefb015ca0 WorkerThread "GC Thread#2"                     [id=4908, stack(0x0000003294800000,0x0000003294900000) (1024K)]
  0x000001cef6652430 WorkerThread "GC Thread#3"                     [id=17632, stack(0x0000003294900000,0x0000003294a00000) (1024K)]
  0x000001cef66527d0 WorkerThread "GC Thread#4"                     [id=18440, stack(0x0000003294a00000,0x0000003294b00000) (1024K)]
  0x000001cef6adcb40 WorkerThread "GC Thread#5"                     [id=17620, stack(0x0000003294b00000,0x0000003294c00000) (1024K)]
  0x000001cef6add4f0 WorkerThread "GC Thread#6"                     [id=26424, stack(0x0000003294c00000,0x0000003294d00000) (1024K)]
  0x000001cefb220c50 WorkerThread "GC Thread#7"                     [id=25968, stack(0x0000003294300000,0x0000003294400000) (1024K)]
  0x000001cefb221e70 WorkerThread "GC Thread#8"                     [id=28080, stack(0x0000003294e00000,0x0000003294f00000) (1024K)]
  0x000001cefb222210 WorkerThread "GC Thread#9"                     [id=28068, stack(0x0000003294f00000,0x0000003295000000) (1024K)]
  0x000001cefb2225b0 WorkerThread "GC Thread#10"                    [id=28444, stack(0x0000003295000000,0x0000003295100000) (1024K)]
  0x000001cefb220ff0 WorkerThread "GC Thread#11"                    [id=5556, stack(0x0000003295300000,0x0000003295400000) (1024K)]
  0x000001cef4c09680 WorkerThread "GC Thread#12"                    [id=25700, stack(0x0000003295400000,0x0000003295500000) (1024K)]
Total: 15

Threads with active compile tasks:
Total: 0

VM state: not at safepoint (normal execution)

VM Mutex/Monitor currently owned by a thread: None

Heap address: 0x0000000080000000, size: 2048 MB, Compressed Oops mode: 32-bit

CDS archive(s) mapped at: [0x000001ce80000000-0x000001ce80ba0000-0x000001ce80ba0000), size 12189696, SharedBaseAddress: 0x000001ce80000000, ArchiveRelocationMode: 1.
Compressed class space mapped at: 0x000001ce81000000-0x000001cec1000000, reserved size: 1073741824
Narrow klass base: 0x000001ce80000000, Narrow klass shift: 0, Narrow klass range: 0x100000000

GC Precious Log:
 CardTable entry size: 512
 CPUs: 16 total, 16 available
 Memory: 16163M
 Large Page Support: Disabled
 NUMA Support: Disabled
 Compressed Oops: Enabled (32-bit)
 Alignments: Space 512K, Generation 512K, Heap 2M
 Heap Min Capacity: 100M
 Heap Initial Capacity: 100M
 Heap Max Capacity: 2G
 Pre-touch: Disabled
 Parallel Workers: 13

Heap:
 PSYoungGen      total 8192K, used 4437K [0x00000000d5580000, 0x00000000d5e80000, 0x0000000100000000)
  eden space 7168K, 61% used [0x00000000d5580000,0x00000000d59c5740,0x00000000d5c80000)
  from space 1024K, 6% used [0x00000000d5c80000,0x00000000d5c90000,0x00000000d5d80000)
  to   space 512K, 0% used [0x00000000d5e00000,0x00000000d5e00000,0x00000000d5e80000)
 ParOldGen       total 1307136K, used 1306727K [0x0000000080000000, 0x00000000cfc80000, 0x00000000d5580000)
  object space 1307136K, 99% used [0x0000000080000000,0x00000000cfc19d50,0x00000000cfc80000)
 Metaspace       used 110671K, committed 112576K, reserved 1179648K
  class space    used 10496K, committed 11456K, reserved 1048576K

Card table byte_map: [0x000001cedc7a0000,0x000001cedcbb0000] _byte_map_base: 0x000001cedc3a0000

Marking Bits: (ParMarkBitMap*) 0x00007ffbd89d2460
 Begin Bits: [0x000001ceef2b0000, 0x000001cef12b0000)
 End Bits:   [0x000001cef12b0000, 0x000001cef32b0000)

Polling page: 0x000001cedac50000

Metaspace:

Usage:
  Non-class:     97.83 MB used.
      Class:     10.25 MB used.
       Both:    108.08 MB used.

Virtual space:
  Non-class space:      128.00 MB reserved,      98.75 MB ( 77%) committed,  2 nodes.
      Class space:        1.00 GB reserved,      11.19 MB (  1%) committed,  1 nodes.
             Both:        1.12 GB reserved,     109.94 MB ( 10%) committed. 

Chunk freelists:
   Non-Class:  13.28 MB
       Class:  4.67 MB
        Both:  17.95 MB

MaxMetaspaceSize: unlimited
CompressedClassSpaceSize: 1.00 GB
Initial GC threshold: 21.00 MB
Current GC threshold: 183.25 MB
CDS: on
 - commit_granule_bytes: 65536.
 - commit_granule_words: 8192.
 - virtual_space_node_default_size: 8388608.
 - enlarge_chunks_in_place: 1.
 - use_allocation_guard: 0.


Internal statistics:

num_allocs_failed_limit: 9.
num_arena_births: 4158.
num_arena_deaths: 2056.
num_vsnodes_births: 3.
num_vsnodes_deaths: 0.
num_space_committed: 1760.
num_space_uncommitted: 1.
num_chunks_returned_to_freelist: 2790.
num_chunks_taken_from_freelist: 11149.
num_chunk_merges: 734.
num_chunk_splits: 5648.
num_chunks_enlarged: 2696.
num_inconsistent_stats: 0.

CodeHeap 'non-profiled nmethods': size=119168Kb used=40394Kb max_used=41484Kb free=78773Kb
 bounds [0x000001cee7ba0000, 0x000001ceea490000, 0x000001ceef000000]
CodeHeap 'profiled nmethods': size=119104Kb used=26978Kb max_used=45373Kb free=92125Kb
 bounds [0x000001cee0000000, 0x000001cee2c90000, 0x000001cee7450000]
CodeHeap 'non-nmethods': size=7488Kb used=1570Kb max_used=3353Kb free=5918Kb
 bounds [0x000001cee7450000, 0x000001cee77b0000, 0x000001cee7ba0000]
CodeCache: size=245760Kb, used=68942Kb, max_used=90210Kb, free=176816Kb
 total_blobs=16012, nmethods=15132, adapters=778, full_count=0
Compilation: enabled, stopped_count=0, restarted_count=0

Compilation events (20 events):
Event: 207730.679 Thread 0x000001cef4b837d0 90126       3       java.lang.Class::getConstructor (31 bytes)
Event: 207730.688 Thread 0x000001cef4b837d0 nmethod 90126 0x000001cee0067890 code [0x000001cee0067b00, 0x000001cee0068358]
Event: 207730.787 Thread 0x000001cef4b837d0 90127       3       org.eclipse.jdt.ls.core.internal.text.correction.RefactorProposalUtility::isMoveStaticMemberAvailable (187 bytes)
Event: 207730.822 Thread 0x000001cef4b837d0 nmethod 90127 0x000001cee0064510 code [0x000001cee0064940, 0x000001cee0066f68]
Event: 207730.822 Thread 0x000001cef4b837d0 90128       3       org.eclipse.jdt.internal.corext.refactoring.RefactoringAvailabilityTesterCore::isMoveStaticAvailable (174 bytes)
Event: 207730.827 Thread 0x000001cef4b837d0 nmethod 90128 0x000001cee0a8a990 code [0x000001cee0a8aca0, 0x000001cee0a8bde0]
Event: 207736.118 Thread 0x000001cef4b81b80 90129   !   4       java.util.logging.Logger::removeChildLogger (65 bytes)
Event: 207736.159 Thread 0x000001cef4b81b80 nmethod 90129 0x000001cee9f71310 code [0x000001cee9f71500, 0x000001cee9f71d88]
Event: 207736.817 Thread 0x000001cef4b837d0 90130       3       org.eclipse.jdt.internal.core.util.WeakHashSetOfCharArray::addValue (105 bytes)
Event: 207736.822 Thread 0x000001cef4b837d0 nmethod 90130 0x000001cee0063790 code [0x000001cee00639a0, 0x000001cee0064258]
Event: 207740.965 Thread 0x000001cef4b81b80 90131   !   4       java.io.BufferedWriter::flushBuffer (63 bytes)
Event: 207741.062 Thread 0x000001cef4b81b80 nmethod 90131 0x000001cee9cd1310 code [0x000001cee9cd1800, 0x000001cee9cd47d0]
Event: 207743.483 Thread 0x000001cef4b81b80 90132       4       org.eclipse.core.internal.resources.Rules::refreshRule (28 bytes)
Event: 207743.517 Thread 0x000001cef4b81b80 nmethod 90132 0x000001cee9f70810 code [0x000001cee9f709e0, 0x000001cee9f70f60]
Event: 207958.563 Thread 0x000001cef4b837d0 90133       3       java.lang.invoke.LambdaForm$MH/0x000001ce81ab9c00::invoke (57 bytes)
Event: 207958.575 Thread 0x000001cef4b837d0 nmethod 90133 0x000001cee0a89c90 code [0x000001cee0a89ea0, 0x000001cee0a8a798]
Event: 207958.623 Thread 0x000001cef4b837d0 90134       3       java.util.HashMap$Values::toArray (18 bytes)
Event: 207958.635 Thread 0x000001cef4b837d0 nmethod 90134 0x000001cee0063290 code [0x000001cee0063440, 0x000001cee00636a8]
Event: 207958.646 Thread 0x000001cef4b81b80 90135   !   4       java.io.FilterOutputStream::close (133 bytes)
Event: 207958.722 Thread 0x000001cef4b81b80 nmethod 90135 0x000001cee9f6f490 code [0x000001cee9f6f700, 0x000001cee9f6ff50]

GC Heap History (20 events):
Event: 207776.851 GC heap before
{Heap before GC invocations=82445 (full 160):
 PSYoungGen      total 6144K, used 5696K [0x00000000d5580000, 0x00000000d5e80000, 0x0000000100000000)
  eden space 3584K, 100% used [0x00000000d5580000,0x00000000d5900000,0x00000000d5900000)
  from space 2560K, 82% used [0x00000000d5900000,0x00000000d5b10000,0x00000000d5b80000)
  to   space 2560K, 0% used [0x00000000d5c00000,0x00000000d5c00000,0x00000000d5e80000)
 ParOldGen       total 1299456K, used 1298952K [0x0000000080000000, 0x00000000cf500000, 0x00000000d5580000)
  object space 1299456K, 99% used [0x0000000080000000,0x00000000cf4821c0,0x00000000cf500000)
 Metaspace       used 110669K, committed 112576K, reserved 1179648K
  class space    used 10496K, committed 11456K, reserved 1048576K
}
Event: 207776.854 GC heap after
{Heap after GC invocations=82445 (full 160):
 PSYoungGen      total 5632K, used 772K [0x00000000d5580000, 0x00000000d5d00000, 0x0000000100000000)
  eden space 4608K, 0% used [0x00000000d5580000,0x00000000d5580000,0x00000000d5a00000)
  from space 1024K, 75% used [0x00000000d5c00000,0x00000000d5cc1210,0x00000000d5d00000)
  to   space 1536K, 0% used [0x00000000d5a00000,0x00000000d5a00000,0x00000000d5b80000)
 ParOldGen       total 1300992K, used 1300948K [0x0000000080000000, 0x00000000cf680000, 0x00000000d5580000)
  object space 1300992K, 99% used [0x0000000080000000,0x00000000cf6752c0,0x00000000cf680000)
 Metaspace       used 110669K, committed 112576K, reserved 1179648K
  class space    used 10496K, committed 11456K, reserved 1048576K
}
Event: 207776.862 GC heap before
{Heap before GC invocations=82446 (full 160):
 PSYoungGen      total 5632K, used 5380K [0x00000000d5580000, 0x00000000d5d00000, 0x0000000100000000)
  eden space 4608K, 100% used [0x00000000d5580000,0x00000000d5a00000,0x00000000d5a00000)
  from space 1024K, 75% used [0x00000000d5c00000,0x00000000d5cc1210,0x00000000d5d00000)
  to   space 1536K, 0% used [0x00000000d5a00000,0x00000000d5a00000,0x00000000d5b80000)
 ParOldGen       total 1300992K, used 1300948K [0x0000000080000000, 0x00000000cf680000, 0x00000000d5580000)
  object space 1300992K, 99% used [0x0000000080000000,0x00000000cf6752c0,0x00000000cf680000)
 Metaspace       used 110669K, committed 112576K, reserved 1179648K
  class space    used 10496K, committed 11456K, reserved 1048576K
}
Event: 207776.866 GC heap after
{Heap after GC invocations=82446 (full 160):
 PSYoungGen      total 6144K, used 842K [0x00000000d5580000, 0x00000000d5d00000, 0x0000000100000000)
  eden space 4608K, 0% used [0x00000000d5580000,0x00000000d5580000,0x00000000d5a00000)
  from space 1536K, 54% used [0x00000000d5a00000,0x00000000d5ad2910,0x00000000d5b80000)
  to   space 1024K, 0% used [0x00000000d5c00000,0x00000000d5c00000,0x00000000d5d00000)
 ParOldGen       total 1301504K, used 1301497K [0x0000000080000000, 0x00000000cf700000, 0x00000000d5580000)
  object space 1301504K, 99% used [0x0000000080000000,0x00000000cf6fe4d0,0x00000000cf700000)
 Metaspace       used 110669K, committed 112576K, reserved 1179648K
  class space    used 10496K, committed 11456K, reserved 1048576K
}
Event: 207776.872 GC heap before
{Heap before GC invocations=82447 (full 160):
 PSYoungGen      total 6144K, used 5450K [0x00000000d5580000, 0x00000000d5d00000, 0x0000000100000000)
  eden space 4608K, 100% used [0x00000000d5580000,0x00000000d5a00000,0x00000000d5a00000)
  from space 1536K, 54% used [0x00000000d5a00000,0x00000000d5ad2910,0x00000000d5b80000)
  to   space 1024K, 0% used [0x00000000d5c00000,0x00000000d5c00000,0x00000000d5d00000)
 ParOldGen       total 1301504K, used 1301497K [0x0000000080000000, 0x00000000cf700000, 0x00000000d5580000)
  object space 1301504K, 99% used [0x0000000080000000,0x00000000cf6fe4d0,0x00000000cf700000)
 Metaspace       used 110669K, committed 112576K, reserved 1179648K
  class space    used 10496K, committed 11456K, reserved 1048576K
}
Event: 207776.876 GC heap after
{Heap after GC invocations=82447 (full 160):
 PSYoungGen      total 6656K, used 760K [0x00000000d5580000, 0x00000000d5d00000, 0x0000000100000000)
  eden space 5632K, 0% used [0x00000000d5580000,0x00000000d5580000,0x00000000d5b00000)
  from space 1024K, 74% used [0x00000000d5c00000,0x00000000d5cbe158,0x00000000d5d00000)
  to   space 1024K, 0% used [0x00000000d5b00000,0x00000000d5b00000,0x00000000d5c00000)
 ParOldGen       total 1302528K, used 1302133K [0x0000000080000000, 0x00000000cf800000, 0x00000000d5580000)
  object space 1302528K, 99% used [0x0000000080000000,0x00000000cf79d658,0x00000000cf800000)
 Metaspace       used 110669K, committed 112576K, reserved 1179648K
  class space    used 10496K, committed 11456K, reserved 1048576K
}
Event: 207776.892 GC heap before
{Heap before GC invocations=82448 (full 160):
 PSYoungGen      total 6656K, used 6392K [0x00000000d5580000, 0x00000000d5d00000, 0x0000000100000000)
  eden space 5632K, 100% used [0x00000000d5580000,0x00000000d5b00000,0x00000000d5b00000)
  from space 1024K, 74% used [0x00000000d5c00000,0x00000000d5cbe158,0x00000000d5d00000)
  to   space 1024K, 0% used [0x00000000d5b00000,0x00000000d5b00000,0x00000000d5c00000)
 ParOldGen       total 1302528K, used 1302133K [0x0000000080000000, 0x00000000cf800000, 0x00000000d5580000)
  object space 1302528K, 99% used [0x0000000080000000,0x00000000cf79d658,0x00000000cf800000)
 Metaspace       used 110669K, committed 112576K, reserved 1179648K
  class space    used 10496K, committed 11456K, reserved 1048576K
}
Event: 207776.897 GC heap after
{Heap after GC invocations=82448 (full 160):
 PSYoungGen      total 6656K, used 824K [0x00000000d5580000, 0x00000000d5e80000, 0x0000000100000000)
  eden space 5632K, 0% used [0x00000000d5580000,0x00000000d5580000,0x00000000d5b00000)
  from space 1024K, 80% used [0x00000000d5b00000,0x00000000d5bce158,0x00000000d5c00000)
  to   space 1024K, 0% used [0x00000000d5d80000,0x00000000d5d80000,0x00000000d5e80000)
 ParOldGen       total 1303040K, used 1302686K [0x0000000080000000, 0x00000000cf880000, 0x00000000d5580000)
  object space 1303040K, 99% used [0x0000000080000000,0x00000000cf827810,0x00000000cf880000)
 Metaspace       used 110669K, committed 112576K, reserved 1179648K
  class space    used 10496K, committed 11456K, reserved 1048576K
}
Event: 207777.186 GC heap before
{Heap before GC invocations=82449 (full 160):
 PSYoungGen      total 6656K, used 6456K [0x00000000d5580000, 0x00000000d5e80000, 0x0000000100000000)
  eden space 5632K, 100% used [0x00000000d5580000,0x00000000d5b00000,0x00000000d5b00000)
  from space 1024K, 80% used [0x00000000d5b00000,0x00000000d5bce158,0x00000000d5c00000)
  to   space 1024K, 0% used [0x00000000d5d80000,0x00000000d5d80000,0x00000000d5e80000)
 ParOldGen       total 1303040K, used 1302686K [0x0000000080000000, 0x00000000cf880000, 0x00000000d5580000)
  object space 1303040K, 99% used [0x0000000080000000,0x00000000cf827810,0x00000000cf880000)
 Metaspace       used 110669K, committed 112576K, reserved 1179648K
  class space    used 10496K, committed 11456K, reserved 1048576K
}
Event: 207777.191 GC heap after
{Heap after GC invocations=82449 (full 160):
 PSYoungGen      total 8192K, used 896K [0x00000000d5580000, 0x00000000d5e80000, 0x0000000100000000)
  eden space 7168K, 0% used [0x00000000d5580000,0x00000000d5580000,0x00000000d5c80000)
  from space 1024K, 87% used [0x00000000d5d80000,0x00000000d5e60000,0x00000000d5e80000)
  to   space 1024K, 0% used [0x00000000d5c80000,0x00000000d5c80000,0x00000000d5d80000)
 ParOldGen       total 1303552K, used 1303329K [0x0000000080000000, 0x00000000cf900000, 0x00000000d5580000)
  object space 1303552K, 99% used [0x0000000080000000,0x00000000cf8c8740,0x00000000cf900000)
 Metaspace       used 110669K, committed 112576K, reserved 1179648K
  class space    used 10496K, committed 11456K, reserved 1048576K
}
Event: 207777.239 GC heap before
{Heap before GC invocations=82450 (full 160):
 PSYoungGen      total 8192K, used 8064K [0x00000000d5580000, 0x00000000d5e80000, 0x0000000100000000)
  eden space 7168K, 100% used [0x00000000d5580000,0x00000000d5c80000,0x00000000d5c80000)
  from space 1024K, 87% used [0x00000000d5d80000,0x00000000d5e60000,0x00000000d5e80000)
  to   space 1024K, 0% used [0x00000000d5c80000,0x00000000d5c80000,0x00000000d5d80000)
 ParOldGen       total 1303552K, used 1303329K [0x0000000080000000, 0x00000000cf900000, 0x00000000d5580000)
  object space 1303552K, 99% used [0x0000000080000000,0x00000000cf8c8740,0x00000000cf900000)
 Metaspace       used 110669K, committed 112576K, reserved 1179648K
  class space    used 10496K, committed 11456K, reserved 1048576K
}
Event: 207777.243 GC heap after
{Heap after GC invocations=82450 (full 160):
 PSYoungGen      total 8192K, used 1012K [0x00000000d5580000, 0x00000000d6080000, 0x0000000100000000)
  eden space 7168K, 0% used [0x00000000d5580000,0x00000000d5580000,0x00000000d5c80000)
  from space 1024K, 98% used [0x00000000d5c80000,0x00000000d5d7d200,0x00000000d5d80000)
  to   space 2048K, 0% used [0x00000000d5e80000,0x00000000d5e80000,0x00000000d6080000)
 ParOldGen       total 1304064K, used 1304030K [0x0000000080000000, 0x00000000cf980000, 0x00000000d5580000)
  object space 1304064K, 99% used [0x0000000080000000,0x00000000cf977a98,0x00000000cf980000)
 Metaspace       used 110669K, committed 112576K, reserved 1179648K
  class space    used 10496K, committed 11456K, reserved 1048576K
}
Event: 207777.254 GC heap before
{Heap before GC invocations=82451 (full 160):
 PSYoungGen      total 8192K, used 8180K [0x00000000d5580000, 0x00000000d6080000, 0x0000000100000000)
  eden space 7168K, 100% used [0x00000000d5580000,0x00000000d5c80000,0x00000000d5c80000)
  from space 1024K, 98% used [0x00000000d5c80000,0x00000000d5d7d200,0x00000000d5d80000)
  to   space 2048K, 0% used [0x00000000d5e80000,0x00000000d5e80000,0x00000000d6080000)
 ParOldGen       total 1304064K, used 1304030K [0x0000000080000000, 0x00000000cf980000, 0x00000000d5580000)
  object space 1304064K, 99% used [0x0000000080000000,0x00000000cf977a98,0x00000000cf980000)
 Metaspace       used 110669K, committed 112576K, reserved 1179648K
  class space    used 10496K, committed 11456K, reserved 1048576K
}
Event: 207777.256 GC heap after
{Heap after GC invocations=82451 (full 160):
 PSYoungGen      total 8704K, used 1084K [0x00000000d5580000, 0x00000000d6000000, 0x0000000100000000)
  eden space 7168K, 0% used [0x00000000d5580000,0x00000000d5580000,0x00000000d5c80000)
  from space 1536K, 70% used [0x00000000d5e80000,0x00000000d5f8f368,0x00000000d6000000)
  to   space 1536K, 0% used [0x00000000d5d00000,0x00000000d5d00000,0x00000000d5e80000)
 ParOldGen       total 1305088K, used 1304871K [0x0000000080000000, 0x00000000cfa80000, 0x00000000d5580000)
  object space 1305088K, 99% used [0x0000000080000000,0x00000000cfa49c50,0x00000000cfa80000)
 Metaspace       used 110669K, committed 112576K, reserved 1179648K
  class space    used 10496K, committed 11456K, reserved 1048576K
}
Event: 207777.532 GC heap before
{Heap before GC invocations=82452 (full 160):
 PSYoungGen      total 8704K, used 8252K [0x00000000d5580000, 0x00000000d6000000, 0x0000000100000000)
  eden space 7168K, 100% used [0x00000000d5580000,0x00000000d5c80000,0x00000000d5c80000)
  from space 1536K, 70% used [0x00000000d5e80000,0x00000000d5f8f368,0x00000000d6000000)
  to   space 1536K, 0% used [0x00000000d5d00000,0x00000000d5d00000,0x00000000d5e80000)
 ParOldGen       total 1305088K, used 1304871K [0x0000000080000000, 0x00000000cfa80000, 0x00000000d5580000)
  object space 1305088K, 99% used [0x0000000080000000,0x00000000cfa49c50,0x00000000cfa80000)
 Metaspace       used 110669K, committed 112576K, reserved 1179648K
  class space    used 10496K, committed 11456K, reserved 1048576K
}
Event: 207777.536 GC heap after
{Heap after GC invocations=82452 (full 160):
 PSYoungGen      total 8192K, used 1016K [0x00000000d5580000, 0x00000000d5f80000, 0x0000000100000000)
  eden space 7168K, 0% used [0x00000000d5580000,0x00000000d5580000,0x00000000d5c80000)
  from space 1024K, 99% used [0x00000000d5d00000,0x00000000d5dfe158,0x00000000d5e00000)
  to   space 1536K, 0% used [0x00000000d5e00000,0x00000000d5e00000,0x00000000d5f80000)
 ParOldGen       total 1306112K, used 1305825K [0x0000000080000000, 0x00000000cfb80000, 0x00000000d5580000)
  object space 1306112K, 99% used [0x0000000080000000,0x00000000cfb38690,0x00000000cfb80000)
 Metaspace       used 110669K, committed 112576K, reserved 1179648K
  class space    used 10496K, committed 11456K, reserved 1048576K
}
Event: 243729.640 GC heap before
{Heap before GC invocations=82453 (full 160):
 PSYoungGen      total 8192K, used 8184K [0x00000000d5580000, 0x00000000d5f80000, 0x0000000100000000)
  eden space 7168K, 100% used [0x00000000d5580000,0x00000000d5c80000,0x00000000d5c80000)
  from space 1024K, 99% used [0x00000000d5d00000,0x00000000d5dfe158,0x00000000d5e00000)
  to   space 1536K, 0% used [0x00000000d5e00000,0x00000000d5e00000,0x00000000d5f80000)
 ParOldGen       total 1306112K, used 1305825K [0x0000000080000000, 0x00000000cfb80000, 0x00000000d5580000)
  object space 1306112K, 99% used [0x0000000080000000,0x00000000cfb38690,0x00000000cfb80000)
 Metaspace       used 110671K, committed 112576K, reserved 1179648K
  class space    used 10496K, committed 11456K, reserved 1048576K
}
Event: 243730.719 GC heap after
{Heap after GC invocations=82453 (full 160):
 PSYoungGen      total 7680K, used 320K [0x00000000d5580000, 0x00000000d5e80000, 0x0000000100000000)
  eden space 7168K, 0% used [0x00000000d5580000,0x00000000d5580000,0x00000000d5c80000)
  from space 512K, 62% used [0x00000000d5e00000,0x00000000d5e50000,0x00000000d5e80000)
  to   space 1024K, 0% used [0x00000000d5c80000,0x00000000d5c80000,0x00000000d5d80000)
 ParOldGen       total 1307136K, used 1306647K [0x0000000080000000, 0x00000000cfc80000, 0x00000000d5580000)
  object space 1307136K, 99% used [0x0000000080000000,0x00000000cfc05d50,0x00000000cfc80000)
 Metaspace       used 110671K, committed 112576K, reserved 1179648K
  class space    used 10496K, committed 11456K, reserved 1048576K
}
Event: 243730.778 GC heap before
{Heap before GC invocations=82454 (full 160):
 PSYoungGen      total 7680K, used 7488K [0x00000000d5580000, 0x00000000d5e80000, 0x0000000100000000)
  eden space 7168K, 100% used [0x00000000d5580000,0x00000000d5c80000,0x00000000d5c80000)
  from space 512K, 62% used [0x00000000d5e00000,0x00000000d5e50000,0x00000000d5e80000)
  to   space 1024K, 0% used [0x00000000d5c80000,0x00000000d5c80000,0x00000000d5d80000)
 ParOldGen       total 1307136K, used 1306647K [0x0000000080000000, 0x00000000cfc80000, 0x00000000d5580000)
  object space 1307136K, 99% used [0x0000000080000000,0x00000000cfc05d50,0x00000000cfc80000)
 Metaspace       used 110671K, committed 112576K, reserved 1179648K
  class space    used 10496K, committed 11456K, reserved 1048576K
}
Event: 243730.780 GC heap after
{Heap after GC invocations=82454 (full 160):
 PSYoungGen      total 8192K, used 64K [0x00000000d5580000, 0x00000000d5e80000, 0x0000000100000000)
  eden space 7168K, 0% used [0x00000000d5580000,0x00000000d5580000,0x00000000d5c80000)
  from space 1024K, 6% used [0x00000000d5c80000,0x00000000d5c90000,0x00000000d5d80000)
  to   space 512K, 0% used [0x00000000d5e00000,0x00000000d5e00000,0x00000000d5e80000)
 ParOldGen       total 1307136K, used 1306727K [0x0000000080000000, 0x00000000cfc80000, 0x00000000d5580000)
  object space 1307136K, 99% used [0x0000000080000000,0x00000000cfc19d50,0x00000000cfc80000)
 Metaspace       used 110671K, committed 112576K, reserved 1179648K
  class space    used 10496K, committed 11456K, reserved 1048576K
}

Dll operation events (12 events):
Event: 0.009 Loaded shared library c:\Users\chief\.vscode\extensions\redhat.java-1.51.0-win32-x64\jre\21.0.9-win32-x86_64\bin\java.dll
Event: 0.077 Loaded shared library c:\Users\chief\.vscode\extensions\redhat.java-1.51.0-win32-x64\jre\21.0.9-win32-x86_64\bin\zip.dll
Event: 0.098 Loaded shared library C:\Users\chief\.vscode\extensions\redhat.java-1.51.0-win32-x64\jre\21.0.9-win32-x86_64\bin\instrument.dll
Event: 0.103 Loaded shared library C:\Users\chief\.vscode\extensions\redhat.java-1.51.0-win32-x64\jre\21.0.9-win32-x86_64\bin\net.dll
Event: 0.105 Loaded shared library C:\Users\chief\.vscode\extensions\redhat.java-1.51.0-win32-x64\jre\21.0.9-win32-x86_64\bin\nio.dll
Event: 0.111 Loaded shared library C:\Users\chief\.vscode\extensions\redhat.java-1.51.0-win32-x64\jre\21.0.9-win32-x86_64\bin\zip.dll
Event: 0.129 Loaded shared library C:\Users\chief\.vscode\extensions\redhat.java-1.51.0-win32-x64\jre\21.0.9-win32-x86_64\bin\jimage.dll
Event: 0.208 Loaded shared library c:\Users\chief\.vscode\extensions\redhat.java-1.51.0-win32-x64\jre\21.0.9-win32-x86_64\bin\verify.dll
Event: 21.062 Loaded shared library C:\Users\chief\AppData\Roaming\Code\User\globalStorage\redhat.java\1.51.0\config_win\org.eclipse.equinox.launcher\org.eclipse.equinox.launcher.win32.win32.x86_64_1.2.1400.v20250801-0854\eclipse_11916.dll
Event: 48.951 Loaded shared library C:\Users\chief\AppData\Local\Temp\jna-94630981\jna4963966532571386683.dll
Event: 52.509 Loaded shared library C:\Users\chief\.vscode\extensions\redhat.java-1.51.0-win32-x64\jre\21.0.9-win32-x86_64\bin\sunmscapi.dll
Event: 53.608 Loaded shared library C:\Users\chief\.vscode\extensions\redhat.java-1.51.0-win32-x64\jre\21.0.9-win32-x86_64\bin\extnet.dll

Deoptimization events (20 events):
Event: 205047.478 Thread 0x000001cefeec4630 DEOPT PACKING pc=0x000001cee806e57c sp=0x00000032977fe310
Event: 205047.481 Thread 0x000001cefeec4630 DEOPT UNPACKING pc=0x000001cee74a6da2 sp=0x00000032977fe290 mode 2
Event: 205048.149 Thread 0x000001cefeec2560 Uncommon trap: trap_request=0xffffff45 fr.pc=0x000001cee7c7aed4 relative=0x00000000000001b4
Event: 205048.149 Thread 0x000001cefeec2560 Uncommon trap: reason=unstable_if action=reinterpret pc=0x000001cee7c7aed4 method=org.eclipse.jdt.internal.core.search.indexing.ReadWriteMonitor.enterRead()V @ 15 c2
Event: 205048.150 Thread 0x000001cefeec2560 DEOPT PACKING pc=0x000001cee7c7aed4 sp=0x00000032931fe0f0
Event: 205048.150 Thread 0x000001cefeec2560 DEOPT UNPACKING pc=0x000001cee74a6da2 sp=0x00000032931fe098 mode 2
Event: 206869.906 Thread 0x000001cefeec4cc0 Uncommon trap: trap_request=0xffffff45 fr.pc=0x000001cee9421a68 relative=0x0000000000000788
Event: 206869.906 Thread 0x000001cefeec4cc0 Uncommon trap: reason=unstable_if action=reinterpret pc=0x000001cee9421a68 method=org.eclipse.jdt.core.dom.ASTConverter.isPrimitiveType([C)Z @ 324 c2
Event: 206869.906 Thread 0x000001cefeec4cc0 DEOPT PACKING pc=0x000001cee9421a68 sp=0x0000003295bfe3a0
Event: 206869.908 Thread 0x000001cefeec4cc0 DEOPT UNPACKING pc=0x000001cee74a6da2 sp=0x0000003295bfe328 mode 2
Event: 206882.736 Thread 0x000001cefeec11b0 DEOPT PACKING pc=0x000001cee19269b3 sp=0x00000032955fe630
Event: 206882.737 Thread 0x000001cefeec11b0 DEOPT UNPACKING pc=0x000001cee74a78e2 sp=0x00000032955fdb20 mode 0
Event: 206972.174 Thread 0x000001cefeec0b20 Uncommon trap: trap_request=0xffffff45 fr.pc=0x000001cee9ba3d18 relative=0x0000000000001b98
Event: 206972.175 Thread 0x000001cefeec0b20 Uncommon trap: reason=unstable_if action=reinterpret pc=0x000001cee9ba3d18 method=org.eclipse.core.internal.resources.Resource.refreshLocal(ILorg/eclipse/core/runtime/IProgressMonitor;)V @ 112 c2
Event: 206972.175 Thread 0x000001cefeec0b20 DEOPT PACKING pc=0x000001cee9ba3d18 sp=0x00000032976ff2c0
Event: 206972.175 Thread 0x000001cefeec0b20 DEOPT UNPACKING pc=0x000001cee74a6da2 sp=0x00000032976ff278 mode 2
Event: 206972.181 Thread 0x000001cefeec0b20 Uncommon trap: trap_request=0xffffff45 fr.pc=0x000001ceea0330ec relative=0x00000000000003cc
Event: 206972.181 Thread 0x000001cefeec0b20 Uncommon trap: reason=unstable_if action=reinterpret pc=0x000001ceea0330ec method=org.eclipse.core.internal.events.NotificationManager.requestNotify()V @ 19 c2
Event: 206972.181 Thread 0x000001cefeec0b20 DEOPT PACKING pc=0x000001ceea0330ec sp=0x00000032976ff1c0
Event: 206972.182 Thread 0x000001cefeec0b20 DEOPT UNPACKING pc=0x000001cee74a6da2 sp=0x00000032976ff168 mode 2

Classes loaded (20 events):
Event: 31134.896 Loading class sun/security/provider/certpath/CertId
Event: 31134.896 Loading class sun/security/provider/certpath/CertId done
Event: 31134.896 Loading class sun/security/provider/certpath/OCSP$RevocationStatus$CertStatus
Event: 31134.897 Loading class sun/security/provider/certpath/OCSP$RevocationStatus$CertStatus done
Event: 31134.945 Loading class sun/security/ssl/CertificateVerify$T13CertificateVerifyMessage
Event: 31134.945 Loading class sun/security/ssl/CertificateVerify$T13CertificateVerifyMessage done
Event: 31134.949 Loading class sun/security/ssl/SSLBasicKeyDerivation
Event: 31134.949 Loading class sun/security/ssl/SSLBasicKeyDerivation done
Event: 31134.950 Loading class sun/security/ssl/SSLBasicKeyDerivation$SecretSizeSpec
Event: 31134.950 Loading class sun/security/ssl/SSLBasicKeyDerivation$SecretSizeSpec done
Event: 31134.979 Loading class sun/security/ssl/PostHandshakeContext
Event: 31134.980 Loading class sun/security/ssl/PostHandshakeContext done
Event: 31134.980 Loading class sun/security/ssl/NewSessionTicket$T13NewSessionTicketMessage
Event: 31134.980 Loading class sun/security/ssl/NewSessionTicket$T13NewSessionTicketMessage done
Event: 31572.932 Loading class java/lang/Class$EnclosingMethodInfo
Event: 31572.933 Loading class java/lang/Class$EnclosingMethodInfo done
Event: 71951.636 Loading class java/lang/StringLatin1$LinesSpliterator
Event: 71951.648 Loading class java/lang/StringLatin1$LinesSpliterator done
Event: 190654.305 Loading class java/util/DualPivotQuicksort$Sorter
Event: 190654.319 Loading class java/util/DualPivotQuicksort$Sorter done

Classes unloaded (20 events):
Event: 205161.351 Thread 0x000001cedcea3760 Unloading class 0x000001ce81294000 'jdk/internal/reflect/GeneratedSerializationConstructorAccessor325'
Event: 205161.352 Thread 0x000001cedcea3760 Unloading class 0x000001ce81212400 'java/lang/invoke/LambdaForm$MH+0x000001ce81212400'
Event: 205161.352 Thread 0x000001cedcea3760 Unloading class 0x000001ce81118000 'java/lang/invoke/LambdaForm$MH+0x000001ce81118000'
Event: 205161.352 Thread 0x000001cedcea3760 Unloading class 0x000001ce81b01800 'jdk/internal/reflect/GeneratedSerializationConstructorAccessor324'
Event: 205161.352 Thread 0x000001cedcea3760 Unloading class 0x000001ce81b05000 'jdk/internal/reflect/GeneratedSerializationConstructorAccessor323'
Event: 205161.352 Thread 0x000001cedcea3760 Unloading class 0x000001ce81a6c800 'jdk/internal/reflect/GeneratedSerializationConstructorAccessor322'
Event: 205161.352 Thread 0x000001cedcea3760 Unloading class 0x000001ce81abb800 'jdk/internal/reflect/GeneratedSerializationConstructorAccessor321'
Event: 205161.352 Thread 0x000001cedcea3760 Unloading class 0x000001ce81abac00 'jdk/internal/reflect/GeneratedSerializationConstructorAccessor320'
Event: 205161.352 Thread 0x000001cedcea3760 Unloading class 0x000001ce81ab9c00 'java/lang/invoke/LambdaForm$MH+0x000001ce81ab9c00'
Event: 205161.352 Thread 0x000001cedcea3760 Unloading class 0x000001ce81187c00 'jdk/internal/reflect/GeneratedSerializationConstructorAccessor319'
Event: 205161.352 Thread 0x000001cedcea3760 Unloading class 0x000001ce811a9400 'jdk/internal/reflect/GeneratedSerializationConstructorAccessor318'
Event: 205161.352 Thread 0x000001cedcea3760 Unloading class 0x000001ce81aa5c00 'jdk/internal/reflect/GeneratedSerializationConstructorAccessor317'
Event: 205161.352 Thread 0x000001cedcea3760 Unloading class 0x000001ce8176c800 'jdk/internal/reflect/GeneratedSerializationConstructorAccessor316'
Event: 205161.352 Thread 0x000001cedcea3760 Unloading class 0x000001ce81b02c00 'java/lang/invoke/LambdaForm$MH+0x000001ce81b02c00'
Event: 205161.352 Thread 0x000001cedcea3760 Unloading class 0x000001ce81aa8000 'jdk/internal/reflect/GeneratedSerializationConstructorAccessor315'
Event: 205161.352 Thread 0x000001cedcea3760 Unloading class 0x000001ce81ab4800 'jdk/internal/reflect/GeneratedSerializationConstructorAccessor314'
Event: 205161.352 Thread 0x000001cedcea3760 Unloading class 0x000001ce81b3b000 'jdk/internal/reflect/GeneratedSerializationConstructorAccessor313'
Event: 205161.352 Thread 0x000001cedcea3760 Unloading class 0x000001ce81b52000 'java/lang/invoke/LambdaForm$DMH+0x000001ce81b52000'
Event: 205161.352 Thread 0x000001cedcea3760 Unloading class 0x000001ce81b51c00 'java/lang/invoke/LambdaForm$MH+0x000001ce81b51c00'
Event: 205161.352 Thread 0x000001cedcea3760 Unloading class 0x000001ce81b50c00 'java/lang/invoke/LambdaForm$DMH+0x000001ce81b50c00'

Classes redefined (0 events):
No events

Internal exceptions (20 events):
Event: 207730.392 Thread 0x000001cefda70610 Exception <a 'sun/nio/fs/WindowsException'{0x00000000d56cdc28}> (0x00000000d56cdc28) 
thrown [s\src\hotspot\share\prims\jni.cpp, line 520]
Event: 207730.392 Thread 0x000001cefda70610 Exception <a 'sun/nio/fs/WindowsException'{0x00000000d56ce7d0}> (0x00000000d56ce7d0) 
thrown [s\src\hotspot\share\prims\jni.cpp, line 520]
Event: 207730.398 Thread 0x000001cefda70610 Exception <a 'sun/nio/fs/WindowsException'{0x00000000d56f0a38}> (0x00000000d56f0a38) 
thrown [s\src\hotspot\share\prims\jni.cpp, line 520]
Event: 207730.398 Thread 0x000001cefda70610 Exception <a 'sun/nio/fs/WindowsException'{0x00000000d56f1598}> (0x00000000d56f1598) 
thrown [s\src\hotspot\share\prims\jni.cpp, line 520]
Event: 207730.715 Thread 0x000001cefb2ad870 Exception <a 'sun/nio/fs/WindowsException'{0x00000000d5656a60}> (0x00000000d5656a60) 
thrown [s\src\hotspot\share\prims\jni.cpp, line 520]
Event: 207730.715 Thread 0x000001cefb2ad870 Exception <a 'sun/nio/fs/WindowsException'{0x00000000d5658050}> (0x00000000d5658050) 
thrown [s\src\hotspot\share\prims\jni.cpp, line 520]
Event: 207730.715 Thread 0x000001cefb2ad870 Exception <a 'sun/nio/fs/WindowsException'{0x00000000d56590c8}> (0x00000000d56590c8) 
thrown [s\src\hotspot\share\prims\jni.cpp, line 520]
Event: 207730.715 Thread 0x000001cefb2ad870 Exception <a 'sun/nio/fs/WindowsException'{0x00000000d56599c0}> (0x00000000d56599c0) 
thrown [s\src\hotspot\share\prims\jni.cpp, line 520]
Event: 207730.716 Thread 0x000001cefb2ad870 Exception <a 'sun/nio/fs/WindowsException'{0x00000000d565b6e0}> (0x00000000d565b6e0) 
thrown [s\src\hotspot\share\prims\jni.cpp, line 520]
Event: 207730.716 Thread 0x000001cefb2ad870 Exception <a 'sun/nio/fs/WindowsException'{0x00000000d565bfd8}> (0x00000000d565bfd8) 
thrown [s\src\hotspot\share\prims\jni.cpp, line 520]
Event: 207730.716 Thread 0x000001cefb2ad870 Exception <a 'sun/nio/fs/WindowsException'{0x00000000d5696468}> (0x00000000d5696468) 
thrown [s\src\hotspot\share\prims\jni.cpp, line 520]
Event: 207730.716 Thread 0x000001cefb2ad870 Exception <a 'sun/nio/fs/WindowsException'{0x00000000d5696fb0}> (0x00000000d5696fb0) 
thrown [s\src\hotspot\share\prims\jni.cpp, line 520]
Event: 207731.538 Thread 0x000001cef6838bd0 Exception <a 'sun/nio/fs/WindowsException'{0x00000000d559e778}> (0x00000000d559e778) 
thrown [s\src\hotspot\share\prims\jni.cpp, line 520]
Event: 207731.737 Thread 0x000001cef6838bd0 Exception <a 'sun/nio/fs/WindowsException'{0x00000000d5723a20}> (0x00000000d5723a20) 
thrown [s\src\hotspot\share\prims\jni.cpp, line 520]
Event: 207737.697 Thread 0x000001cef6838bd0 Exception <a 'sun/nio/fs/WindowsException'{0x00000000d57c9820}> (0x00000000d57c9820) 
thrown [s\src\hotspot\share\prims\jni.cpp, line 520]
Event: 207737.976 Thread 0x000001cef6838bd0 Exception <a 'sun/nio/fs/WindowsException'{0x00000000d578ac00}> (0x00000000d578ac00) 
thrown [s\src\hotspot\share\prims\jni.cpp, line 520]
Event: 207743.410 Thread 0x000001cef6838bd0 Exception <a 'sun/nio/fs/WindowsException'{0x00000000d5896c80}> (0x00000000d5896c80) 
thrown [s\src\hotspot\share\prims\jni.cpp, line 520]
Event: 207743.746 Thread 0x000001cef6838bd0 Exception <a 'sun/nio/fs/WindowsException'{0x00000000d578a998}> (0x00000000d578a998) 
thrown [s\src\hotspot\share\prims\jni.cpp, line 520]
Event: 207958.482 Thread 0x000001cefb2aa3f0 Exception <a 'sun/nio/fs/WindowsException'{0x00000000d5679318}> (0x00000000d5679318) 
thrown [s\src\hotspot\share\prims\jni.cpp, line 520]
Event: 207958.486 Thread 0x000001cefb2aa3f0 Exception <a 'sun/nio/fs/WindowsException'{0x00000000d5679e60}> (0x00000000d5679e60) 
thrown [s\src\hotspot\share\prims\jni.cpp, line 520]

ZGC Phase Switch (0 events):
No events

VM Operations (20 events):
Event: 207795.932 Executing VM operation: HandshakeAllThreads (HandshakeForDeflation)
Event: 207795.932 Executing VM operation: HandshakeAllThreads (HandshakeForDeflation) done
Event: 207795.933 Executing VM operation: RendezvousGCThreads
Event: 207795.933 Executing VM operation: RendezvousGCThreads done
Event: 207976.465 Executing VM operation: HandshakeAllThreads (HandshakeForDeflation)
Event: 207976.466 Executing VM operation: HandshakeAllThreads (HandshakeForDeflation) done
Event: 207976.466 Executing VM operation: RendezvousGCThreads
Event: 207976.466 Executing VM operation: RendezvousGCThreads done
Event: 208699.543 Executing VM operation: HandshakeAllThreads (HandshakeForDeflation)
Event: 208699.548 Executing VM operation: HandshakeAllThreads (HandshakeForDeflation) done
Event: 208699.548 Executing VM operation: RendezvousGCThreads
Event: 208699.548 Executing VM operation: RendezvousGCThreads done
Event: 243729.627 Executing VM operation: ParallelGCFailedAllocation (Allocation Failure)
Event: 243730.720 Executing VM operation: ParallelGCFailedAllocation (Allocation Failure) done
Event: 243730.778 Executing VM operation: ParallelGCFailedAllocation (Allocation Failure)
Event: 243730.780 Executing VM operation: ParallelGCFailedAllocation (Allocation Failure) done
Event: 243788.853 Executing VM operation: HandshakeAllThreads (HandshakeForDeflation)
Event: 243788.855 Executing VM operation: HandshakeAllThreads (HandshakeForDeflation) done
Event: 243788.855 Executing VM operation: RendezvousGCThreads
Event: 243788.855 Executing VM operation: RendezvousGCThreads done

Memory protections (0 events):
No events

Nmethod flushes (20 events):
Event: 205162.293 Thread 0x000001cedcea3760 flushing  nmethod 0x000001cee0a8e890
Event: 205162.293 Thread 0x000001cedcea3760 flushing  nmethod 0x000001cee0cb3f90
Event: 205162.293 Thread 0x000001cedcea3760 flushing  nmethod 0x000001cee0deb210
Event: 205162.293 Thread 0x000001cedcea3760 flushing  nmethod 0x000001cee0f18390
Event: 205162.294 Thread 0x000001cedcea3760 flushing  nmethod 0x000001cee0f4ad90
Event: 205162.294 Thread 0x000001cedcea3760 flushing  nmethod 0x000001cee106cb10
Event: 205162.294 Thread 0x000001cedcea3760 flushing  nmethod 0x000001cee12c2090
Event: 205162.294 Thread 0x000001cedcea3760 flushing  nmethod 0x000001cee152aa10
Event: 205162.294 Thread 0x000001cedcea3760 flushing  nmethod 0x000001cee1572410
Event: 205162.294 Thread 0x000001cedcea3760 flushing  nmethod 0x000001cee1573d90
Event: 205162.294 Thread 0x000001cedcea3760 flushing  nmethod 0x000001cee15e6710
Event: 205162.294 Thread 0x000001cedcea3760 flushing  nmethod 0x000001cee1dad790
Event: 205162.294 Thread 0x000001cedcea3760 flushing  nmethod 0x000001cee2070610
Event: 205162.294 Thread 0x000001cedcea3760 flushing  nmethod 0x000001cee23d5610
Event: 205162.294 Thread 0x000001cedcea3760 flushing  nmethod 0x000001cee2837410
Event: 205162.294 Thread 0x000001cedcea3760 flushing  nmethod 0x000001cee2838910
Event: 205162.294 Thread 0x000001cedcea3760 flushing  nmethod 0x000001cee28d6490
Event: 205162.294 Thread 0x000001cedcea3760 flushing  nmethod 0x000001cee29d7c10
Event: 205162.294 Thread 0x000001cedcea3760 flushing  nmethod 0x000001cee2c18d90
Event: 205162.294 Thread 0x000001cedcea3760 flushing  nmethod 0x000001cee2c20c90

Events (20 events):
Event: 207829.781 Thread 0x000001cefeec59e0 Thread exited: 0x000001cefeec59e0
Event: 207837.551 Thread 0x000001cefb2ad870 Thread exited: 0x000001cefb2ad870
Event: 207897.552 Thread 0x000001cefda70610 Thread exited: 0x000001cefda70610
Event: 207957.557 Thread 0x000001cefb2ab7a0 Thread exited: 0x000001cefb2ab7a0
Event: 207958.504 Thread 0x000001cefb2aa3f0 Thread added: 0x000001cefda6ebd0
Event: 207958.509 Thread 0x000001cefda6ebd0 Thread exited: 0x000001cefda6ebd0
Event: 207958.623 Thread 0x000001cefb2aa3f0 Thread added: 0x000001cefda6f260
Event: 207958.624 Thread 0x000001cefda6f260 Thread exited: 0x000001cefda6f260
Event: 207958.769 Thread 0x000001cefb2aa3f0 Thread added: 0x000001cefda6ebd0
Event: 208017.559 Thread 0x000001cefeec2560 Thread exited: 0x000001cefeec2560
Event: 208018.789 Thread 0x000001cefb2aa3f0 Thread exited: 0x000001cefb2aa3f0
Event: 208077.569 Thread 0x000001cefeec11b0 Thread exited: 0x000001cefeec11b0
Event: 208429.191 Thread 0x000001cefda6d820 Thread exited: 0x000001cefda6d820
Event: 208517.226 Thread 0x000001cefb2a7c90 Thread exited: 0x000001cefb2a7c90
Event: 208577.229 Thread 0x000001cefb2a7600 Thread exited: 0x000001cefb2a7600
Event: 208637.244 Thread 0x000001cefeec8140 Thread exited: 0x000001cefeec8140
Event: 208697.251 Thread 0x000001cefeec3fa0 Thread exited: 0x000001cefeec3fa0
Event: 208757.256 Thread 0x000001cefb2abe30 Thread exited: 0x000001cefb2abe30
Event: 243755.320 Thread 0x000001cefda719c0 Thread exited: 0x000001cefda719c0
Event: 243815.341 Thread 0x000001cefb2a68e0 Thread exited: 0x000001cefb2a68e0


Dynamic libraries:
0x00007ff60fc60000 - 0x00007ff60fc6e000 	c:\Users\chief\.vscode\extensions\redhat.java-1.51.0-win32-x64\jre\21.0.9-win32-x86_64\bin\java.exe
0x00007ffcbae00000 - 0x00007ffcbb067000 	C:\WINDOWS\SYSTEM32\ntdll.dll
0x00007ffcb97b0000 - 0x00007ffcb9879000 	C:\WINDOWS\System32\KERNEL32.DLL
0x00007ffcb8000000 - 0x00007ffcb83ef000 	C:\WINDOWS\System32\KERNELBASE.dll
0x00007ffcb8a50000 - 0x00007ffcb8b9b000 	C:\WINDOWS\System32\ucrtbase.dll
0x00007ffc8a580000 - 0x00007ffc8a598000 	c:\Users\chief\.vscode\extensions\redhat.java-1.51.0-win32-x64\jre\21.0.9-win32-x86_64\bin\jli.dll
0x00007ffc507e0000 - 0x00007ffc507fe000 	c:\Users\chief\.vscode\extensions\redhat.java-1.51.0-win32-x64\jre\21.0.9-win32-x86_64\bin\VCRUNTIME140.dll
0x00007ffcbabf0000 - 0x00007ffcbadb5000 	C:\WINDOWS\System32\USER32.dll
0x00007ffcb8860000 - 0x00007ffcb8887000 	C:\WINDOWS\System32\win32u.dll
0x00007ffcb7150000 - 0x00007ffcb73e3000 	C:\WINDOWS\WinSxS\amd64_microsoft.windows.common-controls_6595b64144ccf1df_6.0.26100.7309_none_3e05feeae336a044\COMCTL32.dll
0x00007ffcb9990000 - 0x00007ffcb99bb000 	C:\WINDOWS\System32\GDI32.dll
0x00007ffcb99f0000 - 0x00007ffcb9a99000 	C:\WINDOWS\System32\msvcrt.dll
0x00007ffcb8890000 - 0x00007ffcb89bc000 	C:\WINDOWS\System32\gdi32full.dll
0x00007ffcb7f50000 - 0x00007ffcb7ff3000 	C:\WINDOWS\System32\msvcp_win.dll
0x00007ffcba780000 - 0x00007ffcba7b1000 	C:\WINDOWS\System32\IMM32.DLL
0x00007ffca6390000 - 0x00007ffca639c000 	c:\Users\chief\.vscode\extensions\redhat.java-1.51.0-win32-x64\jre\21.0.9-win32-x86_64\bin\vcruntime140_1.dll
0x00007ffc0ae50000 - 0x00007ffc0aedd000 	c:\Users\chief\.vscode\extensions\redhat.java-1.51.0-win32-x64\jre\21.0.9-win32-x86_64\bin\msvcp140.dll
0x00007ffbd7d10000 - 0x00007ffbd8ab0000 	c:\Users\chief\.vscode\extensions\redhat.java-1.51.0-win32-x64\jre\21.0.9-win32-x86_64\bin\server\jvm.dll
0x00007ffcba880000 - 0x00007ffcba934000 	C:\WINDOWS\System32\ADVAPI32.dll
0x00007ffcb9aa0000 - 0x00007ffcb9b46000 	C:\WINDOWS\System32\sechost.dll
0x00007ffcb9620000 - 0x00007ffcb9738000 	C:\WINDOWS\System32\RPCRT4.dll
0x00007ffcb9910000 - 0x00007ffcb9984000 	C:\WINDOWS\System32\WS2_32.dll
0x00007ffcb7db0000 - 0x00007ffcb7e0e000 	C:\WINDOWS\SYSTEM32\POWRPROF.dll
0x00007ffcac250000 - 0x00007ffcac25b000 	C:\WINDOWS\SYSTEM32\VERSION.dll
0x00007ffc9dc40000 - 0x00007ffc9dc75000 	C:\WINDOWS\SYSTEM32\WINMM.dll
0x00007ffcb7d90000 - 0x00007ffcb7da4000 	C:\WINDOWS\SYSTEM32\UMPDC.dll
0x00007ffcb6390000 - 0x00007ffcb63ab000 	C:\WINDOWS\SYSTEM32\kernel.appcore.dll
0x00007ffc0ae40000 - 0x00007ffc0ae4a000 	c:\Users\chief\.vscode\extensions\redhat.java-1.51.0-win32-x64\jre\21.0.9-win32-x86_64\bin\jimage.dll
0x00007ffcb7720000 - 0x00007ffcb7962000 	C:\WINDOWS\SYSTEM32\DBGHELP.DLL
0x00007ffcb9b50000 - 0x00007ffcb9ed6000 	C:\WINDOWS\System32\combase.dll
0x00007ffcb9f40000 - 0x00007ffcba016000 	C:\WINDOWS\System32\OLEAUT32.dll
0x00007ffcb75f0000 - 0x00007ffcb762c000 	C:\WINDOWS\SYSTEM32\dbgcore.DLL
0x00007ffcb87b0000 - 0x00007ffcb8855000 	C:\WINDOWS\System32\bcryptPrimitives.dll
0x00007ffbe5840000 - 0x00007ffbe584f000 	c:\Users\chief\.vscode\extensions\redhat.java-1.51.0-win32-x64\jre\21.0.9-win32-x86_64\bin\instrument.dll
0x00007ffbe2430000 - 0x00007ffbe2450000 	c:\Users\chief\.vscode\extensions\redhat.java-1.51.0-win32-x64\jre\21.0.9-win32-x86_64\bin\java.dll
0x00007ffcba020000 - 0x00007ffcba773000 	C:\WINDOWS\System32\SHELL32.dll
0x00007ffcb8400000 - 0x00007ffcb856a000 	C:\WINDOWS\System32\wintypes.dll
0x00007ffcb50c0000 - 0x00007ffcb591e000 	C:\WINDOWS\SYSTEM32\windows.storage.dll
0x00007ffcb8c30000 - 0x00007ffcb8d25000 	C:\WINDOWS\System32\SHCORE.dll
0x00007ffcb98a0000 - 0x00007ffcb9906000 	C:\WINDOWS\System32\shlwapi.dll
0x00007ffcb7e70000 - 0x00007ffcb7e99000 	C:\WINDOWS\SYSTEM32\profapi.dll
0x00007ffbdbd20000 - 0x00007ffbdbd38000 	c:\Users\chief\.vscode\extensions\redhat.java-1.51.0-win32-x64\jre\21.0.9-win32-x86_64\bin\zip.dll
0x00007ffbdc170000 - 0x00007ffbdc180000 	C:\Users\chief\.vscode\extensions\redhat.java-1.51.0-win32-x64\jre\21.0.9-win32-x86_64\bin\net.dll
0x00007ffcae730000 - 0x00007ffcae858000 	C:\WINDOWS\SYSTEM32\WINHTTP.dll
0x00007ffcb68a0000 - 0x00007ffcb690b000 	C:\WINDOWS\system32\mswsock.dll
0x00007ffbdc150000 - 0x00007ffbdc166000 	C:\Users\chief\.vscode\extensions\redhat.java-1.51.0-win32-x64\jre\21.0.9-win32-x86_64\bin\nio.dll
0x00007ffbdc140000 - 0x00007ffbdc150000 	c:\Users\chief\.vscode\extensions\redhat.java-1.51.0-win32-x64\jre\21.0.9-win32-x86_64\bin\verify.dll
0x00007ffbda9e0000 - 0x00007ffbdaa24000 	C:\Users\chief\AppData\Roaming\Code\User\globalStorage\redhat.java\1.51.0\config_win\org.eclipse.equinox.launcher\org.eclipse.equinox.launcher.win32.win32.x86_64_1.2.1400.v20250801-0854\eclipse_11916.dll
0x00007ffcba950000 - 0x00007ffcbaae7000 	C:\WINDOWS\System32\ole32.dll
0x00007ffcb7a70000 - 0x00007ffcb7a8b000 	C:\WINDOWS\SYSTEM32\CRYPTSP.dll
0x00007ffcb6b90000 - 0x00007ffcb6bca000 	C:\WINDOWS\system32\rsaenh.dll
0x00007ffcb6910000 - 0x00007ffcb693b000 	C:\WINDOWS\SYSTEM32\USERENV.dll
0x00007ffcb7e40000 - 0x00007ffcb7e6a000 	C:\WINDOWS\SYSTEM32\bcrypt.dll
0x00007ffcb6b60000 - 0x00007ffcb6b6c000 	C:\WINDOWS\SYSTEM32\CRYPTBASE.dll
0x00007ffcb5e10000 - 0x00007ffcb5e44000 	C:\WINDOWS\SYSTEM32\IPHLPAPI.DLL
0x00007ffcb8ba0000 - 0x00007ffcb8baa000 	C:\WINDOWS\System32\NSI.dll
0x00007ffbd10d0000 - 0x00007ffbd1119000 	C:\Users\chief\AppData\Local\Temp\jna-94630981\jna4963966532571386683.dll
0x00007ffcb9740000 - 0x00007ffcb9748000 	C:\WINDOWS\System32\PSAPI.DLL
0x00007ffcae520000 - 0x00007ffcae53e000 	C:\WINDOWS\SYSTEM32\dhcpcsvc6.DLL
0x00007ffcae4f0000 - 0x00007ffcae513000 	C:\WINDOWS\SYSTEM32\dhcpcsvc.DLL
0x00007ffcaf720000 - 0x00007ffcaf72e000 	C:\Users\chief\.vscode\extensions\redhat.java-1.51.0-win32-x64\jre\21.0.9-win32-x86_64\bin\sunmscapi.dll
0x00007ffcb8630000 - 0x00007ffcb87a7000 	C:\WINDOWS\System32\CRYPT32.dll
0x00007ffcb6f50000 - 0x00007ffcb6f80000 	C:\WINDOWS\SYSTEM32\ncrypt.dll
0x00007ffcb6f00000 - 0x00007ffcb6f3f000 	C:\WINDOWS\SYSTEM32\NTASN1.dll
0x00007ffcb5e50000 - 0x00007ffcb5f7c000 	C:\WINDOWS\SYSTEM32\DNSAPI.dll
0x00007ffcaf960000 - 0x00007ffcaf96b000 	C:\Windows\System32\rasadhlp.dll
0x00007ffcac670000 - 0x00007ffcac6f6000 	C:\WINDOWS\System32\fwpuclnt.dll
0x00007ffc73c20000 - 0x00007ffc73c29000 	C:\Users\chief\.vscode\extensions\redhat.java-1.51.0-win32-x64\jre\21.0.9-win32-x86_64\bin\extnet.dll
0x00007ffcb76c0000 - 0x00007ffcb76f6000 	C:\WINDOWS\SYSTEM32\ntmarta.dll

JVMTI agents:
c:\Users\chief\.vscode\extensions\redhat.java-1.51.0-win32-x64\lombok\lombok-1.18.39-4050.jar path:c:\Users\chief\.vscode\extensions\redhat.java-1.51.0-win32-x64\jre\21.0.9-win32-x86_64\bin\instrument.dll, loaded, initialized, instrumentlib options:none

dbghelp: loaded successfully - version: 4.0.5 - missing functions: none
symbol engine: initialized successfully - sym options: 0x614 - pdb path: .;c:\Users\chief\.vscode\extensions\redhat.java-1.51.0-win32-x64\jre\21.0.9-win32-x86_64\bin;C:\WINDOWS\SYSTEM32;C:\WINDOWS\WinSxS\amd64_microsoft.windows.common-controls_6595b64144ccf1df_6.0.26100.7309_none_3e05feeae336a044;c:\Users\chief\.vscode\extensions\redhat.java-1.51.0-win32-x64\jre\21.0.9-win32-x86_64\bin\server;C:\Users\chief\AppData\Roaming\Code\User\globalStorage\redhat.java\1.51.0\config_win\org.eclipse.equinox.launcher\org.eclipse.equinox.launcher.win32.win32.x86_64_1.2.1400.v20250801-0854;C:\Users\chief\AppData\Local\Temp\jna-94630981

VM Arguments:
jvm_args: --add-modules=ALL-SYSTEM --add-opens=java.base/java.util=ALL-UNNAMED --add-opens=java.base/java.lang=ALL-UNNAMED --add-opens=java.base/sun.nio.fs=ALL-UNNAMED -Declipse.application=org.eclipse.jdt.ls.core.id1 -Dosgi.bundles.defaultStartLevel=4 -Declipse.product=org.eclipse.jdt.ls.core.product -Djava.import.generatesMetadataFilesAtProjectRoot=false -DDetectVMInstallationsJob.disabled=true -Dfile.encoding=utf8 -XX:+UseParallelGC -XX:GCTimeRatio=4 -XX:AdaptiveSizePolicyWeight=90 -Dsun.zip.disableMemoryMapping=true -Xmx2G -Xms100m -Xlog:disable -javaagent:c:\Users\chief\.vscode\extensions\redhat.java-1.51.0-win32-x64\lombok\lombok-1.18.39-4050.jar -XX:+HeapDumpOnOutOfMemoryError -XX:HeapDumpPath=c:\Users\chief\AppData\Roaming\Code\User\workspaceStorage\7edd855c5745efe6cb82c3d65ead820d\redhat.java -Daether.dependencyCollector.impl=bf 
java_command: c:\Users\chief\.vscode\extensions\redhat.java-1.51.0-win32-x64\server\plugins\org.eclipse.equinox.launcher_1.7.100.v20251111-0406.jar -configuration c:\Users\chief\AppData\Roaming\Code\User\globalStorage\redhat.java\1.51.0\config_win -data c:\Users\chief\AppData\Roaming\Code\User\workspaceStorage\7edd855c5745efe6cb82c3d65ead820d\redhat.java\jdt_ws --pipe=\\.\pipe\lsp-90454bc35dc20d402817a938d17f09c6-sock
java_class_path (initial): c:\Users\chief\.vscode\extensions\redhat.java-1.51.0-win32-x64\server\plugins\org.eclipse.equinox.launcher_1.7.100.v20251111-0406.jar
Launcher Type: SUN_STANDARD

[Global flags]
    uintx AdaptiveSizePolicyWeight                 = 90                                        {product} {command line}
     intx CICompilerCount                          = 12                                        {product} {ergonomic}
    uintx GCTimeRatio                              = 4                                         {product} {command line}
     bool HeapDumpOnOutOfMemoryError               = true                                   {manageable} {command line}
    ccstr HeapDumpPath                             = c:\Users\chief\AppData\Roaming\Code\User\workspaceStorage\7edd855c5745efe6cb82c3d65ead820d\redhat.java         {manageable} {command line}
   size_t InitialHeapSize                          = 104857600                                 {product} {command line}
   size_t MaxHeapSize                              = 2147483648                                {product} {command line}
   size_t MaxNewSize                               = 715653120                                 {product} {ergonomic}
   size_t MinHeapDeltaBytes                        = 524288                                    {product} {ergonomic}
   size_t MinHeapSize                              = 104857600                                 {product} {command line}
   size_t NewSize                                  = 34603008                                  {product} {ergonomic}
    uintx NonNMethodCodeHeapSize                   = 7602480                                {pd product} {ergonomic}
    uintx NonProfiledCodeHeapSize                  = 122027880                              {pd product} {ergonomic}
   size_t OldSize                                  = 70254592                                  {product} {ergonomic}
    uintx ProfiledCodeHeapSize                     = 122027880                              {pd product} {ergonomic}
    uintx ReservedCodeCacheSize                    = 251658240                              {pd product} {ergonomic}
     bool SegmentedCodeCache                       = true                                      {product} {ergonomic}
   size_t SoftMaxHeapSize                          = 2147483648                             {manageable} {ergonomic}
     bool UseCompressedOops                        = true                           {product lp64_product} {ergonomic}
     bool UseLargePagesIndividualAllocation        = false                                  {pd product} {ergonomic}
     bool UseParallelGC                            = true                                      {product} {command line}

Logging:
Log output configuration:
 #0: stdout all=off uptime,level,tags foldmultilines=false
 #1: stderr all=off uptime,level,tags foldmultilines=false

Release file:
JAVA_VERSION="21.0.9" 
MODULES="java.base java.compiler java.datatransfer java.xml java.prefs java.desktop java.instrument java.logging java.management java.security.sasl java.naming java.rmi java.management.rmi java.net.http java.scripting java.security.jgss java.transaction.xa java.sql java.sql.rowset java.xml.crypto java.se java.smartcardio jdk.accessibility jdk.internal.jvmstat jdk.attach jdk.charsets jdk.internal.opt jdk.zipfs jdk.compiler jdk.crypto.ec jdk.crypto.cryptoki jdk.crypto.mscapi jdk.dynalink jdk.internal.ed jdk.editpad jdk.hotspot.agent jdk.httpserver jdk.internal.le jdk.internal.vm.ci jdk.internal.vm.compiler jdk.internal.vm.compiler.management jdk.jartool jdk.javadoc jdk.jcmd jdk.management jdk.management.agent jdk.jconsole jdk.jdeps jdk.jdwp.agent jdk.jdi jdk.jfr jdk.jshell jdk.jsobject jdk.jstatd jdk.localedata jdk.management.jfr jdk.naming.dns jdk.naming.rmi jdk.net jdk.nio.mapmode jdk.random jdk.sctp jdk.security.auth jdk.security.jgss jdk.unsupported jdk.unsupported.desktop jdk.xml.dom" 

Environment Variables:
JAVA_HOME=C:\Program Files\Java\jdk-23
PATH=C:\Program Files\Java\jdk-23\bin;C:\Program Files (x86)\Common Files\Intel\Shared Libraries\redist\intel64_win\compiler;C:\Program Files\Common Files\Oracle\Java\javapath;C:\WINDOWS\system32;C:\WINDOWS;C:\WINDOWS\System32\Wbem;C:\WINDOWS\System32\WindowsPowerShell\v1.0\;C:\WINDOWS\System32\OpenSSH\;C:\Users\chief\AppData\Roaming\nvm;C:\Program Files\nodejs;C:\Program Files\apache-maven-3.9.6\bin;C:\apache-maven-3.9.6\bin;C:\maven\apache-maven-3.9.6\bin;C:\Program Files\Java\jdk-23\bin;C:\maven\apache-maven-3.9.6\bin;C:\ProgramData\chocolatey\bin;C:\Program Files\nodejs;C:\Program Files\Git\cmd;C:\Program Files\nodejs\;C:\poppler\poppler-24.08.0\Library\bin;C:\Program Files\Tesseract-OCR;C:\Program Files\JetBrains\IntelliJ IDEA 2023.3.4\bin;C:\Program Files\Java\jdk-23;C:\Users\chief\AppData\Local\Programs\Python\Python313\Scripts\;C:\Users\chief\AppData\Local\Programs\P;C:\Program Files\PostgreSQL\17\bin;C:\Users\chief\AppData\Local\JetBrains\IntelliJ IDEA 2024.3.2.1\bin;;C:\Program Files\Docker\Docker\resources\bin;C:\Users\chief\AppData\Local\Programs\Python\Python313\Scripts\;C:\Users\chief\AppData\Local\Programs\Python\Python313\;C:\Users\chief\AppData\Local\Programs\Python\Launcher\;C:\Users\chief\AppData\Local\Microsoft\WindowsApps;C:\Users\chief\AppData\Local\Programs\Microsoft VS Code\bin;C:\Program Files\JetBrains\IntelliJ IDEA 2023.3.4\bin;;C:\Users\chief\AppData\Roaming\nvm;C:\Program Files\nodejs;C:\apache-maven-3.9.6\bin;C:\Program Files\Git\bin;C:\Program Files\flutter\bin;C:\flutter\bin;C:\Git\cmd;C:\Program Files\Git\cmd;C:\Program Files\Java\jdk-21\bin;C:\Users\chief\AppData\Roaming\npm;C:\Program Files\Java\jdk-23\bin;C:\Users\chief\.local\bin;C:\Program Files\Docker\Docker\resources\bin;
USERNAME=chief
OS=Windows_NT
PROCESSOR_IDENTIFIER=Intel64 Family 6 Model 141 Stepping 1, GenuineIntel
TMP=C:\Users\chief\AppData\Local\Temp
TEMP=C:\Users\chief\AppData\Local\Temp




Periodic native trim disabled

---------------  S Y S T E M  ---------------

OS:
 Windows 11 , 64 bit Build 26100 (10.0.26100.7623)
OS uptime: 2 days 19:46 hours
Hyper-V role detected

CPU: total 16 (initial active 16) (8 cores per cpu, 2 threads per core) family 6 model 141 stepping 1 microcode 0x3c, cx8, cmov, fxsr, ht, mmx, 3dnowpref, sse, sse2, sse3, ssse3, sse4.1, sse4.2, popcnt, lzcnt, tsc, tscinvbit, avx, avx2, aes, erms, clmul, bmi1, bmi2, adx, avx512f, avx512dq, avx512cd, avx512bw, avx512vl, sha, fma, vzeroupper, avx512_vpopcntdq, avx512_vpclmulqdq, avx512_vaes, avx512_vnni, clflush, clflushopt, clwb, avx512_vbmi2, avx512_vbmi, hv, rdtscp, rdpid, fsrm, gfni, avx512_bitalg, f16c, cet_ibt, cet_ss, avx512_ifma
Processor Information for the first 16 processors :
  Max Mhz: 2304, Current Mhz: 2304, Mhz Limit: 2304

Memory: 4k page, system-wide physical 16163M (472M free)
TotalPageFile size 61770M (AvailPageFile size 0M)
current process WorkingSet (physical memory assigned to process): 9M, peak: 1725M
current process commit charge ("private bytes"): 1746M, peak: 1871M

vm_info: OpenJDK 64-Bit Server VM (21.0.9+10-LTS) for windows-amd64 JRE (21.0.9+10-LTS), built on 2025-10-21T00:00:00Z by "admin" with unknown MS VC++:1942

END.
