#
# There is insufficient memory for the Java Runtime Environment to continue.
# Native memory allocation (malloc) failed to allocate 1048576 bytes. Error detail: AllocateHeap
# Possible reasons:
#   The system is out of physical RAM or swap space
#   This process is running with CompressedOops enabled, and the Java Heap may be blocking the growth of the native heap
# Possible solutions:
#   Reduce memory load on the system
#   Increase physical memory or swap space
#   Check if swap backing store is full
#   Decrease Java heap size (-Xmx/-Xms)
#   Decrease number of Java threads
#   Decrease Java thread stack sizes (-Xss)
#   Set larger code cache with -XX:ReservedCodeCacheSize=
#   JVM is running with Unscaled Compressed Oops mode in which the Java heap is
#     placed in the first 4GB address space. The Java Heap base address is the
#     maximum limit for the native heap growth. Please use -XX:HeapBaseMinAddress
#     to set the Java Heap base and to place the Java Heap above 4GB virtual address.
# This output file may be truncated or incomplete.
#
#  Out of Memory Error (allocation.cpp:44), pid=14332, tid=58868
#
# JRE version: OpenJDK Runtime Environment Temurin-21.0.9+10 (21.0.9+10) (build 21.0.9+10-LTS)
# Java VM: OpenJDK 64-Bit Server VM Temurin-21.0.9+10 (21.0.9+10-LTS, mixed mode, sharing, tiered, compressed oops, compressed class ptrs, parallel gc, windows-amd64)
# No core dump will be written. Minidumps are not enabled by default on client versions of Windows
#

---------------  S U M M A R Y ------------

Command Line: --add-modules=ALL-SYSTEM --add-opens=java.base/java.util=ALL-UNNAMED --add-opens=java.base/java.lang=ALL-UNNAMED --add-opens=java.base/sun.nio.fs=ALL-UNNAMED -Declipse.application=org.eclipse.jdt.ls.core.id1 -Dosgi.bundles.defaultStartLevel=4 -Declipse.product=org.eclipse.jdt.ls.core.product -Djava.import.generatesMetadataFilesAtProjectRoot=false -DDetectVMInstallationsJob.disabled=true -Dfile.encoding=utf8 -XX:+UseParallelGC -XX:GCTimeRatio=4 -XX:AdaptiveSizePolicyWeight=90 -Dsun.zip.disableMemoryMapping=true -Xmx2G -Xms100m -Xlog:disable -javaagent:c:\Users\chief\.vscode\extensions\redhat.java-1.51.0-win32-x64\lombok\lombok-1.18.39-4050.jar -XX:+HeapDumpOnOutOfMemoryError -XX:HeapDumpPath=c:\Users\chief\AppData\Roaming\Code\User\workspaceStorage\7edd855c5745efe6cb82c3d65ead820d\redhat.java -Daether.dependencyCollector.impl=bf c:\Users\chief\.vscode\extensions\redhat.java-1.51.0-win32-x64\server\plugins\org.eclipse.equinox.launcher_1.7.100.v20251111-0406.jar -configuration c:\Users\chief\AppData\Roaming\Code\User\globalStorage\redhat.java\1.51.0\config_win -data c:\Users\chief\AppData\Roaming\Code\User\workspaceStorage\7edd855c5745efe6cb82c3d65ead820d\redhat.java\jdt_ws --pipe=\\.\pipe\lsp-3679bb2f9c7cf30df2180ada2e31aeca-sock

Host: 11th Gen Intel(R) Core(TM) i7-11800H @ 2.30GHz, 16 cores, 15G,  Windows 11 , 64 bit Build 26100 (10.0.26100.7623)
Time: Wed Jan 21 12:34:20 2026 E. Africa Standard Time elapsed time: 84494.141030 seconds (0d 23h 28m 14s)

---------------  T H R E A D  ---------------

Current thread (0x000001af0a5089c0):  JavaThread "Attach Listener" daemon [_thread_in_vm, id=58868, stack(0x0000006298e00000,0x0000006298f00000) (1024K)]

Stack: [0x0000006298e00000,0x0000006298f00000]
Native frames: (J=compiled Java code, j=interpreted, Vv=VM code, C=native code)
V  [jvm.dll+0x6d6e29]
V  [jvm.dll+0x8b4b76]
V  [jvm.dll+0x8b712e]
V  [jvm.dll+0x8b7813]
V  [jvm.dll+0x283d86]
V  [jvm.dll+0xc1277]
V  [jvm.dll+0x6d76d9]
V  [jvm.dll+0x133466]
V  [jvm.dll+0x3f7ea6]
V  [jvm.dll+0x85e9ad]
V  [jvm.dll+0x6d565d]
C  [ucrtbase.dll+0x37b0]
C  [KERNEL32.DLL+0x2e8d7]
C  [ntdll.dll+0x8c53c]


---------------  P R O C E S S  ---------------

Threads class SMR info:
_java_thread_list=0x000001af6c021be0, length=48, elements={
0x000001af081219e0, 0x000001af0a40ce00, 0x000001af0a504ac0, 0x000001af0a50aa90,
0x000001af0a5089c0, 0x000001af0a509050, 0x000001af0a50a400, 0x000001af632b00e0,
0x000001af632b1fb0, 0x000001af0a50be40, 0x000001af0a50b120, 0x000001af0a509d70,
0x000001af0a5096e0, 0x000001af698c18a0, 0x000001af698bf140, 0x000001af698beab0,
0x000001af698bfe60, 0x000001af698c25c0, 0x000001af698c1f30, 0x000001af698c04f0,
0x000001af698c32e0, 0x000001af698c60d0, 0x000001af698c4d20, 0x000001af698c4000,
0x000001af698c4690, 0x000001af698c53b0, 0x000001af698c5a40, 0x000001af6d1060e0,
0x000001af6d107490, 0x000001af6d106770, 0x000001af6d107b20, 0x000001af6d108ed0,
0x000001af6d109560, 0x000001af6d1081b0, 0x000001af6d109bf0, 0x000001af6d10a280,
0x000001af6d106e00, 0x000001af6d10a910, 0x000001af6d10d700, 0x000001af6d10c9e0,
0x000001af6bb153d0, 0x000001af6c01c7a0, 0x000001af6c01a040, 0x000001af6c019320,
0x000001af6c01e870, 0x000001af6a3ab140, 0x000001af6a3ac4f0, 0x000001af6d5cf5f0
}

Java Threads: ( => current thread )
  0x000001af081219e0 JavaThread "main"                              [_thread_blocked, id=97416, stack(0x0000006298700000,0x0000006298800000) (1024K)]
  0x000001af0a40ce00 JavaThread "Reference Handler"          daemon [_thread_blocked, id=120676, stack(0x0000006298b00000,0x0000006298c00000) (1024K)]
  0x000001af0a504ac0 JavaThread "Finalizer"                  daemon [_thread_blocked, id=95876, stack(0x0000006298c00000,0x0000006298d00000) (1024K)]
  0x000001af0a50aa90 JavaThread "Signal Dispatcher"          daemon [_thread_blocked, id=95164, stack(0x0000006298d00000,0x0000006298e00000) (1024K)]
=>0x000001af0a5089c0 JavaThread "Attach Listener"            daemon [_thread_in_vm, id=58868, stack(0x0000006298e00000,0x0000006298f00000) (1024K)]
  0x000001af0a509050 JavaThread "Service Thread"             daemon [_thread_blocked, id=7532, stack(0x0000006298f00000,0x0000006299000000) (1024K)]
  0x000001af0a50a400 JavaThread "Monitor Deflation Thread"   daemon [_thread_blocked, id=96512, stack(0x0000006299000000,0x0000006299100000) (1024K)]
  0x000001af632b00e0 JavaThread "C2 CompilerThread0"         daemon [_thread_blocked, id=50968, stack(0x0000006299100000,0x0000006299200000) (1024K)]
  0x000001af632b1fb0 JavaThread "C1 CompilerThread0"         daemon [_thread_blocked, id=83600, stack(0x0000006299200000,0x0000006299300000) (1024K)]
  0x000001af0a50be40 JavaThread "Common-Cleaner"             daemon [_thread_blocked, id=68548, stack(0x0000006299600000,0x0000006299700000) (1024K)]
  0x000001af0a50b120 JavaThread "Notification Thread"        daemon [_thread_blocked, id=129424, stack(0x0000006299900000,0x0000006299a00000) (1024K)]
  0x000001af0a509d70 JavaThread "Active Thread: Equinox Container: bf1a56ee-aad1-41f0-8732-e35bc2aba00b"        [_thread_blocked, id=107796, stack(0x000000629a100000,0x000000629a200000) (1024K)]
  0x000001af0a5096e0 JavaThread "Refresh Thread: Equinox Container: bf1a56ee-aad1-41f0-8732-e35bc2aba00b" daemon [_thread_blocked, id=116808, stack(0x000000629a300000,0x000000629a400000) (1024K)]
  0x000001af698c18a0 JavaThread "Framework Event Dispatcher: Equinox Container: bf1a56ee-aad1-41f0-8732-e35bc2aba00b" daemon [_thread_blocked, id=47792, stack(0x000000629a400000,0x000000629a500000) (1024K)]
  0x000001af698bf140 JavaThread "Start Level: Equinox Container: bf1a56ee-aad1-41f0-8732-e35bc2aba00b" daemon [_thread_blocked, id=122196, stack(0x000000629a500000,0x000000629a600000) (1024K)]
  0x000001af698beab0 JavaThread "Bundle File Closer"         daemon [_thread_blocked, id=28592, stack(0x000000629a900000,0x000000629aa00000) (1024K)]
  0x000001af698bfe60 JavaThread "SCR Component Actor"        daemon [_thread_blocked, id=100524, stack(0x000000629aa00000,0x000000629ab00000) (1024K)]
  0x000001af698c25c0 JavaThread "Worker-JM"                         [_thread_blocked, id=97580, stack(0x000000629ab00000,0x000000629ac00000) (1024K)]
  0x000001af698c1f30 JavaThread "Java indexing"              daemon [_thread_blocked, id=76888, stack(0x000000629b000000,0x000000629b100000) (1024K)]
  0x000001af698c04f0 JavaThread "JNA Cleaner"                daemon [_thread_blocked, id=123504, stack(0x000000629b100000,0x000000629b200000) (1024K)]
  0x000001af698c32e0 JavaThread "Thread-1"                   daemon [_thread_in_native, id=28848, stack(0x000000629b700000,0x000000629b800000) (1024K)]
  0x000001af698c60d0 JavaThread "Thread-2"                   daemon [_thread_in_native, id=11252, stack(0x000000629b800000,0x000000629b900000) (1024K)]
  0x000001af698c4d20 JavaThread "Thread-3"                   daemon [_thread_in_native, id=103196, stack(0x000000629b900000,0x000000629ba00000) (1024K)]
  0x000001af698c4000 JavaThread "Thread-4"                   daemon [_thread_in_native, id=56980, stack(0x000000629ba00000,0x000000629bb00000) (1024K)]
  0x000001af698c4690 JavaThread "Thread-5"                   daemon [_thread_in_native, id=130256, stack(0x000000629bb00000,0x000000629bc00000) (1024K)]
  0x000001af698c53b0 JavaThread "Thread-6"                   daemon [_thread_in_native, id=44952, stack(0x000000629bc00000,0x000000629bd00000) (1024K)]
  0x000001af698c5a40 JavaThread "Thread-7"                   daemon [_thread_in_native, id=65680, stack(0x000000629bd00000,0x000000629be00000) (1024K)]
  0x000001af6d1060e0 JavaThread "Thread-8"                   daemon [_thread_in_native, id=119476, stack(0x000000629be00000,0x000000629bf00000) (1024K)]
  0x000001af6d107490 JavaThread "Thread-9"                   daemon [_thread_in_native, id=55632, stack(0x000000629bf00000,0x000000629c000000) (1024K)]
  0x000001af6d106770 JavaThread "Thread-10"                  daemon [_thread_in_native, id=38940, stack(0x000000629c000000,0x000000629c100000) (1024K)]
  0x000001af6d107b20 JavaThread "Thread-11"                  daemon [_thread_in_native, id=40856, stack(0x000000629c100000,0x000000629c200000) (1024K)]
  0x000001af6d108ed0 JavaThread "Thread-12"                  daemon [_thread_in_native, id=93636, stack(0x000000629c200000,0x000000629c300000) (1024K)]
  0x000001af6d109560 JavaThread "Thread-13"                  daemon [_thread_in_native, id=56040, stack(0x000000629c300000,0x000000629c400000) (1024K)]
  0x000001af6d1081b0 JavaThread "Thread-14"                  daemon [_thread_in_native, id=87836, stack(0x000000629c400000,0x000000629c500000) (1024K)]
  0x000001af6d109bf0 JavaThread "Thread-15"                  daemon [_thread_in_native, id=41828, stack(0x000000629c500000,0x000000629c600000) (1024K)]
  0x000001af6d10a280 JavaThread "Thread-16"                  daemon [_thread_in_native, id=118556, stack(0x000000629c600000,0x000000629c700000) (1024K)]
  0x000001af6d106e00 JavaThread "Thread-17"                  daemon [_thread_in_native, id=47032, stack(0x000000629c700000,0x000000629c800000) (1024K)]
  0x000001af6d10a910 JavaThread "pool-2-thread-1"                   [_thread_blocked, id=130940, stack(0x000000629c800000,0x000000629c900000) (1024K)]
  0x000001af6d10d700 JavaThread "WorkspaceEventsHandler"            [_thread_blocked, id=36048, stack(0x000000629ce00000,0x000000629cf00000) (1024K)]
  0x000001af6d10c9e0 JavaThread "pool-1-thread-1"                   [_thread_blocked, id=67764, stack(0x000000629cf00000,0x000000629d000000) (1024K)]
  0x000001af6bb153d0 JavaThread "Cleaner-0"                  daemon [_thread_blocked, id=90608, stack(0x000000629b400000,0x000000629b500000) (1024K)]
  0x000001af6c01c7a0 JavaThread "ForkJoinPool.commonPool-worker-125" daemon [_thread_blocked, id=36684, stack(0x0000006299400000,0x0000006299500000) (1024K)]
  0x000001af6c01a040 JavaThread "ForkJoinPool.commonPool-worker-127" daemon [_thread_blocked, id=113304, stack(0x0000006299800000,0x0000006299900000) (1024K)]
  0x000001af6c019320 JavaThread "ForkJoinPool.commonPool-worker-128" daemon [_thread_blocked, id=78576, stack(0x000000629a000000,0x000000629a100000) (1024K)]
  0x000001af6c01e870 JavaThread "Worker-137"                        [_thread_blocked, id=7880, stack(0x000000629b300000,0x000000629b400000) (1024K)]
  0x000001af6a3ab140 JavaThread "ForkJoinPool.commonPool-worker-136" daemon [_thread_blocked, id=112272, stack(0x000000629cc00000,0x000000629cd00000) (1024K)]
  0x000001af6a3ac4f0 JavaThread "ForkJoinPool.commonPool-worker-138" daemon [_thread_blocked, id=87492, stack(0x000000629d100000,0x000000629d200000) (1024K)]
  0x000001af6d5cf5f0 JavaThread "Worker-139"                        [_thread_blocked, id=2772, stack(0x0000006298500000,0x0000006298600000) (1024K)]
Total: 48

Other Threads:
  0x000001af0a3f1470 VMThread "VM Thread"                           [id=44168, stack(0x0000006298a00000,0x0000006298b00000) (1024K)]
  0x000001af0a4d1910 WatcherThread "VM Periodic Task Thread"        [id=92936, stack(0x0000006298900000,0x0000006298a00000) (1024K)]
  0x000001af0a4809c0 WorkerThread "GC Thread#0"                     [id=113172, stack(0x0000006298800000,0x0000006298900000) (1024K)]
  0x000001af69757950 WorkerThread "GC Thread#1"                     [id=126432, stack(0x0000006299a00000,0x0000006299b00000) (1024K)]
  0x000001af69757cf0 WorkerThread "GC Thread#2"                     [id=129052, stack(0x0000006299b00000,0x0000006299c00000) (1024K)]
  0x000001af696c5a30 WorkerThread "GC Thread#3"                     [id=77464, stack(0x0000006299c00000,0x0000006299d00000) (1024K)]
  0x000001af693c9cd0 WorkerThread "GC Thread#4"                     [id=115476, stack(0x0000006299d00000,0x0000006299e00000) (1024K)]
  0x000001af693ca070 WorkerThread "GC Thread#5"                     [id=47520, stack(0x0000006299e00000,0x0000006299f00000) (1024K)]
  0x000001af693cac20 WorkerThread "GC Thread#6"                     [id=107208, stack(0x0000006299f00000,0x000000629a000000) (1024K)]
  0x000001af699752c0 WorkerThread "GC Thread#7"                     [id=36256, stack(0x000000629a200000,0x000000629a300000) (1024K)]
  0x000001af697ec9c0 WorkerThread "GC Thread#8"                     [id=62568, stack(0x000000629a600000,0x000000629a700000) (1024K)]
  0x000001af697ec620 WorkerThread "GC Thread#9"                     [id=113248, stack(0x000000629a700000,0x000000629a800000) (1024K)]
  0x000001af697ecd60 WorkerThread "GC Thread#10"                    [id=85864, stack(0x000000629a800000,0x000000629a900000) (1024K)]
  0x000001af697ed100 WorkerThread "GC Thread#11"                    [id=20484, stack(0x000000629ac00000,0x000000629ad00000) (1024K)]
  0x000001af697ed4a0 WorkerThread "GC Thread#12"                    [id=132800, stack(0x000000629ad00000,0x000000629ae00000) (1024K)]
Total: 15

Threads with active compile tasks:
Total: 0

VM state: not at safepoint (normal execution)

VM Mutex/Monitor currently owned by a thread: None

Heap address: 0x0000000080000000, size: 2048 MB, Compressed Oops mode: 32-bit

CDS archive(s) mapped at: [0x000001af21000000-0x000001af21ba0000-0x000001af21ba0000), size 12189696, SharedBaseAddress: 0x000001af21000000, ArchiveRelocationMode: 1.
Compressed class space mapped at: 0x000001af22000000-0x000001af62000000, reserved size: 1073741824
Narrow klass base: 0x000001af21000000, Narrow klass shift: 0, Narrow klass range: 0x100000000

GC Precious Log:
 CardTable entry size: 512
 CPUs: 16 total, 16 available
 Memory: 16163M
 Large Page Support: Disabled
 NUMA Support: Disabled
 Compressed Oops: Enabled (32-bit)
 Alignments: Space 512K, Generation 512K, Heap 2M
 Heap Min Capacity: 100M
 Heap Initial Capacity: 100M
 Heap Max Capacity: 2G
 Pre-touch: Disabled
 Parallel Workers: 13

Heap:
 PSYoungGen      total 3584K, used 1775K [0x00000000d5580000, 0x00000000d5f00000, 0x0000000100000000)
  eden space 3072K, 43% used [0x00000000d5580000,0x00000000d56cbdf8,0x00000000d5880000)
  from space 512K, 87% used [0x00000000d5e80000,0x00000000d5ef0000,0x00000000d5f00000)
  to   space 512K, 0% used [0x00000000d5e00000,0x00000000d5e00000,0x00000000d5e80000)
 ParOldGen       total 554496K, used 554414K [0x0000000080000000, 0x00000000a1d80000, 0x00000000d5580000)
  object space 554496K, 99% used [0x0000000080000000,0x00000000a1d6b918,0x00000000a1d80000)
 Metaspace       used 109668K, committed 112384K, reserved 1179648K
  class space    used 10564K, committed 11776K, reserved 1048576K

Card table byte_map: [0x000001af09e00000,0x000001af0a210000] _byte_map_base: 0x000001af09a00000

Marking Bits: (ParMarkBitMap*) 0x00007ffc3d902460
 Begin Bits: [0x000001af1c910000, 0x000001af1e910000)
 End Bits:   [0x000001af1e910000, 0x000001af20910000)

Polling page: 0x000001af08270000

Metaspace:

Usage:
  Non-class:     96.78 MB used.
      Class:     10.32 MB used.
       Both:    107.10 MB used.

Virtual space:
  Non-class space:      128.00 MB reserved,      98.25 MB ( 77%) committed,  2 nodes.
      Class space:        1.00 GB reserved,      11.50 MB (  1%) committed,  1 nodes.
             Both:        1.12 GB reserved,     109.75 MB ( 10%) committed. 

Chunk freelists:
   Non-Class:  13.61 MB
       Class:  4.75 MB
        Both:  18.36 MB

MaxMetaspaceSize: unlimited
CompressedClassSpaceSize: 1.00 GB
Initial GC threshold: 21.00 MB
Current GC threshold: 182.81 MB
CDS: on
 - commit_granule_bytes: 65536.
 - commit_granule_words: 8192.
 - virtual_space_node_default_size: 8388608.
 - enlarge_chunks_in_place: 1.
 - use_allocation_guard: 0.


Internal statistics:

num_allocs_failed_limit: 9.
num_arena_births: 3082.
num_arena_deaths: 1204.
num_vsnodes_births: 3.
num_vsnodes_deaths: 0.
num_space_committed: 1845.
num_space_uncommitted: 58.
num_chunks_returned_to_freelist: 2100.
num_chunks_taken_from_freelist: 9822.
num_chunk_merges: 529.
num_chunk_splits: 5356.
num_chunks_enlarged: 2947.
num_inconsistent_stats: 0.

CodeHeap 'non-profiled nmethods': size=119168Kb used=32691Kb max_used=36022Kb free=86476Kb
 bounds [0x000001af15200000, 0x000001af17560000, 0x000001af1c660000]
CodeHeap 'profiled nmethods': size=119104Kb used=42141Kb max_used=48746Kb free=76962Kb
 bounds [0x000001af0d660000, 0x000001af10680000, 0x000001af14ab0000]
CodeHeap 'non-nmethods': size=7488Kb used=1567Kb max_used=3327Kb free=5920Kb
 bounds [0x000001af14ab0000, 0x000001af14e00000, 0x000001af15200000]
CodeCache: size=245760Kb, used=76399Kb, max_used=88095Kb, free=169358Kb
 total_blobs=18659, nmethods=17780, adapters=780, full_count=0
Compilation: enabled, stopped_count=0, restarted_count=0

Compilation events (20 events):
Event: 83870.299 Thread 0x000001af632b1fb0 47779       3       sun.nio.fs.NativeBuffers::allocNativeBuffer (20 bytes)
Event: 83870.299 Thread 0x000001af632b1fb0 nmethod 47779 0x000001af0f517510 code [0x000001af0f5176c0, 0x000001af0f517888]
Event: 83870.299 Thread 0x000001af632b1fb0 47780       3       sun.nio.fs.NativeBuffer::<init> (44 bytes)
Event: 83870.299 Thread 0x000001af632b1fb0 nmethod 47780 0x000001af0ed98290 code [0x000001af0ed98480, 0x000001af0ed98838]
Event: 83870.336 Thread 0x000001af632b00e0 47781       4       org.eclipse.jdt.internal.core.builder.ClasspathDirectory::doesFileExist (46 bytes)
Event: 83870.357 Thread 0x000001af632b00e0 nmethod 47781 0x000001af16ff8a90 code [0x000001af16ff8de0, 0x000001af16ffa048]
Event: 83870.362 Thread 0x000001af632b00e0 47782       4       org.eclipse.jdt.internal.core.builder.NameEnvironment::cleanup (73 bytes)
Event: 83870.366 Thread 0x000001af632b00e0 nmethod 47782 0x000001af155d0a10 code [0x000001af155d0bc0, 0x000001af155d0ea0]
Event: 83870.907 Thread 0x000001af632b1fb0 47783       1       org.eclipse.jdt.internal.compiler.lookup.TypeBinding::isBoundParameterizedType (2 bytes)
Event: 83870.907 Thread 0x000001af632b1fb0 nmethod 47783 0x000001af16146310 code [0x000001af161464a0, 0x000001af16146568]
Event: 84168.310 Thread 0x000001af632b1fb0 47784       3       com.sun.org.apache.xml.internal.serializer.SerializerBase::setOutputProperty (8 bytes)
Event: 84168.321 Thread 0x000001af632b1fb0 nmethod 47784 0x000001af0f51bd90 code [0x000001af0f51bf40, 0x000001af0f51c110]
Event: 84168.321 Thread 0x000001af632b1fb0 47785   !   3       com.sun.org.apache.xml.internal.serializer.ToStream::setProp (685 bytes)
Event: 84168.337 Thread 0x000001af632b1fb0 nmethod 47785 0x000001af0e06f590 code [0x000001af0e06fb80, 0x000001af0e072dc8]
Event: 84168.337 Thread 0x000001af632b1fb0 47786       3       com.sun.org.apache.xml.internal.serializer.SerializerBase::getFirstCharLocName (30 bytes)
Event: 84168.338 Thread 0x000001af632b1fb0 nmethod 47786 0x000001af0da1f610 code [0x000001af0da1f880, 0x000001af0da20350]
Event: 84168.338 Thread 0x000001af632b1fb0 47787       3       com.sun.org.apache.xml.internal.serializer.ToStream$BoolStack::popAndTop (31 bytes)
Event: 84168.339 Thread 0x000001af632b1fb0 nmethod 47787 0x000001af0f525310 code [0x000001af0f5254c0, 0x000001af0f525650]
Event: 84168.460 Thread 0x000001af632b1fb0 47788       3       java.io.ObjectOutputStream$HandleTable::clear (27 bytes)
Event: 84168.461 Thread 0x000001af632b1fb0 nmethod 47788 0x000001af0f5a9390 code [0x000001af0f5a9540, 0x000001af0f5a96f0]

GC Heap History (20 events):
Event: 83870.290 GC heap before
{Heap before GC invocations=23098 (full 32):
 PSYoungGen      total 15872K, used 15640K [0x00000000d5580000, 0x00000000d6f00000, 0x0000000100000000)
  eden space 8192K, 100% used [0x00000000d5580000,0x00000000d5d80000,0x00000000d5d80000)
  from space 7680K, 96% used [0x00000000d6780000,0x00000000d6ec6000,0x00000000d6f00000)
  to   space 8192K, 0% used [0x00000000d5f00000,0x00000000d5f00000,0x00000000d6700000)
 ParOldGen       total 496640K, used 496389K [0x0000000080000000, 0x000000009e500000, 0x00000000d5580000)
  object space 496640K, 99% used [0x0000000080000000,0x000000009e4c1428,0x000000009e500000)
 Metaspace       used 109658K, committed 112320K, reserved 1179648K
  class space    used 10564K, committed 11776K, reserved 1048576K
}
Event: 83870.296 GC heap after
{Heap after GC invocations=23098 (full 32):
 PSYoungGen      total 15872K, used 7291K [0x00000000d5580000, 0x00000000d6c80000, 0x0000000100000000)
  eden space 8192K, 0% used [0x00000000d5580000,0x00000000d5580000,0x00000000d5d80000)
  from space 7680K, 94% used [0x00000000d5f00000,0x00000000d661ec60,0x00000000d6680000)
  to   space 6144K, 0% used [0x00000000d6680000,0x00000000d6680000,0x00000000d6c80000)
 ParOldGen       total 503296K, used 503213K [0x0000000080000000, 0x000000009eb80000, 0x00000000d5580000)
  object space 503296K, 99% used [0x0000000080000000,0x000000009eb6b428,0x000000009eb80000)
 Metaspace       used 109658K, committed 112320K, reserved 1179648K
  class space    used 10564K, committed 11776K, reserved 1048576K
}
Event: 83870.310 GC heap before
{Heap before GC invocations=23099 (full 32):
 PSYoungGen      total 15872K, used 15400K [0x00000000d5580000, 0x00000000d6c80000, 0x0000000100000000)
  eden space 8192K, 98% used [0x00000000d5580000,0x00000000d5d6b418,0x00000000d5d80000)
  from space 7680K, 94% used [0x00000000d5f00000,0x00000000d661ec60,0x00000000d6680000)
  to   space 6144K, 0% used [0x00000000d6680000,0x00000000d6680000,0x00000000d6c80000)
 ParOldGen       total 503296K, used 503213K [0x0000000080000000, 0x000000009eb80000, 0x00000000d5580000)
  object space 503296K, 99% used [0x0000000080000000,0x000000009eb6b428,0x000000009eb80000)
 Metaspace       used 109658K, committed 112320K, reserved 1179648K
  class space    used 10564K, committed 11776K, reserved 1048576K
}
Event: 83870.316 GC heap after
{Heap after GC invocations=23099 (full 32):
 PSYoungGen      total 8192K, used 6121K [0x00000000d5580000, 0x00000000d7b80000, 0x0000000100000000)
  eden space 2048K, 0% used [0x00000000d5580000,0x00000000d5580000,0x00000000d5780000)
  from space 6144K, 99% used [0x00000000d6680000,0x00000000d6c7a710,0x00000000d6c80000)
  to   space 15360K, 0% used [0x00000000d5780000,0x00000000d5780000,0x00000000d6680000)
 ParOldGen       total 511488K, used 511197K [0x0000000080000000, 0x000000009f380000, 0x00000000d5580000)
  object space 511488K, 99% used [0x0000000080000000,0x000000009f3376b8,0x000000009f380000)
 Metaspace       used 109658K, committed 112320K, reserved 1179648K
  class space    used 10564K, committed 11776K, reserved 1048576K
}
Event: 83870.320 GC heap before
{Heap before GC invocations=23100 (full 32):
 PSYoungGen      total 8192K, used 8156K [0x00000000d5580000, 0x00000000d7b80000, 0x0000000100000000)
  eden space 2048K, 99% used [0x00000000d5580000,0x00000000d577c968,0x00000000d5780000)
  from space 6144K, 99% used [0x00000000d6680000,0x00000000d6c7a710,0x00000000d6c80000)
  to   space 15360K, 0% used [0x00000000d5780000,0x00000000d5780000,0x00000000d6680000)
 ParOldGen       total 511488K, used 511197K [0x0000000080000000, 0x000000009f380000, 0x00000000d5580000)
  object space 511488K, 99% used [0x0000000080000000,0x000000009f3376b8,0x000000009f380000)
 Metaspace       used 109658K, committed 112320K, reserved 1179648K
  class space    used 10564K, committed 11776K, reserved 1048576K
}
Event: 83870.323 GC heap after
{Heap after GC invocations=23100 (full 32):
 PSYoungGen      total 4608K, used 2171K [0x00000000d5580000, 0x00000000d6700000, 0x0000000100000000)
  eden space 2048K, 0% used [0x00000000d5580000,0x00000000d5580000,0x00000000d5780000)
  from space 2560K, 84% used [0x00000000d5780000,0x00000000d599ef68,0x00000000d5a00000)
  to   space 6656K, 0% used [0x00000000d6080000,0x00000000d6080000,0x00000000d6700000)
 ParOldGen       total 517632K, used 517383K [0x0000000080000000, 0x000000009f980000, 0x00000000d5580000)
  object space 517632K, 99% used [0x0000000080000000,0x000000009f941eb8,0x000000009f980000)
 Metaspace       used 109658K, committed 112320K, reserved 1179648K
  class space    used 10564K, committed 11776K, reserved 1048576K
}
Event: 83870.330 GC heap before
{Heap before GC invocations=23101 (full 32):
 PSYoungGen      total 4608K, used 4219K [0x00000000d5580000, 0x00000000d6700000, 0x0000000100000000)
  eden space 2048K, 100% used [0x00000000d5580000,0x00000000d5780000,0x00000000d5780000)
  from space 2560K, 84% used [0x00000000d5780000,0x00000000d599ef68,0x00000000d5a00000)
  to   space 6656K, 0% used [0x00000000d6080000,0x00000000d6080000,0x00000000d6700000)
 ParOldGen       total 517632K, used 517383K [0x0000000080000000, 0x000000009f980000, 0x00000000d5580000)
  object space 517632K, 99% used [0x0000000080000000,0x000000009f941eb8,0x000000009f980000)
 Metaspace       used 109658K, committed 112320K, reserved 1179648K
  class space    used 10564K, committed 11776K, reserved 1048576K
}
Event: 83870.333 GC heap after
{Heap after GC invocations=23101 (full 32):
 PSYoungGen      total 5120K, used 2287K [0x00000000d5580000, 0x00000000d6300000, 0x0000000100000000)
  eden space 2560K, 0% used [0x00000000d5580000,0x00000000d5580000,0x00000000d5800000)
  from space 2560K, 89% used [0x00000000d6080000,0x00000000d62bbd88,0x00000000d6300000)
  to   space 3072K, 0% used [0x00000000d5d00000,0x00000000d5d00000,0x00000000d6000000)
 ParOldGen       total 519680K, used 519384K [0x0000000080000000, 0x000000009fb80000, 0x00000000d5580000)
  object space 519680K, 99% used [0x0000000080000000,0x000000009fb36098,0x000000009fb80000)
 Metaspace       used 109658K, committed 112320K, reserved 1179648K
  class space    used 10564K, committed 11776K, reserved 1048576K
}
Event: 83870.339 GC heap before
{Heap before GC invocations=23102 (full 32):
 PSYoungGen      total 5120K, used 4834K [0x00000000d5580000, 0x00000000d6300000, 0x0000000100000000)
  eden space 2560K, 99% used [0x00000000d5580000,0x00000000d57fccb0,0x00000000d5800000)
  from space 2560K, 89% used [0x00000000d6080000,0x00000000d62bbd88,0x00000000d6300000)
  to   space 3072K, 0% used [0x00000000d5d00000,0x00000000d5d00000,0x00000000d6000000)
 ParOldGen       total 519680K, used 519384K [0x0000000080000000, 0x000000009fb80000, 0x00000000d5580000)
  object space 519680K, 99% used [0x0000000080000000,0x000000009fb36098,0x000000009fb80000)
 Metaspace       used 109658K, committed 112320K, reserved 1179648K
  class space    used 10564K, committed 11776K, reserved 1048576K
}
Event: 83870.341 GC heap after
{Heap after GC invocations=23102 (full 32):
 PSYoungGen      total 4608K, used 1120K [0x00000000d5580000, 0x00000000d6100000, 0x0000000100000000)
  eden space 3072K, 0% used [0x00000000d5580000,0x00000000d5580000,0x00000000d5880000)
  from space 1536K, 72% used [0x00000000d5d00000,0x00000000d5e18000,0x00000000d5e80000)
  to   space 2048K, 0% used [0x00000000d5f00000,0x00000000d5f00000,0x00000000d6100000)
 ParOldGen       total 521728K, used 521405K [0x0000000080000000, 0x000000009fd80000, 0x00000000d5580000)
  object space 521728K, 99% used [0x0000000080000000,0x000000009fd2f4a8,0x000000009fd80000)
 Metaspace       used 109658K, committed 112320K, reserved 1179648K
  class space    used 10564K, committed 11776K, reserved 1048576K
}
Event: 83870.406 GC heap before
{Heap before GC invocations=23103 (full 32):
 PSYoungGen      total 4608K, used 4192K [0x00000000d5580000, 0x00000000d6100000, 0x0000000100000000)
  eden space 3072K, 100% used [0x00000000d5580000,0x00000000d5880000,0x00000000d5880000)
  from space 1536K, 72% used [0x00000000d5d00000,0x00000000d5e18000,0x00000000d5e80000)
  to   space 2048K, 0% used [0x00000000d5f00000,0x00000000d5f00000,0x00000000d6100000)
 ParOldGen       total 553472K, used 552125K [0x0000000080000000, 0x00000000a1c80000, 0x00000000d5580000)
  object space 553472K, 99% used [0x0000000080000000,0x00000000a1b2f4d8,0x00000000a1c80000)
 Metaspace       used 109658K, committed 112320K, reserved 1179648K
  class space    used 10564K, committed 11776K, reserved 1048576K
}
Event: 83870.408 GC heap after
{Heap after GC invocations=23103 (full 32):
 PSYoungGen      total 3584K, used 352K [0x00000000d5580000, 0x00000000d5f80000, 0x0000000100000000)
  eden space 3072K, 0% used [0x00000000d5580000,0x00000000d5580000,0x00000000d5880000)
  from space 512K, 68% used [0x00000000d5f00000,0x00000000d5f58000,0x00000000d5f80000)
  to   space 1024K, 0% used [0x00000000d5d80000,0x00000000d5d80000,0x00000000d5e80000)
 ParOldGen       total 553472K, used 553045K [0x0000000080000000, 0x00000000a1c80000, 0x00000000d5580000)
  object space 553472K, 99% used [0x0000000080000000,0x00000000a1c154d8,0x00000000a1c80000)
 Metaspace       used 109658K, committed 112320K, reserved 1179648K
  class space    used 10564K, committed 11776K, reserved 1048576K
}
Event: 83870.892 GC heap before
{Heap before GC invocations=23104 (full 32):
 PSYoungGen      total 3584K, used 3424K [0x00000000d5580000, 0x00000000d5f80000, 0x0000000100000000)
  eden space 3072K, 100% used [0x00000000d5580000,0x00000000d5880000,0x00000000d5880000)
  from space 512K, 68% used [0x00000000d5f00000,0x00000000d5f58000,0x00000000d5f80000)
  to   space 1024K, 0% used [0x00000000d5d80000,0x00000000d5d80000,0x00000000d5e80000)
 ParOldGen       total 553472K, used 553045K [0x0000000080000000, 0x00000000a1c80000, 0x00000000d5580000)
  object space 553472K, 99% used [0x0000000080000000,0x00000000a1c154d8,0x00000000a1c80000)
 Metaspace       used 109658K, committed 112320K, reserved 1179648K
  class space    used 10564K, committed 11776K, reserved 1048576K
}
Event: 83870.893 GC heap after
{Heap after GC invocations=23104 (full 32):
 PSYoungGen      total 4096K, used 570K [0x00000000d5580000, 0x00000000d5f80000, 0x0000000100000000)
  eden space 3072K, 0% used [0x00000000d5580000,0x00000000d5580000,0x00000000d5880000)
  from space 1024K, 55% used [0x00000000d5d80000,0x00000000d5e0e900,0x00000000d5e80000)
  to   space 1024K, 0% used [0x00000000d5e80000,0x00000000d5e80000,0x00000000d5f80000)
 ParOldGen       total 553472K, used 553189K [0x0000000080000000, 0x00000000a1c80000, 0x00000000d5580000)
  object space 553472K, 99% used [0x0000000080000000,0x00000000a1c394d8,0x00000000a1c80000)
 Metaspace       used 109658K, committed 112320K, reserved 1179648K
  class space    used 10564K, committed 11776K, reserved 1048576K
}
Event: 83870.898 GC heap before
{Heap before GC invocations=23105 (full 32):
 PSYoungGen      total 4096K, used 3642K [0x00000000d5580000, 0x00000000d5f80000, 0x0000000100000000)
  eden space 3072K, 100% used [0x00000000d5580000,0x00000000d5880000,0x00000000d5880000)
  from space 1024K, 55% used [0x00000000d5d80000,0x00000000d5e0e900,0x00000000d5e80000)
  to   space 1024K, 0% used [0x00000000d5e80000,0x00000000d5e80000,0x00000000d5f80000)
 ParOldGen       total 553472K, used 553189K [0x0000000080000000, 0x00000000a1c80000, 0x00000000d5580000)
  object space 553472K, 99% used [0x0000000080000000,0x00000000a1c394d8,0x00000000a1c80000)
 Metaspace       used 109658K, committed 112320K, reserved 1179648K
  class space    used 10564K, committed 11776K, reserved 1048576K
}
Event: 83870.899 GC heap after
{Heap after GC invocations=23105 (full 32):
 PSYoungGen      total 4096K, used 628K [0x00000000d5580000, 0x00000000d5f80000, 0x0000000100000000)
  eden space 3072K, 0% used [0x00000000d5580000,0x00000000d5580000,0x00000000d5880000)
  from space 1024K, 61% used [0x00000000d5e80000,0x00000000d5f1d200,0x00000000d5f80000)
  to   space 1024K, 0% used [0x00000000d5d80000,0x00000000d5d80000,0x00000000d5e80000)
 ParOldGen       total 553984K, used 553585K [0x0000000080000000, 0x00000000a1d00000, 0x00000000d5580000)
  object space 553984K, 99% used [0x0000000080000000,0x00000000a1c9c6e8,0x00000000a1d00000)
 Metaspace       used 109658K, committed 112320K, reserved 1179648K
  class space    used 10564K, committed 11776K, reserved 1048576K
}
Event: 83870.902 GC heap before
{Heap before GC invocations=23106 (full 32):
 PSYoungGen      total 4096K, used 3700K [0x00000000d5580000, 0x00000000d5f80000, 0x0000000100000000)
  eden space 3072K, 100% used [0x00000000d5580000,0x00000000d5880000,0x00000000d5880000)
  from space 1024K, 61% used [0x00000000d5e80000,0x00000000d5f1d200,0x00000000d5f80000)
  to   space 1024K, 0% used [0x00000000d5d80000,0x00000000d5d80000,0x00000000d5e80000)
 ParOldGen       total 553984K, used 553585K [0x0000000080000000, 0x00000000a1d00000, 0x00000000d5580000)
  object space 553984K, 99% used [0x0000000080000000,0x00000000a1c9c6e8,0x00000000a1d00000)
 Metaspace       used 109658K, committed 112320K, reserved 1179648K
  class space    used 10564K, committed 11776K, reserved 1048576K
}
Event: 83870.904 GC heap after
{Heap after GC invocations=23106 (full 32):
 PSYoungGen      total 4096K, used 544K [0x00000000d5580000, 0x00000000d5f00000, 0x0000000100000000)
  eden space 3072K, 0% used [0x00000000d5580000,0x00000000d5580000,0x00000000d5880000)
  from space 1024K, 53% used [0x00000000d5d80000,0x00000000d5e08000,0x00000000d5e80000)
  to   space 512K, 0% used [0x00000000d5e80000,0x00000000d5e80000,0x00000000d5f00000)
 ParOldGen       total 554496K, used 554038K [0x0000000080000000, 0x00000000a1d80000, 0x00000000d5580000)
  object space 554496K, 99% used [0x0000000080000000,0x00000000a1d0d908,0x00000000a1d80000)
 Metaspace       used 109658K, committed 112320K, reserved 1179648K
  class space    used 10564K, committed 11776K, reserved 1048576K
}
Event: 84168.383 GC heap before
{Heap before GC invocations=23107 (full 32):
 PSYoungGen      total 4096K, used 3616K [0x00000000d5580000, 0x00000000d5f00000, 0x0000000100000000)
  eden space 3072K, 100% used [0x00000000d5580000,0x00000000d5880000,0x00000000d5880000)
  from space 1024K, 53% used [0x00000000d5d80000,0x00000000d5e08000,0x00000000d5e80000)
  to   space 512K, 0% used [0x00000000d5e80000,0x00000000d5e80000,0x00000000d5f00000)
 ParOldGen       total 554496K, used 554038K [0x0000000080000000, 0x00000000a1d80000, 0x00000000d5580000)
  object space 554496K, 99% used [0x0000000080000000,0x00000000a1d0d908,0x00000000a1d80000)
 Metaspace       used 109668K, committed 112384K, reserved 1179648K
  class space    used 10564K, committed 11776K, reserved 1048576K
}
Event: 84168.444 GC heap after
{Heap after GC invocations=23107 (full 32):
 PSYoungGen      total 3584K, used 448K [0x00000000d5580000, 0x00000000d5f00000, 0x0000000100000000)
  eden space 3072K, 0% used [0x00000000d5580000,0x00000000d5580000,0x00000000d5880000)
  from space 512K, 87% used [0x00000000d5e80000,0x00000000d5ef0000,0x00000000d5f00000)
  to   space 512K, 0% used [0x00000000d5e00000,0x00000000d5e00000,0x00000000d5e80000)
 ParOldGen       total 554496K, used 554414K [0x0000000080000000, 0x00000000a1d80000, 0x00000000d5580000)
  object space 554496K, 99% used [0x0000000080000000,0x00000000a1d6b918,0x00000000a1d80000)
 Metaspace       used 109668K, committed 112384K, reserved 1179648K
  class space    used 10564K, committed 11776K, reserved 1048576K
}

Dll operation events (14 events):
Event: 0.006 Loaded shared library c:\Users\chief\.vscode\extensions\redhat.java-1.51.0-win32-x64\jre\21.0.9-win32-x86_64\bin\java.dll
Event: 0.045 Loaded shared library c:\Users\chief\.vscode\extensions\redhat.java-1.51.0-win32-x64\jre\21.0.9-win32-x86_64\bin\zip.dll
Event: 0.061 Loaded shared library C:\Users\chief\.vscode\extensions\redhat.java-1.51.0-win32-x64\jre\21.0.9-win32-x86_64\bin\instrument.dll
Event: 0.064 Loaded shared library C:\Users\chief\.vscode\extensions\redhat.java-1.51.0-win32-x64\jre\21.0.9-win32-x86_64\bin\net.dll
Event: 0.066 Loaded shared library C:\Users\chief\.vscode\extensions\redhat.java-1.51.0-win32-x64\jre\21.0.9-win32-x86_64\bin\nio.dll
Event: 0.069 Loaded shared library C:\Users\chief\.vscode\extensions\redhat.java-1.51.0-win32-x64\jre\21.0.9-win32-x86_64\bin\zip.dll
Event: 0.082 Loaded shared library C:\Users\chief\.vscode\extensions\redhat.java-1.51.0-win32-x64\jre\21.0.9-win32-x86_64\bin\jimage.dll
Event: 0.128 Loaded shared library c:\Users\chief\.vscode\extensions\redhat.java-1.51.0-win32-x64\jre\21.0.9-win32-x86_64\bin\verify.dll
Event: 0.940 Loaded shared library C:\Users\chief\AppData\Roaming\Code\User\globalStorage\redhat.java\1.51.0\config_win\org.eclipse.equinox.launcher\org.eclipse.equinox.launcher.win32.win32.x86_64_1.2.1400.v20250801-0854\eclipse_11916.dll
Event: 1.644 Loaded shared library C:\Users\chief\.vscode\extensions\redhat.java-1.51.0-win32-x64\jre\21.0.9-win32-x86_64\bin\management.dll
Event: 1.647 Loaded shared library C:\Users\chief\.vscode\extensions\redhat.java-1.51.0-win32-x64\jre\21.0.9-win32-x86_64\bin\management_ext.dll
Event: 2.575 Loaded shared library C:\Users\chief\AppData\Local\Temp\jna-94630981\jna6087582339093675566.dll
Event: 2.662 Loaded shared library C:\Users\chief\.vscode\extensions\redhat.java-1.51.0-win32-x64\jre\21.0.9-win32-x86_64\bin\sunmscapi.dll
Event: 2.932 Loaded shared library C:\Users\chief\.vscode\extensions\redhat.java-1.51.0-win32-x64\jre\21.0.9-win32-x86_64\bin\extnet.dll

Deoptimization events (20 events):
Event: 83726.918 Thread 0x000001af6c01db50 Uncommon trap: trap_request=0x00000039 fr.pc=0x000001af15506a4c relative=0x000000000000072c
Event: 83726.918 Thread 0x000001af6c01db50 Uncommon trap: reason=unloaded action=reinterpret pc=0x000001af15506a4c method=org.eclipse.jface.text.ListLineTracker.getLineOffset(I)I @ 19 c2
Event: 83726.919 Thread 0x000001af6c01db50 DEOPT PACKING pc=0x000001af15506a4c sp=0x000000629c9ff470
Event: 83726.919 Thread 0x000001af6c01db50 DEOPT UNPACKING pc=0x000001af14b06da2 sp=0x000000629c9ff258 mode 2
Event: 83727.643 Thread 0x000001af6c01ef00 Uncommon trap: trap_request=0x00000039 fr.pc=0x000001af158751ac relative=0x000000000000022c
Event: 83727.643 Thread 0x000001af6c01ef00 Uncommon trap: reason=unloaded action=reinterpret pc=0x000001af158751ac method=org.eclipse.jface.text.ListLineTracker.getLineOffset(I)I @ 19 c2
Event: 83727.643 Thread 0x000001af6c01ef00 DEOPT PACKING pc=0x000001af158751ac sp=0x000000629b2fed60
Event: 83727.643 Thread 0x000001af6c01ef00 DEOPT UNPACKING pc=0x000001af14b06da2 sp=0x000000629b2fec38 mode 2
Event: 83733.522 Thread 0x000001af6a3ac4f0 Uncommon trap: trap_request=0xffffffc6 fr.pc=0x000001af161a7a5c relative=0x00000000000003bc
Event: 83733.522 Thread 0x000001af6a3ac4f0 Uncommon trap: reason=bimorphic_or_optimized_type_check action=maybe_recompile pc=0x000001af161a7a5c method=org.eclipse.jdt.internal.compiler.lookup.MethodBinding.areParameterErasuresEqual(Lorg/eclipse/jdt/internal/compiler/lookup/MethodBinding;)Z @ 59 c2
Event: 83733.522 Thread 0x000001af6a3ac4f0 DEOPT PACKING pc=0x000001af161a7a5c sp=0x000000629d1fe1a0
Event: 83733.522 Thread 0x000001af6a3ac4f0 DEOPT UNPACKING pc=0x000001af14b06da2 sp=0x000000629d1fe128 mode 2
Event: 83865.998 Thread 0x000001af6c01db50 Uncommon trap: trap_request=0xffffff45 fr.pc=0x000001af15cef734 relative=0x00000000000014f4
Event: 83865.998 Thread 0x000001af6c01db50 Uncommon trap: reason=unstable_if action=reinterpret pc=0x000001af15cef734 method=org.eclipse.jdt.internal.codeassist.SelectionEngine.checkSelection([CIIZ)Z @ 297 c2
Event: 83865.998 Thread 0x000001af6c01db50 DEOPT PACKING pc=0x000001af15cef734 sp=0x000000629c9feed0
Event: 83865.998 Thread 0x000001af6c01db50 DEOPT UNPACKING pc=0x000001af14b06da2 sp=0x000000629c9fee20 mode 2
Event: 83870.362 Thread 0x000001af6d5cf5f0 DEOPT PACKING pc=0x000001af0ebc22d8 sp=0x00000062985fe470
Event: 83870.362 Thread 0x000001af6d5cf5f0 DEOPT UNPACKING pc=0x000001af14b078e2 sp=0x00000062985fd920 mode 0
Event: 84168.460 Thread 0x000001af6c01e870 DEOPT PACKING pc=0x000001af0ddb9e12 sp=0x000000629b3fef50
Event: 84168.460 Thread 0x000001af6c01e870 DEOPT UNPACKING pc=0x000001af14b078e2 sp=0x000000629b3fe3b8 mode 0

Classes loaded (20 events):
Event: 83725.432 Loading class jdk/internal/module/IllegalAccessLogger
Event: 83725.432 Loading class jdk/internal/module/IllegalAccessLogger done
Event: 83727.013 Loading class jdk/internal/module/IllegalAccessLogger
Event: 83727.013 Loading class jdk/internal/module/IllegalAccessLogger done
Event: 83728.095 Loading class jdk/internal/module/IllegalAccessLogger
Event: 83728.095 Loading class jdk/internal/module/IllegalAccessLogger done
Event: 83732.801 Loading class jdk/internal/module/IllegalAccessLogger
Event: 83732.801 Loading class jdk/internal/module/IllegalAccessLogger done
Event: 83735.240 Loading class jdk/internal/module/IllegalAccessLogger
Event: 83735.240 Loading class jdk/internal/module/IllegalAccessLogger done
Event: 83737.344 Loading class jdk/internal/module/IllegalAccessLogger
Event: 83737.344 Loading class jdk/internal/module/IllegalAccessLogger done
Event: 83742.864 Loading class jdk/internal/module/IllegalAccessLogger
Event: 83742.864 Loading class jdk/internal/module/IllegalAccessLogger done
Event: 83749.559 Loading class jdk/internal/module/IllegalAccessLogger
Event: 83749.559 Loading class jdk/internal/module/IllegalAccessLogger done
Event: 83868.317 Loading class jdk/internal/module/IllegalAccessLogger
Event: 83868.317 Loading class jdk/internal/module/IllegalAccessLogger done
Event: 83870.337 Loading class jdk/internal/module/IllegalAccessLogger
Event: 83870.337 Loading class jdk/internal/module/IllegalAccessLogger done

Classes unloaded (20 events):
Event: 83550.036 Thread 0x000001af0a3f1470 Unloading class 0x000001af22b14c00 'jdk/internal/reflect/GeneratedSerializationConstructorAccessor82'
Event: 83550.036 Thread 0x000001af0a3f1470 Unloading class 0x000001af22b14800 'jdk/internal/reflect/GeneratedSerializationConstructorAccessor81'
Event: 83550.036 Thread 0x000001af0a3f1470 Unloading class 0x000001af22b14400 'java/lang/invoke/LambdaForm$MH+0x000001af22b14400'
Event: 83550.036 Thread 0x000001af0a3f1470 Unloading class 0x000001af22b14000 'jdk/internal/reflect/GeneratedSerializationConstructorAccessor80'
Event: 83550.036 Thread 0x000001af0a3f1470 Unloading class 0x000001af22b08c00 'jdk/internal/reflect/GeneratedSerializationConstructorAccessor79'
Event: 83550.036 Thread 0x000001af0a3f1470 Unloading class 0x000001af22b08800 'java/lang/invoke/LambdaForm$MH+0x000001af22b08800'
Event: 83550.036 Thread 0x000001af0a3f1470 Unloading class 0x000001af225e4800 'java/lang/invoke/LambdaForm$MH+0x000001af225e4800'
Event: 83550.036 Thread 0x000001af0a3f1470 Unloading class 0x000001af22735800 'java/lang/invoke/LambdaForm$MH+0x000001af22735800'
Event: 83550.036 Thread 0x000001af0a3f1470 Unloading class 0x000001af22743c00 'jdk/internal/reflect/GeneratedSerializationConstructorAccessor78'
Event: 83550.036 Thread 0x000001af0a3f1470 Unloading class 0x000001af22ae6400 'jdk/internal/reflect/GeneratedSerializationConstructorAccessor74'
Event: 83550.036 Thread 0x000001af0a3f1470 Unloading class 0x000001af22ae6000 'jdk/internal/reflect/GeneratedSerializationConstructorAccessor73'
Event: 83550.036 Thread 0x000001af0a3f1470 Unloading class 0x000001af229f2400 'jdk/internal/reflect/GeneratedSerializationConstructorAccessor72'
Event: 83550.036 Thread 0x000001af0a3f1470 Unloading class 0x000001af229f2000 'jdk/internal/reflect/GeneratedSerializationConstructorAccessor71'
Event: 83550.036 Thread 0x000001af0a3f1470 Unloading class 0x000001af22881000 'java/lang/invoke/LambdaForm$MH+0x000001af22881000'
Event: 83550.036 Thread 0x000001af0a3f1470 Unloading class 0x000001af22881c00 'java/lang/invoke/LambdaForm$MH+0x000001af22881c00'
Event: 83550.036 Thread 0x000001af0a3f1470 Unloading class 0x000001af22ad0400 'jdk/internal/reflect/GeneratedSerializationConstructorAccessor61'
Event: 83550.036 Thread 0x000001af0a3f1470 Unloading class 0x000001af22aec000 'jdk/internal/reflect/GeneratedSerializationConstructorAccessor55'
Event: 83550.036 Thread 0x000001af0a3f1470 Unloading class 0x000001af22aa1400 'jdk/internal/reflect/GeneratedSerializationConstructorAccessor54'
Event: 83550.036 Thread 0x000001af0a3f1470 Unloading class 0x000001af229f1800 'java/lang/invoke/LambdaForm$MH+0x000001af229f1800'
Event: 83550.036 Thread 0x000001af0a3f1470 Unloading class 0x000001af22ae1800 'jdk/internal/reflect/GeneratedSerializationConstructorAccessor52'

Classes redefined (0 events):
No events

Internal exceptions (20 events):
Event: 83735.082 Thread 0x000001af698c1f30 Exception <a 'sun/nio/fs/WindowsException'{0x00000000d56a34c8}> (0x00000000d56a34c8) 
thrown [s\src\hotspot\share\prims\jni.cpp, line 520]
Event: 83735.242 Thread 0x000001af698c1f30 Exception <a 'sun/nio/fs/WindowsException'{0x00000000d558da88}> (0x00000000d558da88) 
thrown [s\src\hotspot\share\prims\jni.cpp, line 520]
Event: 83737.175 Thread 0x000001af698c1f30 Exception <a 'sun/nio/fs/WindowsException'{0x00000000d58cecb8}> (0x00000000d58cecb8) 
thrown [s\src\hotspot\share\prims\jni.cpp, line 520]
Event: 83737.361 Thread 0x000001af698c1f30 Exception <a 'sun/nio/fs/WindowsException'{0x00000000d558fab8}> (0x00000000d558fab8) 
thrown [s\src\hotspot\share\prims\jni.cpp, line 520]
Event: 83742.701 Thread 0x000001af698c1f30 Exception <a 'sun/nio/fs/WindowsException'{0x00000000d592dc78}> (0x00000000d592dc78) 
thrown [s\src\hotspot\share\prims\jni.cpp, line 520]
Event: 83742.879 Thread 0x000001af698c1f30 Exception <a 'sun/nio/fs/WindowsException'{0x00000000d5746028}> (0x00000000d5746028) 
thrown [s\src\hotspot\share\prims\jni.cpp, line 520]
Event: 83749.432 Thread 0x000001af698c1f30 Exception <a 'sun/nio/fs/WindowsException'{0x00000000d564e490}> (0x00000000d564e490) 
thrown [s\src\hotspot\share\prims\jni.cpp, line 520]
Event: 83749.623 Thread 0x000001af698c1f30 Exception <a 'sun/nio/fs/WindowsException'{0x00000000d55d6c98}> (0x00000000d55d6c98) 
thrown [s\src\hotspot\share\prims\jni.cpp, line 520]
Event: 83795.663 Thread 0x000001af6c01e870 Exception <a 'sun/nio/fs/WindowsException'{0x00000000d5685e80}> (0x00000000d5685e80) 
thrown [s\src\hotspot\share\prims\jni.cpp, line 520]
Event: 83795.663 Thread 0x000001af6c01e870 Exception <a 'sun/nio/fs/WindowsException'{0x00000000d56865d0}> (0x00000000d56865d0) 
thrown [s\src\hotspot\share\prims\jni.cpp, line 520]
Event: 83795.706 Thread 0x000001af6c01e870 Exception <a 'java/lang/NoSuchMethodError'{0x00000000d58134d0}: static Lorg/eclipse/m2e/core/internal/lifecyclemapping/model/PluginExecutionMetadata;.<clinit>()V> (0x00000000d58134d0) 
thrown [s\src\hotspot\share\prims\jni.cpp, line 1111]
Event: 83795.709 Thread 0x000001af6c01e870 Exception <a 'java/lang/NoSuchMethodError'{0x00000000d5836370}: static Lorg/eclipse/m2e/core/internal/lifecyclemapping/model/PluginExecutionFilter;.<clinit>()V> (0x00000000d5836370) 
thrown [s\src\hotspot\share\prims\jni.cpp, line 1111]
Event: 83795.710 Thread 0x000001af6c01e870 Exception <a 'java/lang/NoSuchMethodError'{0x00000000d584aef0}: static Lorg/eclipse/m2e/core/internal/project/registry/MavenProjectFacade$MavenProjectConfiguration;.<clinit>()V> (0x00000000d584aef0) 
thrown [s\src\hotspot\share\prims\jni.cpp, line 1111]
Event: 83795.712 Thread 0x000001af6c01e870 Exception <a 'java/lang/NoSuchMethodError'{0x00000000d5867050}: static [J.<clinit>()V> (0x00000000d5867050) 
thrown [s\src\hotspot\share\prims\jni.cpp, line 1111]
Event: 83868.203 Thread 0x000001af698c1f30 Exception <a 'sun/nio/fs/WindowsException'{0x00000000d5931bc0}> (0x00000000d5931bc0) 
thrown [s\src\hotspot\share\prims\jni.cpp, line 520]
Event: 83868.676 Thread 0x000001af698c1f30 Exception <a 'sun/nio/fs/WindowsException'{0x00000000d55e1558}> (0x00000000d55e1558) 
thrown [s\src\hotspot\share\prims\jni.cpp, line 520]
Event: 83870.158 Thread 0x000001af698c1f30 Exception <a 'sun/nio/fs/WindowsException'{0x00000000d5cc2700}> (0x00000000d5cc2700) 
thrown [s\src\hotspot\share\prims\jni.cpp, line 520]
Event: 83870.388 Thread 0x000001af698c1f30 Exception <a 'sun/nio/fs/WindowsException'{0x00000000d55c4718}> (0x00000000d55c4718) 
thrown [s\src\hotspot\share\prims\jni.cpp, line 520]
Event: 84168.351 Thread 0x000001af6c01e870 Exception <a 'sun/nio/fs/WindowsException'{0x00000000d585c648}> (0x00000000d585c648) 
thrown [s\src\hotspot\share\prims\jni.cpp, line 520]
Event: 84168.353 Thread 0x000001af6c01e870 Exception <a 'sun/nio/fs/WindowsException'{0x00000000d585cfe0}> (0x00000000d585cfe0) 
thrown [s\src\hotspot\share\prims\jni.cpp, line 520]

ZGC Phase Switch (0 events):
No events

VM Operations (20 events):
Event: 83870.406 Executing VM operation: ParallelGCFailedAllocation (Allocation Failure)
Event: 83870.408 Executing VM operation: ParallelGCFailedAllocation (Allocation Failure) done
Event: 83870.892 Executing VM operation: ParallelGCFailedAllocation (Allocation Failure)
Event: 83870.893 Executing VM operation: ParallelGCFailedAllocation (Allocation Failure) done
Event: 83870.898 Executing VM operation: ParallelGCFailedAllocation (Allocation Failure)
Event: 83870.899 Executing VM operation: ParallelGCFailedAllocation (Allocation Failure) done
Event: 83870.902 Executing VM operation: ParallelGCFailedAllocation (Allocation Failure)
Event: 83870.904 Executing VM operation: ParallelGCFailedAllocation (Allocation Failure) done
Event: 83884.522 Executing VM operation: HandshakeAllThreads (HandshakeForDeflation)
Event: 83884.522 Executing VM operation: HandshakeAllThreads (HandshakeForDeflation) done
Event: 83884.522 Executing VM operation: RendezvousGCThreads
Event: 83884.522 Executing VM operation: RendezvousGCThreads done
Event: 84168.383 Executing VM operation: ParallelGCFailedAllocation (Allocation Failure)
Event: 84168.444 Executing VM operation: ParallelGCFailedAllocation (Allocation Failure) done
Event: 84169.444 Executing VM operation: Cleanup
Event: 84169.444 Executing VM operation: Cleanup done
Event: 84185.294 Executing VM operation: HandshakeAllThreads (HandshakeForDeflation)
Event: 84185.295 Executing VM operation: HandshakeAllThreads (HandshakeForDeflation) done
Event: 84185.295 Executing VM operation: RendezvousGCThreads
Event: 84185.295 Executing VM operation: RendezvousGCThreads done

Memory protections (0 events):
No events

Nmethod flushes (20 events):
Event: 83713.980 Thread 0x000001af0a3f1470 flushing  nmethod 0x000001af0dc42310
Event: 83713.980 Thread 0x000001af0a3f1470 flushing  nmethod 0x000001af0df30e10
Event: 83713.980 Thread 0x000001af0a3f1470 flushing  nmethod 0x000001af0dfc8790
Event: 83713.980 Thread 0x000001af0a3f1470 flushing  nmethod 0x000001af0e0fc010
Event: 83713.980 Thread 0x000001af0a3f1470 flushing  nmethod 0x000001af0e274910
Event: 83713.980 Thread 0x000001af0a3f1470 flushing  nmethod 0x000001af0e83a890
Event: 83713.980 Thread 0x000001af0a3f1470 flushing  nmethod 0x000001af0eb07910
Event: 83713.980 Thread 0x000001af0a3f1470 flushing  nmethod 0x000001af0eb08110
Event: 83713.980 Thread 0x000001af0a3f1470 flushing  nmethod 0x000001af0eb43190
Event: 83713.981 Thread 0x000001af0a3f1470 flushing  nmethod 0x000001af0f192e90
Event: 83713.981 Thread 0x000001af0a3f1470 flushing  nmethod 0x000001af0f25f610
Event: 83713.981 Thread 0x000001af0a3f1470 flushing  nmethod 0x000001af0f702b10
Event: 83713.981 Thread 0x000001af0a3f1470 flushing  nmethod 0x000001af0fd19a10
Event: 83713.981 Thread 0x000001af0a3f1470 flushing  nmethod 0x000001af0feb1b90
Event: 83713.981 Thread 0x000001af0a3f1470 flushing  nmethod 0x000001af0feee290
Event: 83713.981 Thread 0x000001af0a3f1470 flushing  nmethod 0x000001af10439f10
Event: 83713.981 Thread 0x000001af0a3f1470 flushing  nmethod 0x000001af1063b490
Event: 83868.509 Thread 0x000001af0a3f1470 flushing  nmethod 0x000001af15b03390
Event: 83868.509 Thread 0x000001af0a3f1470 flushing  nmethod 0x000001af0ddb0d10
Event: 83868.509 Thread 0x000001af0a3f1470 flushing  nmethod 0x000001af0e908c10

Events (20 events):
Event: 84028.095 Thread 0x000001af6a3a9700 Thread exited: 0x000001af6a3a9700
Event: 84032.797 Thread 0x000001af6a3ad210 Thread exited: 0x000001af6a3ad210
Event: 84035.233 Thread 0x000001af6a3a9d90 Thread exited: 0x000001af6a3a9d90
Event: 84037.338 Thread 0x000001af6a3ad8a0 Thread exited: 0x000001af6a3ad8a0
Event: 84042.856 Thread 0x000001af6a3aa420 Thread exited: 0x000001af6a3aa420
Event: 84049.548 Thread 0x000001af6a3ae5c0 Thread exited: 0x000001af6a3ae5c0
Event: 84050.163 Thread 0x000001af6c01db50 Thread exited: 0x000001af6c01db50
Event: 84110.175 Thread 0x000001af6a3abe60 Thread exited: 0x000001af6a3abe60
Event: 84168.299 Thread 0x000001af6a3aec50 Thread exited: 0x000001af6a3aec50
Event: 84168.329 Thread 0x000001af6c01e870 Thread added: 0x000001af6d5d1030
Event: 84168.334 Thread 0x000001af6d5d1030 Thread exited: 0x000001af6d5d1030
Event: 84168.358 Thread 0x000001af6c01e870 Thread added: 0x000001af6d5cfc80
Event: 84168.359 Thread 0x000001af6d5cfc80 Thread exited: 0x000001af6d5cfc80
Event: 84170.187 Thread 0x000001af6a3acb80 Thread exited: 0x000001af6a3acb80
Event: 84170.311 Thread 0x000001af6a3adf30 Thread exited: 0x000001af6a3adf30
Event: 84230.192 Thread 0x000001af6d5d1d50 Thread exited: 0x000001af6d5d1d50
Event: 84290.203 Thread 0x000001af6c01ce30 Thread exited: 0x000001af6c01ce30
Event: 84350.202 Thread 0x000001af6c01b3f0 Thread exited: 0x000001af6c01b3f0
Event: 84410.213 Thread 0x000001af6c01ef00 Thread exited: 0x000001af6c01ef00
Event: 84470.219 Thread 0x000001af6c01fc20 Thread exited: 0x000001af6c01fc20


Dynamic libraries:
0x00007ff629350000 - 0x00007ff62935e000 	c:\Users\chief\.vscode\extensions\redhat.java-1.51.0-win32-x64\jre\21.0.9-win32-x86_64\bin\java.exe
0x00007ffd479c0000 - 0x00007ffd47c27000 	C:\WINDOWS\SYSTEM32\ntdll.dll
0x00007ffd46bc0000 - 0x00007ffd46c89000 	C:\WINDOWS\System32\KERNEL32.DLL
0x00007ffd44e60000 - 0x00007ffd4524f000 	C:\WINDOWS\System32\KERNELBASE.dll
0x00007ffd45610000 - 0x00007ffd4575b000 	C:\WINDOWS\System32\ucrtbase.dll
0x00007ffd13120000 - 0x00007ffd13138000 	c:\Users\chief\.vscode\extensions\redhat.java-1.51.0-win32-x64\jre\21.0.9-win32-x86_64\bin\jli.dll
0x00007ffd14b90000 - 0x00007ffd14bae000 	c:\Users\chief\.vscode\extensions\redhat.java-1.51.0-win32-x64\jre\21.0.9-win32-x86_64\bin\VCRUNTIME140.dll
0x00007ffd46980000 - 0x00007ffd46b45000 	C:\WINDOWS\System32\USER32.dll
0x00007ffd24e90000 - 0x00007ffd25123000 	C:\WINDOWS\WinSxS\amd64_microsoft.windows.common-controls_6595b64144ccf1df_6.0.26100.7309_none_3e05feeae336a044\COMCTL32.dll
0x00007ffd45260000 - 0x00007ffd45287000 	C:\WINDOWS\System32\win32u.dll
0x00007ffd46b60000 - 0x00007ffd46b8b000 	C:\WINDOWS\System32\GDI32.dll
0x00007ffd46fe0000 - 0x00007ffd47089000 	C:\WINDOWS\System32\msvcrt.dll
0x00007ffd44b10000 - 0x00007ffd44c3c000 	C:\WINDOWS\System32\gdi32full.dll
0x00007ffd453e0000 - 0x00007ffd45483000 	C:\WINDOWS\System32\msvcp_win.dll
0x00007ffd46e70000 - 0x00007ffd46ea1000 	C:\WINDOWS\System32\IMM32.DLL
0x00007ffd3d030000 - 0x00007ffd3d03c000 	c:\Users\chief\.vscode\extensions\redhat.java-1.51.0-win32-x64\jre\21.0.9-win32-x86_64\bin\vcruntime140_1.dll
0x00007ffcfc290000 - 0x00007ffcfc31d000 	c:\Users\chief\.vscode\extensions\redhat.java-1.51.0-win32-x64\jre\21.0.9-win32-x86_64\bin\msvcp140.dll
0x00007ffc3cc40000 - 0x00007ffc3d9e0000 	c:\Users\chief\.vscode\extensions\redhat.java-1.51.0-win32-x64\jre\21.0.9-win32-x86_64\bin\server\jvm.dll
0x00007ffd470f0000 - 0x00007ffd471a4000 	C:\WINDOWS\System32\ADVAPI32.dll
0x00007ffd45a80000 - 0x00007ffd45b26000 	C:\WINDOWS\System32\sechost.dll
0x00007ffd46ec0000 - 0x00007ffd46fd8000 	C:\WINDOWS\System32\RPCRT4.dll
0x00007ffd46da0000 - 0x00007ffd46e14000 	C:\WINDOWS\System32\WS2_32.dll
0x00007ffd44970000 - 0x00007ffd449ce000 	C:\WINDOWS\SYSTEM32\POWRPROF.dll
0x00007ffd3c080000 - 0x00007ffd3c08b000 	C:\WINDOWS\SYSTEM32\VERSION.dll
0x00007ffd2a380000 - 0x00007ffd2a3b5000 	C:\WINDOWS\SYSTEM32\WINMM.dll
0x00007ffd44950000 - 0x00007ffd44964000 	C:\WINDOWS\SYSTEM32\UMPDC.dll
0x00007ffd437e0000 - 0x00007ffd437fb000 	C:\WINDOWS\SYSTEM32\kernel.appcore.dll
0x00007ffd2ebb0000 - 0x00007ffd2ebba000 	c:\Users\chief\.vscode\extensions\redhat.java-1.51.0-win32-x64\jre\21.0.9-win32-x86_64\bin\jimage.dll
0x00007ffd42170000 - 0x00007ffd423b2000 	C:\WINDOWS\SYSTEM32\DBGHELP.DLL
0x00007ffd47220000 - 0x00007ffd475a6000 	C:\WINDOWS\System32\combase.dll
0x00007ffd45990000 - 0x00007ffd45a66000 	C:\WINDOWS\System32\OLEAUT32.dll
0x00007ffd2d280000 - 0x00007ffd2d2bc000 	C:\WINDOWS\SYSTEM32\dbgcore.DLL
0x00007ffd44c40000 - 0x00007ffd44ce5000 	C:\WINDOWS\System32\bcryptPrimitives.dll
0x00007ffd15da0000 - 0x00007ffd15daf000 	c:\Users\chief\.vscode\extensions\redhat.java-1.51.0-win32-x64\jre\21.0.9-win32-x86_64\bin\instrument.dll
0x00007ffd12950000 - 0x00007ffd12970000 	c:\Users\chief\.vscode\extensions\redhat.java-1.51.0-win32-x64\jre\21.0.9-win32-x86_64\bin\java.dll
0x00007ffd46220000 - 0x00007ffd46973000 	C:\WINDOWS\System32\SHELL32.dll
0x00007ffd44cf0000 - 0x00007ffd44e5a000 	C:\WINDOWS\System32\wintypes.dll
0x00007ffd426f0000 - 0x00007ffd42f4e000 	C:\WINDOWS\SYSTEM32\windows.storage.dll
0x00007ffd46ca0000 - 0x00007ffd46d95000 	C:\WINDOWS\System32\SHCORE.dll
0x00007ffd471b0000 - 0x00007ffd47216000 	C:\WINDOWS\System32\shlwapi.dll
0x00007ffd44a30000 - 0x00007ffd44a59000 	C:\WINDOWS\SYSTEM32\profapi.dll
0x00007ffd05690000 - 0x00007ffd056a8000 	c:\Users\chief\.vscode\extensions\redhat.java-1.51.0-win32-x64\jre\21.0.9-win32-x86_64\bin\zip.dll
0x00007ffd2eb80000 - 0x00007ffd2eb90000 	C:\Users\chief\.vscode\extensions\redhat.java-1.51.0-win32-x64\jre\21.0.9-win32-x86_64\bin\net.dll
0x00007ffd3bd50000 - 0x00007ffd3be78000 	C:\WINDOWS\SYSTEM32\WINHTTP.dll
0x00007ffd43dd0000 - 0x00007ffd43e3b000 	C:\WINDOWS\system32\mswsock.dll
0x00007ffd11090000 - 0x00007ffd110a6000 	C:\Users\chief\.vscode\extensions\redhat.java-1.51.0-win32-x64\jre\21.0.9-win32-x86_64\bin\nio.dll
0x00007ffd141a0000 - 0x00007ffd141b0000 	c:\Users\chief\.vscode\extensions\redhat.java-1.51.0-win32-x64\jre\21.0.9-win32-x86_64\bin\verify.dll
0x00007ffcfbf30000 - 0x00007ffcfbf74000 	C:\Users\chief\AppData\Roaming\Code\User\globalStorage\redhat.java\1.51.0\config_win\org.eclipse.equinox.launcher\org.eclipse.equinox.launcher.win32.win32.x86_64_1.2.1400.v20250801-0854\eclipse_11916.dll
0x00007ffd45fc0000 - 0x00007ffd46157000 	C:\WINDOWS\System32\ole32.dll
0x00007ffd15de0000 - 0x00007ffd15dea000 	C:\Users\chief\.vscode\extensions\redhat.java-1.51.0-win32-x64\jre\21.0.9-win32-x86_64\bin\management.dll
0x00007ffd15dd0000 - 0x00007ffd15ddc000 	C:\Users\chief\.vscode\extensions\redhat.java-1.51.0-win32-x64\jre\21.0.9-win32-x86_64\bin\management_ext.dll
0x00007ffd46c90000 - 0x00007ffd46c98000 	C:\WINDOWS\System32\PSAPI.DLL
0x00007ffd441c0000 - 0x00007ffd441db000 	C:\WINDOWS\SYSTEM32\CRYPTSP.dll
0x00007ffd43800000 - 0x00007ffd4383a000 	C:\WINDOWS\system32\rsaenh.dll
0x00007ffd43e80000 - 0x00007ffd43eab000 	C:\WINDOWS\SYSTEM32\USERENV.dll
0x00007ffd44a00000 - 0x00007ffd44a2a000 	C:\WINDOWS\SYSTEM32\bcrypt.dll
0x00007ffd44020000 - 0x00007ffd4402c000 	C:\WINDOWS\SYSTEM32\CRYPTBASE.dll
0x00007ffd432c0000 - 0x00007ffd432f4000 	C:\WINDOWS\SYSTEM32\IPHLPAPI.DLL
0x00007ffd46b50000 - 0x00007ffd46b5a000 	C:\WINDOWS\System32\NSI.dll
0x00007ffcfc550000 - 0x00007ffcfc599000 	C:\Users\chief\AppData\Local\Temp\jna-94630981\jna6087582339093675566.dll
0x00007ffd3c090000 - 0x00007ffd3c0ae000 	C:\WINDOWS\SYSTEM32\dhcpcsvc6.DLL
0x00007ffd39fb0000 - 0x00007ffd39fd3000 	C:\WINDOWS\SYSTEM32\dhcpcsvc.DLL
0x00007ffd15dc0000 - 0x00007ffd15dce000 	C:\Users\chief\.vscode\extensions\redhat.java-1.51.0-win32-x64\jre\21.0.9-win32-x86_64\bin\sunmscapi.dll
0x00007ffd45490000 - 0x00007ffd45607000 	C:\WINDOWS\System32\CRYPT32.dll
0x00007ffd44310000 - 0x00007ffd44340000 	C:\WINDOWS\SYSTEM32\ncrypt.dll
0x00007ffd442c0000 - 0x00007ffd442ff000 	C:\WINDOWS\SYSTEM32\NTASN1.dll
0x00007ffd43300000 - 0x00007ffd4342c000 	C:\WINDOWS\SYSTEM32\DNSAPI.dll
0x00007ffd3d2b0000 - 0x00007ffd3d2bb000 	C:\Windows\System32\rasadhlp.dll
0x00007ffd36630000 - 0x00007ffd366b6000 	C:\WINDOWS\System32\fwpuclnt.dll
0x00007ffd15db0000 - 0x00007ffd15db9000 	C:\Users\chief\.vscode\extensions\redhat.java-1.51.0-win32-x64\jre\21.0.9-win32-x86_64\bin\extnet.dll

JVMTI agents:
c:\Users\chief\.vscode\extensions\redhat.java-1.51.0-win32-x64\lombok\lombok-1.18.39-4050.jar path:c:\Users\chief\.vscode\extensions\redhat.java-1.51.0-win32-x64\jre\21.0.9-win32-x86_64\bin\instrument.dll, loaded, initialized, instrumentlib options:none

dbghelp: loaded successfully - version: 4.0.5 - missing functions: none
symbol engine: initialized successfully - sym options: 0x614 - pdb path: .;c:\Users\chief\.vscode\extensions\redhat.java-1.51.0-win32-x64\jre\21.0.9-win32-x86_64\bin;C:\WINDOWS\SYSTEM32;C:\WINDOWS\WinSxS\amd64_microsoft.windows.common-controls_6595b64144ccf1df_6.0.26100.7309_none_3e05feeae336a044;c:\Users\chief\.vscode\extensions\redhat.java-1.51.0-win32-x64\jre\21.0.9-win32-x86_64\bin\server;C:\Users\chief\AppData\Roaming\Code\User\globalStorage\redhat.java\1.51.0\config_win\org.eclipse.equinox.launcher\org.eclipse.equinox.launcher.win32.win32.x86_64_1.2.1400.v20250801-0854;C:\Users\chief\AppData\Local\Temp\jna-94630981

VM Arguments:
jvm_args: --add-modules=ALL-SYSTEM --add-opens=java.base/java.util=ALL-UNNAMED --add-opens=java.base/java.lang=ALL-UNNAMED --add-opens=java.base/sun.nio.fs=ALL-UNNAMED -Declipse.application=org.eclipse.jdt.ls.core.id1 -Dosgi.bundles.defaultStartLevel=4 -Declipse.product=org.eclipse.jdt.ls.core.product -Djava.import.generatesMetadataFilesAtProjectRoot=false -DDetectVMInstallationsJob.disabled=true -Dfile.encoding=utf8 -XX:+UseParallelGC -XX:GCTimeRatio=4 -XX:AdaptiveSizePolicyWeight=90 -Dsun.zip.disableMemoryMapping=true -Xmx2G -Xms100m -Xlog:disable -javaagent:c:\Users\chief\.vscode\extensions\redhat.java-1.51.0-win32-x64\lombok\lombok-1.18.39-4050.jar -XX:+HeapDumpOnOutOfMemoryError -XX:HeapDumpPath=c:\Users\chief\AppData\Roaming\Code\User\workspaceStorage\7edd855c5745efe6cb82c3d65ead820d\redhat.java -Daether.dependencyCollector.impl=bf 
java_command: c:\Users\chief\.vscode\extensions\redhat.java-1.51.0-win32-x64\server\plugins\org.eclipse.equinox.launcher_1.7.100.v20251111-0406.jar -configuration c:\Users\chief\AppData\Roaming\Code\User\globalStorage\redhat.java\1.51.0\config_win -data c:\Users\chief\AppData\Roaming\Code\User\workspaceStorage\7edd855c5745efe6cb82c3d65ead820d\redhat.java\jdt_ws --pipe=\\.\pipe\lsp-3679bb2f9c7cf30df2180ada2e31aeca-sock
java_class_path (initial): c:\Users\chief\.vscode\extensions\redhat.java-1.51.0-win32-x64\server\plugins\org.eclipse.equinox.launcher_1.7.100.v20251111-0406.jar
Launcher Type: SUN_STANDARD

[Global flags]
    uintx AdaptiveSizePolicyWeight                 = 90                                        {product} {command line}
     intx CICompilerCount                          = 12                                        {product} {ergonomic}
    uintx GCTimeRatio                              = 4                                         {product} {command line}
     bool HeapDumpOnOutOfMemoryError               = true                                   {manageable} {command line}
    ccstr HeapDumpPath                             = c:\Users\chief\AppData\Roaming\Code\User\workspaceStorage\7edd855c5745efe6cb82c3d65ead820d\redhat.java         {manageable} {command line}
   size_t InitialHeapSize                          = 104857600                                 {product} {command line}
   size_t MaxHeapSize                              = 2147483648                                {product} {command line}
   size_t MaxNewSize                               = 715653120                                 {product} {ergonomic}
   size_t MinHeapDeltaBytes                        = 524288                                    {product} {ergonomic}
   size_t MinHeapSize                              = 104857600                                 {product} {command line}
   size_t NewSize                                  = 34603008                                  {product} {ergonomic}
    uintx NonNMethodCodeHeapSize                   = 7602480                                {pd product} {ergonomic}
    uintx NonProfiledCodeHeapSize                  = 122027880                              {pd product} {ergonomic}
   size_t OldSize                                  = 70254592                                  {product} {ergonomic}
    uintx ProfiledCodeHeapSize                     = 122027880                              {pd product} {ergonomic}
    uintx ReservedCodeCacheSize                    = 251658240                              {pd product} {ergonomic}
     bool SegmentedCodeCache                       = true                                      {product} {ergonomic}
   size_t SoftMaxHeapSize                          = 2147483648                             {manageable} {ergonomic}
     bool UseCompressedOops                        = true                           {product lp64_product} {ergonomic}
     bool UseLargePagesIndividualAllocation        = false                                  {pd product} {ergonomic}
     bool UseParallelGC                            = true                                      {product} {command line}

Logging:
Log output configuration:
 #0: stdout all=off uptime,level,tags foldmultilines=false
 #1: stderr all=off uptime,level,tags foldmultilines=false

Release file:
JAVA_VERSION="21.0.9" 
MODULES="java.base java.compiler java.datatransfer java.xml java.prefs java.desktop java.instrument java.logging java.management java.security.sasl java.naming java.rmi java.management.rmi java.net.http java.scripting java.security.jgss java.transaction.xa java.sql java.sql.rowset java.xml.crypto java.se java.smartcardio jdk.accessibility jdk.internal.jvmstat jdk.attach jdk.charsets jdk.internal.opt jdk.zipfs jdk.compiler jdk.crypto.ec jdk.crypto.cryptoki jdk.crypto.mscapi jdk.dynalink jdk.internal.ed jdk.editpad jdk.hotspot.agent jdk.httpserver jdk.internal.le jdk.internal.vm.ci jdk.internal.vm.compiler jdk.internal.vm.compiler.management jdk.jartool jdk.javadoc jdk.jcmd jdk.management jdk.management.agent jdk.jconsole jdk.jdeps jdk.jdwp.agent jdk.jdi jdk.jfr jdk.jshell jdk.jsobject jdk.jstatd jdk.localedata jdk.management.jfr jdk.naming.dns jdk.naming.rmi jdk.net jdk.nio.mapmode jdk.random jdk.sctp jdk.security.auth jdk.security.jgss jdk.unsupported jdk.unsupported.desktop jdk.xml.dom" 

Environment Variables:
JAVA_HOME=C:\Program Files\Java\jdk-23
PATH=C:\Program Files\Java\jdk-23\bin;C:\Program Files (x86)\Common Files\Intel\Shared Libraries\redist\intel64_win\compiler;C:\Program Files\Common Files\Oracle\Java\javapath;C:\WINDOWS\system32;C:\WINDOWS;C:\WINDOWS\System32\Wbem;C:\WINDOWS\System32\WindowsPowerShell\v1.0\;C:\WINDOWS\System32\OpenSSH\;C:\Users\chief\AppData\Roaming\nvm;C:\Program Files\nodejs;C:\Program Files\apache-maven-3.9.6\bin;C:\apache-maven-3.9.6\bin;C:\maven\apache-maven-3.9.6\bin;C:\Program Files\Java\jdk-23\bin;C:\maven\apache-maven-3.9.6\bin;C:\ProgramData\chocolatey\bin;C:\Program Files\nodejs;C:\Program Files\Git\cmd;C:\Program Files\nodejs\;C:\poppler\poppler-24.08.0\Library\bin;C:\Program Files\Tesseract-OCR;C:\Program Files\JetBrains\IntelliJ IDEA 2023.3.4\bin;C:\Program Files\Java\jdk-23;C:\Users\chief\AppData\Local\Programs\Python\Python313\Scripts\;C:\Users\chief\AppData\Local\Programs\P;C:\Program Files\PostgreSQL\17\bin;C:\Users\chief\AppData\Local\JetBrains\IntelliJ IDEA 2024.3.2.1\bin;;C:\Program Files\Docker\Docker\resources\bin;C:\Users\chief\AppData\Local\Programs\Python\Python313\Scripts\;C:\Users\chief\AppData\Local\Programs\Python\Python313\;C:\Users\chief\AppData\Local\Programs\Python\Launcher\;C:\Users\chief\AppData\Local\Microsoft\WindowsApps;C:\Users\chief\AppData\Local\Programs\Microsoft VS Code\bin;C:\Program Files\JetBrains\IntelliJ IDEA 2023.3.4\bin;;C:\Users\chief\AppData\Roaming\nvm;C:\Program Files\nodejs;C:\apache-maven-3.9.6\bin;C:\Program Files\Git\bin;C:\Program Files\flutter\bin;C:\flutter\bin;C:\Git\cmd;C:\Program Files\Git\cmd;C:\Program Files\Java\jdk-21\bin;C:\Users\chief\AppData\Roaming\npm;C:\Program Files\Java\jdk-23\bin;C:\Users\chief\.local\bin;C:\Program Files\Docker\Docker\resources\bin;
USERNAME=chief
OS=Windows_NT
PROCESSOR_IDENTIFIER=Intel64 Family 6 Model 141 Stepping 1, GenuineIntel
TMP=C:\Users\chief\AppData\Local\Temp
TEMP=C:\Users\chief\AppData\Local\Temp




Periodic native trim disabled

---------------  S Y S T E M  ---------------

OS:
 Windows 11 , 64 bit Build 26100 (10.0.26100.7623)
OS uptime: 5 days 3:24 hours
Hyper-V role detected

CPU: total 16 (initial active 16) (8 cores per cpu, 2 threads per core) family 6 model 141 stepping 1 microcode 0x3c, cx8, cmov, fxsr, ht, mmx, 3dnowpref, sse, sse2, sse3, ssse3, sse4.1, sse4.2, popcnt, lzcnt, tsc, tscinvbit, avx, avx2, aes, erms, clmul, bmi1, bmi2, adx, avx512f, avx512dq, avx512cd, avx512bw, avx512vl, sha, fma, vzeroupper, avx512_vpopcntdq, avx512_vpclmulqdq, avx512_vaes, avx512_vnni, clflush, clflushopt, clwb, avx512_vbmi2, avx512_vbmi, hv, rdtscp, rdpid, fsrm, gfni, avx512_bitalg, f16c, cet_ibt, cet_ss, avx512_ifma
Processor Information for the first 16 processors :
  Max Mhz: 2304, Current Mhz: 2304, Mhz Limit: 2304

Memory: 4k page, system-wide physical 16163M (575M free)
TotalPageFile size 61769M (AvailPageFile size 7M)
current process WorkingSet (physical memory assigned to process): 13M, peak: 1725M
current process commit charge ("private bytes"): 1011M, peak: 1860M

vm_info: OpenJDK 64-Bit Server VM (21.0.9+10-LTS) for windows-amd64 JRE (21.0.9+10-LTS), built on 2025-10-21T00:00:00Z by "admin" with unknown MS VC++:1942

END.
