#
# There is insufficient memory for the Java Runtime Environment to continue.
# Native memory allocation (malloc) failed to allocate 274608 bytes. Error detail: Chunk::new
# Possible reasons:
#   The system is out of physical RAM or swap space
#   This process is running with CompressedOops enabled, and the Java Heap may be blocking the growth of the native heap
# Possible solutions:
#   Reduce memory load on the system
#   Increase physical memory or swap space
#   Check if swap backing store is full
#   Decrease Java heap size (-Xmx/-Xms)
#   Decrease number of Java threads
#   Decrease Java thread stack sizes (-Xss)
#   Set larger code cache with -XX:ReservedCodeCacheSize=
#   JVM is running with Unscaled Compressed Oops mode in which the Java heap is
#     placed in the first 4GB address space. The Java Heap base address is the
#     maximum limit for the native heap growth. Please use -XX:HeapBaseMinAddress
#     to set the Java Heap base and to place the Java Heap above 4GB virtual address.
# This output file may be truncated or incomplete.
#
#  Out of Memory Error (arena.cpp:168), pid=52256, tid=132924
#
# JRE version: OpenJDK Runtime Environment Temurin-21.0.9+10 (21.0.9+10) (build 21.0.9+10-LTS)
# Java VM: OpenJDK 64-Bit Server VM Temurin-21.0.9+10 (21.0.9+10-LTS, mixed mode, sharing, tiered, compressed oops, compressed class ptrs, parallel gc, windows-amd64)
# No core dump will be written. Minidumps are not enabled by default on client versions of Windows
#

---------------  S U M M A R Y ------------

Command Line: --add-modules=ALL-SYSTEM --add-opens=java.base/java.util=ALL-UNNAMED --add-opens=java.base/java.lang=ALL-UNNAMED --add-opens=java.base/sun.nio.fs=ALL-UNNAMED -Declipse.application=org.eclipse.jdt.ls.core.id1 -Dosgi.bundles.defaultStartLevel=4 -Declipse.product=org.eclipse.jdt.ls.core.product -Djava.import.generatesMetadataFilesAtProjectRoot=false -DDetectVMInstallationsJob.disabled=true -Dfile.encoding=utf8 -XX:+UseParallelGC -XX:GCTimeRatio=4 -XX:AdaptiveSizePolicyWeight=90 -Dsun.zip.disableMemoryMapping=true -Xmx2G -Xms100m -Xlog:disable -javaagent:c:\Users\chief\.vscode\extensions\redhat.java-1.51.0-win32-x64\lombok\lombok-1.18.39-4050.jar -XX:+HeapDumpOnOutOfMemoryError -XX:HeapDumpPath=c:\Users\chief\AppData\Roaming\Code\User\workspaceStorage\7edd855c5745efe6cb82c3d65ead820d\redhat.java -Daether.dependencyCollector.impl=bf c:\Users\chief\.vscode\extensions\redhat.java-1.51.0-win32-x64\server\plugins\org.eclipse.equinox.launcher_1.7.100.v20251111-0406.jar -configuration c:\Users\chief\AppData\Roaming\Code\User\globalStorage\redhat.java\1.51.0\config_win -data c:\Users\chief\AppData\Roaming\Code\User\workspaceStorage\7edd855c5745efe6cb82c3d65ead820d\redhat.java\jdt_ws --pipe=\\.\pipe\lsp-5999de2c9d272d3494d7f18276e7e694-sock

Host: 11th Gen Intel(R) Core(TM) i7-11800H @ 2.30GHz, 16 cores, 15G,  Windows 11 , 64 bit Build 26100 (10.0.26100.7623)
Time: Wed Jan 21 12:34:57 2026 E. Africa Standard Time elapsed time: 36.369706 seconds (0d 0h 0m 36s)

---------------  T H R E A D  ---------------

Current thread (0x00000238ef3d1cc0):  JavaThread "C2 CompilerThread0" daemon [_thread_in_native, id=132924, stack(0x0000006126100000,0x0000006126200000) (1024K)]


Current CompileTask:
C2:36369 15108       4       org.eclipse.jdt.internal.compiler.lookup.SplitPackageBinding::combineAll (202 bytes)

Stack: [0x0000006126100000,0x0000006126200000]
Native frames: (J=compiled Java code, j=interpreted, Vv=VM code, C=native code)
V  [jvm.dll+0x6d6e29]
V  [jvm.dll+0x8b4b76]
V  [jvm.dll+0x8b712e]
V  [jvm.dll+0x8b7813]
V  [jvm.dll+0x283d86]
V  [jvm.dll+0xc66ed]
V  [jvm.dll+0xc6c31]
V  [jvm.dll+0x14210f]
V  [jvm.dll+0x65f832]
V  [jvm.dll+0x663d26]
V  [jvm.dll+0x24be1b]
V  [jvm.dll+0x24b580]
V  [jvm.dll+0x1cb13e]
V  [jvm.dll+0x25b29d]
V  [jvm.dll+0x25982a]
V  [jvm.dll+0x3f7ea6]
V  [jvm.dll+0x85e9ad]
V  [jvm.dll+0x6d565d]
C  [ucrtbase.dll+0x37b0]
C  [KERNEL32.DLL+0x2e8d7]
C  [ntdll.dll+0x8c53c]


---------------  P R O C E S S  ---------------

Threads class SMR info:
_java_thread_list=0x00000238f9274210, length=106, elements={
0x00000238941afd30, 0x00000238acfbd330, 0x00000238acfbe140, 0x00000238965bc530,
0x00000238965beda0, 0x00000238965c2950, 0x00000238965c82e0, 0x00000238ef3d1cc0,
0x00000238ef3de3a0, 0x00000238ef610520, 0x00000238f51b2000, 0x00000238f5588710,
0x00000238f5589ac0, 0x00000238f5589430, 0x00000238f5588080, 0x00000238f55879f0,
0x00000238f5588da0, 0x00000238f558a150, 0x00000238f5c85130, 0x00000238f5c836f0,
0x00000238f5c83060, 0x00000238f5c84aa0, 0x00000238f5c857c0, 0x00000238f5c87200,
0x00000238f5c83d80, 0x00000238f5c85e50, 0x00000238f5c84410, 0x00000238f5c86b70,
0x00000238f5c892d0, 0x00000238f5c89960, 0x00000238f5c87890, 0x00000238f5c864e0,
0x00000238f5c89ff0, 0x00000238f5c87f20, 0x00000238f5c885b0, 0x00000238f5c88c40,
0x00000238f5c8a680, 0x00000238f773d380, 0x00000238f773f450, 0x00000238f7740170,
0x00000238f7740800, 0x00000238f773fae0, 0x00000238f773da10, 0x00000238f7740e90,
0x00000238f7741bb0, 0x00000238f7742240, 0x00000238f77428d0, 0x00000238f7742f60,
0x00000238f77435f0, 0x00000238f7743c80, 0x00000238f7744310, 0x00000238f77449a0,
0x00000238f712c100, 0x00000238f712c790, 0x00000238f712ce20, 0x00000238f712db40,
0x00000238f712d4b0, 0x00000238f712e1d0, 0x00000238f712ba70, 0x00000238f712eef0,
0x00000238f712f580, 0x00000238f712fc10, 0x00000238f71302a0, 0x00000238f7130930,
0x00000238f7130fc0, 0x00000238f7131650, 0x00000238f7131ce0, 0x00000238f712e860,
0x00000238f7132370, 0x00000238f7132a00, 0x00000238f7133090, 0x00000238f5c2ba90,
0x00000238f5c2b400, 0x00000238f5c2ad70, 0x00000238f5c2a050, 0x00000238f5c28ca0,
0x00000238f5c2c7b0, 0x00000238f5c2a6e0, 0x00000238f5c29330, 0x00000238f5c2ce40,
0x00000238f5c299c0, 0x00000238f5c2db60, 0x00000238f5c2d4d0, 0x00000238f5c2e1f0,
0x00000238f5c2e880, 0x00000238f5c2fc30, 0x00000238f6e5ef70, 0x00000238f6e60320,
0x00000238f6e5f600, 0x00000238f6e5e8e0, 0x00000238f6e5dbc0, 0x00000238f6e623f0,
0x00000238f6e61d60, 0x00000238f6e62a80, 0x00000238f6e63110, 0x00000238f6e5fc90,
0x00000238f6e63e30, 0x00000238f6e637a0, 0x00000238f6e644c0, 0x00000238f6e64b50,
0x00000238f6e651e0, 0x00000238fa7aa1b0, 0x00000238fa7aa880, 0x00000238fa7a7200,
0x00000238fa7abcf0, 0x00000238fa7ac3c0
}

Java Threads: ( => current thread )
  0x00000238941afd30 JavaThread "main"                              [_thread_blocked, id=7248, stack(0x0000006125700000,0x0000006125800000) (1024K)]
  0x00000238acfbd330 JavaThread "Reference Handler"          daemon [_thread_blocked, id=112420, stack(0x0000006125b00000,0x0000006125c00000) (1024K)]
  0x00000238acfbe140 JavaThread "Finalizer"                  daemon [_thread_blocked, id=50060, stack(0x0000006125c00000,0x0000006125d00000) (1024K)]
  0x00000238965bc530 JavaThread "Signal Dispatcher"          daemon [_thread_blocked, id=96456, stack(0x0000006125d00000,0x0000006125e00000) (1024K)]
  0x00000238965beda0 JavaThread "Attach Listener"            daemon [_thread_blocked, id=57376, stack(0x0000006125e00000,0x0000006125f00000) (1024K)]
  0x00000238965c2950 JavaThread "Service Thread"             daemon [_thread_blocked, id=42788, stack(0x0000006125f00000,0x0000006126000000) (1024K)]
  0x00000238965c82e0 JavaThread "Monitor Deflation Thread"   daemon [_thread_blocked, id=67052, stack(0x0000006126000000,0x0000006126100000) (1024K)]
=>0x00000238ef3d1cc0 JavaThread "C2 CompilerThread0"         daemon [_thread_in_native, id=132924, stack(0x0000006126100000,0x0000006126200000) (1024K)]
  0x00000238ef3de3a0 JavaThread "C1 CompilerThread0"         daemon [_thread_in_native, id=107356, stack(0x0000006126200000,0x0000006126300000) (1024K)]
  0x00000238ef610520 JavaThread "Common-Cleaner"             daemon [_thread_blocked, id=101512, stack(0x0000006126500000,0x0000006126600000) (1024K)]
  0x00000238f51b2000 JavaThread "Notification Thread"        daemon [_thread_blocked, id=98360, stack(0x0000006126700000,0x0000006126800000) (1024K)]
  0x00000238f5588710 JavaThread "Active Thread: Equinox Container: 554fae66-f53d-4b9b-a864-09d0c03a13c1"        [_thread_blocked, id=125660, stack(0x0000006126e00000,0x0000006126f00000) (1024K)]
  0x00000238f5589ac0 JavaThread "Refresh Thread: Equinox Container: 554fae66-f53d-4b9b-a864-09d0c03a13c1" daemon [_thread_blocked, id=32628, stack(0x0000006126300000,0x0000006126400000) (1024K)]
  0x00000238f5589430 JavaThread "Framework Event Dispatcher: Equinox Container: 554fae66-f53d-4b9b-a864-09d0c03a13c1" daemon [_thread_blocked, id=115128, stack(0x0000006126400000,0x0000006126500000) (1024K)]
  0x00000238f5588080 JavaThread "Start Level: Equinox Container: 554fae66-f53d-4b9b-a864-09d0c03a13c1" daemon [_thread_blocked, id=57948, stack(0x0000006126600000,0x0000006126700000) (1024K)]
  0x00000238f55879f0 JavaThread "Bundle File Closer"         daemon [_thread_blocked, id=74556, stack(0x0000006127500000,0x0000006127600000) (1024K)]
  0x00000238f5588da0 JavaThread "SCR Component Actor"        daemon [_thread_blocked, id=114532, stack(0x0000006127000000,0x0000006127100000) (1024K)]
  0x00000238f558a150 JavaThread "Worker-JM"                         [_thread_blocked, id=129460, stack(0x0000006127800000,0x0000006127900000) (1024K)]
  0x00000238f5c85130 JavaThread "JNA Cleaner"                daemon [_thread_blocked, id=68048, stack(0x0000006127c00000,0x0000006127d00000) (1024K)]
  0x00000238f5c836f0 JavaThread "Worker-0"                          [_thread_blocked, id=122752, stack(0x0000006127d00000,0x0000006127e00000) (1024K)]
  0x00000238f5c83060 JavaThread "Worker-1"                          [_thread_blocked, id=87388, stack(0x0000006127e00000,0x0000006127f00000) (1024K)]
  0x00000238f5c84aa0 JavaThread "Worker-2"                          [_thread_blocked, id=105388, stack(0x0000006127f00000,0x0000006128000000) (1024K)]
  0x00000238f5c857c0 JavaThread "Java indexing"              daemon [_thread_blocked, id=113296, stack(0x0000006128000000,0x0000006128100000) (1024K)]
  0x00000238f5c87200 JavaThread "Worker-3"                          [_thread_blocked, id=94636, stack(0x0000006128100000,0x0000006128200000) (1024K)]
  0x00000238f5c83d80 JavaThread "Thread-1"                   daemon [_thread_in_native, id=128892, stack(0x0000006128500000,0x0000006128600000) (1024K)]
  0x00000238f5c85e50 JavaThread "Thread-2"                   daemon [_thread_in_native, id=76160, stack(0x0000006128600000,0x0000006128700000) (1024K)]
  0x00000238f5c84410 JavaThread "Thread-3"                   daemon [_thread_in_native, id=81104, stack(0x0000006128700000,0x0000006128800000) (1024K)]
  0x00000238f5c86b70 JavaThread "Thread-4"                   daemon [_thread_in_native, id=53064, stack(0x0000006128800000,0x0000006128900000) (1024K)]
  0x00000238f5c892d0 JavaThread "Thread-5"                   daemon [_thread_in_native, id=125944, stack(0x0000006128900000,0x0000006128a00000) (1024K)]
  0x00000238f5c89960 JavaThread "Thread-6"                   daemon [_thread_in_native, id=45972, stack(0x0000006128a00000,0x0000006128b00000) (1024K)]
  0x00000238f5c87890 JavaThread "Thread-7"                   daemon [_thread_in_native, id=96516, stack(0x0000006128b00000,0x0000006128c00000) (1024K)]
  0x00000238f5c864e0 JavaThread "Thread-8"                   daemon [_thread_in_native, id=108720, stack(0x0000006128c00000,0x0000006128d00000) (1024K)]
  0x00000238f5c89ff0 JavaThread "Thread-9"                   daemon [_thread_in_native, id=19836, stack(0x0000006128d00000,0x0000006128e00000) (1024K)]
  0x00000238f5c87f20 JavaThread "Thread-10"                  daemon [_thread_in_native, id=121124, stack(0x0000006128e00000,0x0000006128f00000) (1024K)]
  0x00000238f5c885b0 JavaThread "Thread-11"                  daemon [_thread_in_native, id=71880, stack(0x0000006128f00000,0x0000006129000000) (1024K)]
  0x00000238f5c88c40 JavaThread "Thread-12"                  daemon [_thread_in_native, id=103060, stack(0x0000006129000000,0x0000006129100000) (1024K)]
  0x00000238f5c8a680 JavaThread "Thread-13"                  daemon [_thread_in_native, id=121404, stack(0x0000006129100000,0x0000006129200000) (1024K)]
  0x00000238f773d380 JavaThread "Thread-14"                  daemon [_thread_in_native, id=70052, stack(0x0000006129200000,0x0000006129300000) (1024K)]
  0x00000238f773f450 JavaThread "Thread-15"                  daemon [_thread_in_native, id=116292, stack(0x0000006129300000,0x0000006129400000) (1024K)]
  0x00000238f7740170 JavaThread "Thread-16"                  daemon [_thread_in_native, id=21404, stack(0x0000006129400000,0x0000006129500000) (1024K)]
  0x00000238f7740800 JavaThread "Thread-17"                  daemon [_thread_in_native, id=1180, stack(0x0000006129500000,0x0000006129600000) (1024K)]
  0x00000238f773fae0 JavaThread "pool-2-thread-1"                   [_thread_blocked, id=47836, stack(0x0000006129600000,0x0000006129700000) (1024K)]
  0x00000238f773da10 JavaThread "WorkspaceEventsHandler"            [_thread_blocked, id=33584, stack(0x0000006129700000,0x0000006129800000) (1024K)]
  0x00000238f7740e90 JavaThread "pool-1-thread-1"                   [_thread_blocked, id=112684, stack(0x0000006129800000,0x0000006129900000) (1024K)]
  0x00000238f7741bb0 JavaThread "LocalFile Deleter"          daemon [_thread_blocked, id=9072, stack(0x0000006129900000,0x0000006129a00000) (1024K)]
  0x00000238f7742240 JavaThread "LocalFile Deleter"          daemon [_thread_blocked, id=78112, stack(0x0000006129a00000,0x0000006129b00000) (1024K)]
  0x00000238f77428d0 JavaThread "LocalFile Deleter"          daemon [_thread_blocked, id=43880, stack(0x0000006129b00000,0x0000006129c00000) (1024K)]
  0x00000238f7742f60 JavaThread "LocalFile Deleter"          daemon [_thread_blocked, id=76564, stack(0x0000006129c00000,0x0000006129d00000) (1024K)]
  0x00000238f77435f0 JavaThread "LocalFile Deleter"          daemon [_thread_blocked, id=81964, stack(0x0000006129d00000,0x0000006129e00000) (1024K)]
  0x00000238f7743c80 JavaThread "LocalFile Deleter"          daemon [_thread_blocked, id=42104, stack(0x0000006129e00000,0x0000006129f00000) (1024K)]
  0x00000238f7744310 JavaThread "LocalFile Deleter"          daemon [_thread_blocked, id=112184, stack(0x0000006129f00000,0x000000612a000000) (1024K)]
  0x00000238f77449a0 JavaThread "LocalFile Deleter"          daemon [_thread_blocked, id=7456, stack(0x000000612a000000,0x000000612a100000) (1024K)]
  0x00000238f712c100 JavaThread "LocalFile Deleter"          daemon [_thread_blocked, id=53680, stack(0x000000612a100000,0x000000612a200000) (1024K)]
  0x00000238f712c790 JavaThread "LocalFile Deleter"          daemon [_thread_blocked, id=39036, stack(0x000000612a200000,0x000000612a300000) (1024K)]
  0x00000238f712ce20 JavaThread "LocalFile Deleter"          daemon [_thread_blocked, id=58768, stack(0x000000612a300000,0x000000612a400000) (1024K)]
  0x00000238f712db40 JavaThread "LocalFile Deleter"          daemon [_thread_blocked, id=68992, stack(0x000000612a400000,0x000000612a500000) (1024K)]
  0x00000238f712d4b0 JavaThread "LocalFile Deleter"          daemon [_thread_blocked, id=77168, stack(0x000000612a500000,0x000000612a600000) (1024K)]
  0x00000238f712e1d0 JavaThread "LocalFile Deleter"          daemon [_thread_blocked, id=95644, stack(0x000000612a600000,0x000000612a700000) (1024K)]
  0x00000238f712ba70 JavaThread "Compiler Source File Reader" daemon [_thread_blocked, id=38224, stack(0x000000612a700000,0x000000612a800000) (1024K)]
  0x00000238f712eef0 JavaThread "Compiler Source File Reader" daemon [_thread_blocked, id=35724, stack(0x000000612a800000,0x000000612a900000) (1024K)]
  0x00000238f712f580 JavaThread "Compiler Source File Reader" daemon [_thread_blocked, id=110024, stack(0x000000612a900000,0x000000612aa00000) (1024K)]
  0x00000238f712fc10 JavaThread "Compiler Source File Reader" daemon [_thread_blocked, id=26928, stack(0x000000612aa00000,0x000000612ab00000) (1024K)]
  0x00000238f71302a0 JavaThread "Compiler Source File Reader" daemon [_thread_blocked, id=105984, stack(0x000000612ab00000,0x000000612ac00000) (1024K)]
  0x00000238f7130930 JavaThread "Compiler Source File Reader" daemon [_thread_blocked, id=22296, stack(0x000000612ac00000,0x000000612ad00000) (1024K)]
  0x00000238f7130fc0 JavaThread "Compiler Source File Reader" daemon [_thread_blocked, id=32724, stack(0x000000612ad00000,0x000000612ae00000) (1024K)]
  0x00000238f7131650 JavaThread "Compiler Source File Reader" daemon [_thread_blocked, id=127128, stack(0x000000612ae00000,0x000000612af00000) (1024K)]
  0x00000238f7131ce0 JavaThread "Compiler Source File Reader" daemon [_thread_blocked, id=25256, stack(0x000000612af00000,0x000000612b000000) (1024K)]
  0x00000238f712e860 JavaThread "Compiler Source File Reader" daemon [_thread_blocked, id=80624, stack(0x000000612b000000,0x000000612b100000) (1024K)]
  0x00000238f7132370 JavaThread "Compiler Source File Reader" daemon [_thread_blocked, id=119636, stack(0x000000612b100000,0x000000612b200000) (1024K)]
  0x00000238f7132a00 JavaThread "Compiler Source File Reader" daemon [_thread_blocked, id=76824, stack(0x000000612b200000,0x000000612b300000) (1024K)]
  0x00000238f7133090 JavaThread "Worker-4"                          [_thread_blocked, id=107380, stack(0x000000612b300000,0x000000612b400000) (1024K)]
  0x00000238f5c2ba90 JavaThread "Compiler Processing Task"   daemon [_thread_blocked, id=47768, stack(0x000000612b400000,0x000000612b500000) (1024K)]
  0x00000238f5c2b400 JavaThread "Compiler Class File Writer" daemon [_thread_blocked, id=56044, stack(0x000000612b500000,0x000000612b600000) (1024K)]
  0x00000238f5c2ad70 JavaThread "Compiler Class File Writer" daemon [_thread_blocked, id=45548, stack(0x000000612b600000,0x000000612b700000) (1024K)]
  0x00000238f5c2a050 JavaThread "Compiler Class File Writer" daemon [_thread_blocked, id=105192, stack(0x000000612b700000,0x000000612b800000) (1024K)]
  0x00000238f5c28ca0 JavaThread "Compiler Class File Writer" daemon [_thread_blocked, id=52924, stack(0x000000612b800000,0x000000612b900000) (1024K)]
  0x00000238f5c2c7b0 JavaThread "Compiler Class File Writer" daemon [_thread_blocked, id=99492, stack(0x000000612b900000,0x000000612ba00000) (1024K)]
  0x00000238f5c2a6e0 JavaThread "Compiler Class File Writer" daemon [_thread_blocked, id=63712, stack(0x000000612ba00000,0x000000612bb00000) (1024K)]
  0x00000238f5c29330 JavaThread "Compiler Class File Writer" daemon [_thread_blocked, id=118928, stack(0x000000612bb00000,0x000000612bc00000) (1024K)]
  0x00000238f5c2ce40 JavaThread "Compiler Class File Writer" daemon [_thread_blocked, id=58316, stack(0x000000612bc00000,0x000000612bd00000) (1024K)]
  0x00000238f5c299c0 JavaThread "Compiler Class File Writer" daemon [_thread_blocked, id=95732, stack(0x000000612bd00000,0x000000612be00000) (1024K)]
  0x00000238f5c2db60 JavaThread "Compiler Class File Writer" daemon [_thread_blocked, id=120360, stack(0x000000612be00000,0x000000612bf00000) (1024K)]
  0x00000238f5c2d4d0 JavaThread "Compiler Class File Writer" daemon [_thread_blocked, id=121428, stack(0x000000612bf00000,0x000000612c000000) (1024K)]
  0x00000238f5c2e1f0 JavaThread "Compiler Class File Writer" daemon [_thread_blocked, id=115484, stack(0x000000612c000000,0x000000612c100000) (1024K)]
  0x00000238f5c2e880 JavaThread "Compiler Source File Reader" daemon [_thread_blocked, id=20280, stack(0x000000612c100000,0x000000612c200000) (1024K)]
  0x00000238f5c2fc30 JavaThread "Compiler Class File Writer" daemon [_thread_blocked, id=30704, stack(0x000000612c200000,0x000000612c300000) (1024K)]
  0x00000238f6e5ef70 JavaThread "ForkJoinPool.commonPool-worker-1" daemon [_thread_blocked, id=132040, stack(0x000000612cb00000,0x000000612cc00000) (1024K)]
  0x00000238f6e60320 JavaThread "ForkJoinPool.commonPool-worker-2" daemon [_thread_blocked, id=67332, stack(0x000000612c500000,0x000000612c600000) (1024K)]
  0x00000238f6e5f600 JavaThread "ForkJoinPool.commonPool-worker-3" daemon [_thread_blocked, id=92792, stack(0x000000612c600000,0x000000612c700000) (1024K)]
  0x00000238f6e5e8e0 JavaThread "ForkJoinPool.commonPool-worker-4" daemon [_thread_blocked, id=126820, stack(0x000000612c700000,0x000000612c800000) (1024K)]
  0x00000238f6e5dbc0 JavaThread "ForkJoinPool.commonPool-worker-5" daemon [_thread_blocked, id=79664, stack(0x000000612c800000,0x000000612c900000) (1024K)]
  0x00000238f6e623f0 JavaThread "ForkJoinPool.commonPool-worker-6" daemon [_thread_blocked, id=10572, stack(0x000000612c900000,0x000000612ca00000) (1024K)]
  0x00000238f6e61d60 JavaThread "ForkJoinPool.commonPool-worker-7" daemon [_thread_blocked, id=109608, stack(0x000000612ca00000,0x000000612cb00000) (1024K)]
  0x00000238f6e62a80 JavaThread "ForkJoinPool.commonPool-worker-8" daemon [_thread_blocked, id=98148, stack(0x000000612cd00000,0x000000612ce00000) (1024K)]
  0x00000238f6e63110 JavaThread "ForkJoinPool.commonPool-worker-9" daemon [_thread_blocked, id=13136, stack(0x000000612ce00000,0x000000612cf00000) (1024K)]
  0x00000238f6e5fc90 JavaThread "ForkJoinPool.commonPool-worker-10" daemon [_thread_blocked, id=82772, stack(0x000000612cf00000,0x000000612d000000) (1024K)]
  0x00000238f6e63e30 JavaThread "ForkJoinPool.commonPool-worker-11" daemon [_thread_blocked, id=127408, stack(0x000000612d000000,0x000000612d100000) (1024K)]
  0x00000238f6e637a0 JavaThread "ForkJoinPool.commonPool-worker-12" daemon [_thread_blocked, id=44684, stack(0x000000612d100000,0x000000612d200000) (1024K)]
  0x00000238f6e644c0 JavaThread "ForkJoinPool.commonPool-worker-13" daemon [_thread_blocked, id=29204, stack(0x000000612d200000,0x000000612d300000) (1024K)]
  0x00000238f6e64b50 JavaThread "ForkJoinPool.commonPool-worker-14" daemon [_thread_blocked, id=45348, stack(0x000000612d300000,0x000000612d400000) (1024K)]
  0x00000238f6e651e0 JavaThread "ForkJoinPool.commonPool-worker-15" daemon [_thread_blocked, id=118772, stack(0x000000612d400000,0x000000612d500000) (1024K)]
  0x00000238fa7aa1b0 JavaThread "C2 CompilerThread1"         daemon [_thread_in_native, id=94888, stack(0x0000006127200000,0x0000006127300000) (1024K)]
  0x00000238fa7aa880 JavaThread "C2 CompilerThread2"         daemon [_thread_in_native, id=124628, stack(0x0000006127900000,0x0000006127a00000) (1024K)]
  0x00000238fa7a7200 JavaThread "C2 CompilerThread3"         daemon [_thread_in_native, id=50796, stack(0x0000006127600000,0x0000006127700000) (1024K)]
  0x00000238fa7abcf0 JavaThread "C1 CompilerThread1"         daemon [_thread_blocked, id=120756, stack(0x0000006127700000,0x0000006127800000) (1024K)]
  0x00000238fa7ac3c0 JavaThread "C1 CompilerThread2"         daemon [_thread_blocked, id=22592, stack(0x000000612c300000,0x000000612c400000) (1024K)]
Total: 106

Other Threads:
  0x00000238965b38e0 VMThread "VM Thread"                           [id=67624, stack(0x0000006125a00000,0x0000006125b00000) (1024K)]
  0x0000023896581e50 WatcherThread "VM Periodic Task Thread"        [id=122108, stack(0x0000006125900000,0x0000006125a00000) (1024K)]
  0x0000023896530e40 WorkerThread "GC Thread#0"                     [id=124168, stack(0x0000006125800000,0x0000006125900000) (1024K)]
  0x00000238f5465620 WorkerThread "GC Thread#1"                     [id=12908, stack(0x0000006126800000,0x0000006126900000) (1024K)]
  0x00000238f5506e00 WorkerThread "GC Thread#2"                     [id=9440, stack(0x0000006126900000,0x0000006126a00000) (1024K)]
  0x00000238f55071a0 WorkerThread "GC Thread#3"                     [id=70256, stack(0x0000006126a00000,0x0000006126b00000) (1024K)]
  0x00000238f5507b50 WorkerThread "GC Thread#4"                     [id=25816, stack(0x0000006126b00000,0x0000006126c00000) (1024K)]
  0x00000238f5508910 WorkerThread "GC Thread#5"                     [id=102444, stack(0x0000006126c00000,0x0000006126d00000) (1024K)]
  0x00000238f55098e0 WorkerThread "GC Thread#6"                     [id=102328, stack(0x0000006126d00000,0x0000006126e00000) (1024K)]
  0x00000238f5568cf0 WorkerThread "GC Thread#7"                     [id=122420, stack(0x0000006126f00000,0x0000006127000000) (1024K)]
  0x00000238f5568950 WorkerThread "GC Thread#8"                     [id=111272, stack(0x0000006127100000,0x0000006127200000) (1024K)]
  0x00000238f5569430 WorkerThread "GC Thread#9"                     [id=3704, stack(0x0000006127300000,0x0000006127400000) (1024K)]
  0x00000238f5569b70 WorkerThread "GC Thread#10"                    [id=7460, stack(0x0000006127400000,0x0000006127500000) (1024K)]
  0x00000238f5569090 WorkerThread "GC Thread#11"                    [id=72244, stack(0x0000006127a00000,0x0000006127b00000) (1024K)]
  0x00000238f5569f10 WorkerThread "GC Thread#12"                    [id=99380, stack(0x0000006127b00000,0x0000006127c00000) (1024K)]
Total: 15

Threads with active compile tasks:
C2 CompilerThread0  37415 15108       4       org.eclipse.jdt.internal.compiler.lookup.SplitPackageBinding::combineAll (202 bytes)
C2 CompilerThread1  37415 15110       4       org.eclipse.jdt.internal.compiler.lookup.ModuleBinding::getVisiblePackage (472 bytes)
C2 CompilerThread2  37415 15177       4       org.eclipse.jdt.internal.core.JavaProject$ModuleLookup::addTransitive (71 bytes)
C2 CompilerThread3  37415 15098       4       org.eclipse.jdt.internal.core.JavaProject::computePackageFragmentRoots (683 bytes)
Total: 4

VM state: not at safepoint (normal execution)

VM Mutex/Monitor currently owned by a thread: None

Heap address: 0x0000000080000000, size: 2048 MB, Compressed Oops mode: 32-bit

CDS archive(s) mapped at: [0x00000238ad000000-0x00000238adba0000-0x00000238adba0000), size 12189696, SharedBaseAddress: 0x00000238ad000000, ArchiveRelocationMode: 1.
Compressed class space mapped at: 0x00000238ae000000-0x00000238ee000000, reserved size: 1073741824
Narrow klass base: 0x00000238ad000000, Narrow klass shift: 0, Narrow klass range: 0x100000000

GC Precious Log:
 CardTable entry size: 512
 CPUs: 16 total, 16 available
 Memory: 16163M
 Large Page Support: Disabled
 NUMA Support: Disabled
 Compressed Oops: Enabled (32-bit)
 Alignments: Space 512K, Generation 512K, Heap 2M
 Heap Min Capacity: 100M
 Heap Initial Capacity: 100M
 Heap Max Capacity: 2G
 Pre-touch: Disabled
 Parallel Workers: 13

Heap:
 PSYoungGen      total 8192K, used 3079K [0x00000000d5580000, 0x00000000d5e80000, 0x0000000100000000)
  eden space 7680K, 33% used [0x00000000d5580000,0x00000000d5809c88,0x00000000d5d00000)
  from space 512K, 93% used [0x00000000d5e00000,0x00000000d5e78000,0x00000000d5e80000)
  to   space 512K, 0% used [0x00000000d5d80000,0x00000000d5d80000,0x00000000d5e00000)
 ParOldGen       total 527360K, used 527002K [0x0000000080000000, 0x00000000a0300000, 0x00000000d5580000)
  object space 527360K, 99% used [0x0000000080000000,0x00000000a02a6938,0x00000000a0300000)
 Metaspace       used 69481K, committed 71168K, reserved 1114112K
  class space    used 7249K, committed 8000K, reserved 1048576K

Card table byte_map: [0x0000023895eb0000,0x00000238962c0000] _byte_map_base: 0x0000023895ab0000

Marking Bits: (ParMarkBitMap*) 0x00007ffc3d902460
 Begin Bits: [0x00000238a89c0000, 0x00000238aa9c0000)
 End Bits:   [0x00000238aa9c0000, 0x00000238ac9c0000)

Polling page: 0x0000023894750000

Metaspace:

Usage:
  Non-class:     60.77 MB used.
      Class:      7.08 MB used.
       Both:     67.85 MB used.

Virtual space:
  Non-class space:       64.00 MB reserved,      61.69 MB ( 96%) committed,  1 nodes.
      Class space:        1.00 GB reserved,       7.81 MB ( <1%) committed,  1 nodes.
             Both:        1.06 GB reserved,      69.50 MB (  6%) committed. 

Chunk freelists:
   Non-Class:  1.63 MB
       Class:  8.00 MB
        Both:  9.63 MB

MaxMetaspaceSize: unlimited
CompressedClassSpaceSize: 1.00 GB
Initial GC threshold: 21.00 MB
Current GC threshold: 97.31 MB
CDS: on
 - commit_granule_bytes: 65536.
 - commit_granule_words: 8192.
 - virtual_space_node_default_size: 8388608.
 - enlarge_chunks_in_place: 1.
 - use_allocation_guard: 0.


Internal statistics:

num_allocs_failed_limit: 9.
num_arena_births: 1402.
num_arena_deaths: 14.
num_vsnodes_births: 2.
num_vsnodes_deaths: 0.
num_space_committed: 1112.
num_space_uncommitted: 0.
num_chunks_returned_to_freelist: 23.
num_chunks_taken_from_freelist: 4771.
num_chunk_merges: 12.
num_chunk_splits: 2898.
num_chunks_enlarged: 1587.
num_inconsistent_stats: 0.

CodeHeap 'non-profiled nmethods': size=119168Kb used=11252Kb max_used=11252Kb free=107915Kb
 bounds [0x00000238a12b0000, 0x00000238a1db0000, 0x00000238a8710000]
CodeHeap 'profiled nmethods': size=119104Kb used=33768Kb max_used=33768Kb free=85335Kb
 bounds [0x0000023899710000, 0x000002389b810000, 0x00000238a0b60000]
CodeHeap 'non-nmethods': size=7488Kb used=2595Kb max_used=3270Kb free=4892Kb
 bounds [0x00000238a0b60000, 0x00000238a0ee0000, 0x00000238a12b0000]
CodeCache: size=245760Kb, used=47615Kb, max_used=48290Kb, free=198142Kb
 total_blobs=15210, nmethods=14428, adapters=684, full_count=0
Compilation: enabled, stopped_count=0, restarted_count=0

Compilation events (20 events):
Event: 33.751 Thread 0x00000238ef3de3a0 15193       3       org.eclipse.jdt.internal.compiler.parser.Scanner::recordComment (157 bytes)
Event: 33.752 Thread 0x00000238ef3de3a0 nmethod 15193 0x000002389b7a3990 code [0x000002389b7a3b80, 0x000002389b7a4008]
Event: 33.753 Thread 0x00000238fa7abcf0 nmethod 15187% 0x000002389b7a4290 code [0x000002389b7a4fa0, 0x000002389b7ad698]
Event: 33.762 Thread 0x00000238fa7abcf0 15194       3       org.eclipse.jdt.internal.compiler.parser.TypeConverter::decodeType (1624 bytes)
Event: 33.762 Thread 0x00000238ef3de3a0 15195       3       org.eclipse.jdt.internal.core.SourceMapper::getUnqualifiedMethodHandle (148 bytes)
Event: 34.313 Thread 0x00000238ef3de3a0 nmethod 15195 0x000002389b7b0910 code [0x000002389b7b0c20, 0x000002389b7b2000]
Event: 34.317 Thread 0x00000238fa7abcf0 nmethod 15194 0x000002389b7b2710 code [0x000002389b7b2f20, 0x000002389b7b8b30]
Event: 34.319 Thread 0x00000238fa7ac3c0 nmethod 15188 0x000002389b7ba890 code [0x000002389b7bf820, 0x000002389b7f0e10]
Event: 34.322 Thread 0x00000238fa7ac3c0 15197       3       org.eclipse.core.internal.resources.Resource::isAccessible (5 bytes)
Event: 34.323 Thread 0x00000238fa7ac3c0 nmethod 15197 0x000002389b7f6f10 code [0x000002389b7f7100, 0x000002389b7f7768]
Event: 34.323 Thread 0x00000238fa7ac3c0 15198       1       org.eclipse.jdt.internal.compiler.classfmt.ClassFileReader::getConstantPoolOffsets (5 bytes)
Event: 34.323 Thread 0x00000238fa7ac3c0 nmethod 15198 0x00000238a1dacd10 code [0x00000238a1dacea0, 0x00000238a1dacf68]
Event: 34.327 Thread 0x00000238fa7ac3c0 15199       1       org.eclipse.jdt.internal.compiler.CompilationResult::getCompilationUnit (5 bytes)
Event: 34.327 Thread 0x00000238fa7ac3c0 nmethod 15199 0x00000238a1dad010 code [0x00000238a1dad1a0, 0x00000238a1dad268]
Event: 34.332 Thread 0x00000238fa7ac3c0 15200       3       org.eclipse.jdt.internal.compiler.lookup.ModuleBinding$$Lambda/0x00000238ae6aeb28::accept (12 bytes)
Event: 34.332 Thread 0x00000238ef3de3a0 15201       3       org.eclipse.jdt.internal.compiler.lookup.ModuleBinding::lambda$1 (16 bytes)
Event: 34.332 Thread 0x00000238fa7abcf0 15202   !   3       org.eclipse.jdt.internal.core.BinaryType::getDeclaringType (236 bytes)
Event: 34.333 Thread 0x00000238fa7ac3c0 nmethod 15200 0x000002389b7f7990 code [0x000002389b7f7c40, 0x000002389b7f89e8]
Event: 34.333 Thread 0x00000238ef3de3a0 nmethod 15201 0x000002389b7f8e90 code [0x000002389b7f9120, 0x000002389b7f9d58]
Event: 34.340 Thread 0x00000238fa7abcf0 nmethod 15202 0x000002389b7fa210 code [0x000002389b7fade0, 0x000002389b801bb8]

GC Heap History (20 events):
Event: 33.548 GC heap after
{Heap after GC invocations=698 (full 3):
 PSYoungGen      total 4096K, used 532K [0x00000000d5580000, 0x00000000d5b00000, 0x0000000100000000)
  eden space 3072K, 0% used [0x00000000d5580000,0x00000000d5580000,0x00000000d5880000)
  from space 1024K, 52% used [0x00000000d5900000,0x00000000d5985200,0x00000000d5a00000)
  to   space 1024K, 0% used [0x00000000d5a00000,0x00000000d5a00000,0x00000000d5b00000)
 ParOldGen       total 523776K, used 523536K [0x0000000080000000, 0x000000009ff80000, 0x00000000d5580000)
  object space 523776K, 99% used [0x0000000080000000,0x000000009ff442a8,0x000000009ff80000)
 Metaspace       used 69384K, committed 71040K, reserved 1114112K
  class space    used 7241K, committed 8000K, reserved 1048576K
}
Event: 33.553 GC heap before
{Heap before GC invocations=699 (full 3):
 PSYoungGen      total 4096K, used 3243K [0x00000000d5580000, 0x00000000d5b00000, 0x0000000100000000)
  eden space 3072K, 88% used [0x00000000d5580000,0x00000000d5825c60,0x00000000d5880000)
  from space 1024K, 52% used [0x00000000d5900000,0x00000000d5985200,0x00000000d5a00000)
  to   space 1024K, 0% used [0x00000000d5a00000,0x00000000d5a00000,0x00000000d5b00000)
 ParOldGen       total 523776K, used 523536K [0x0000000080000000, 0x000000009ff80000, 0x00000000d5580000)
  object space 523776K, 99% used [0x0000000080000000,0x000000009ff442a8,0x000000009ff80000)
 Metaspace       used 69385K, committed 71040K, reserved 1114112K
  class space    used 7241K, committed 8000K, reserved 1048576K
}
Event: 33.555 GC heap after
{Heap after GC invocations=699 (full 3):
 PSYoungGen      total 4608K, used 320K [0x00000000d5580000, 0x00000000d5a80000, 0x0000000100000000)
  eden space 4096K, 0% used [0x00000000d5580000,0x00000000d5580000,0x00000000d5980000)
  from space 512K, 62% used [0x00000000d5a00000,0x00000000d5a50000,0x00000000d5a80000)
  to   space 512K, 0% used [0x00000000d5980000,0x00000000d5980000,0x00000000d5a00000)
 ParOldGen       total 524288K, used 523906K [0x0000000080000000, 0x00000000a0000000, 0x00000000d5580000)
  object space 524288K, 99% used [0x0000000080000000,0x000000009ffa0b48,0x00000000a0000000)
 Metaspace       used 69385K, committed 71040K, reserved 1114112K
  class space    used 7241K, committed 8000K, reserved 1048576K
}
Event: 33.564 GC heap before
{Heap before GC invocations=700 (full 3):
 PSYoungGen      total 4608K, used 4416K [0x00000000d5580000, 0x00000000d5a80000, 0x0000000100000000)
  eden space 4096K, 100% used [0x00000000d5580000,0x00000000d5980000,0x00000000d5980000)
  from space 512K, 62% used [0x00000000d5a00000,0x00000000d5a50000,0x00000000d5a80000)
  to   space 512K, 0% used [0x00000000d5980000,0x00000000d5980000,0x00000000d5a00000)
 ParOldGen       total 524288K, used 523906K [0x0000000080000000, 0x00000000a0000000, 0x00000000d5580000)
  object space 524288K, 99% used [0x0000000080000000,0x000000009ffa0b48,0x00000000a0000000)
 Metaspace       used 69385K, committed 71040K, reserved 1114112K
  class space    used 7241K, committed 8000K, reserved 1048576K
}
Event: 33.566 GC heap after
{Heap after GC invocations=700 (full 3):
 PSYoungGen      total 4608K, used 384K [0x00000000d5580000, 0x00000000d5a80000, 0x0000000100000000)
  eden space 4096K, 0% used [0x00000000d5580000,0x00000000d5580000,0x00000000d5980000)
  from space 512K, 75% used [0x00000000d5980000,0x00000000d59e0000,0x00000000d5a00000)
  to   space 512K, 0% used [0x00000000d5a00000,0x00000000d5a00000,0x00000000d5a80000)
 ParOldGen       total 524288K, used 524090K [0x0000000080000000, 0x00000000a0000000, 0x00000000d5580000)
  object space 524288K, 99% used [0x0000000080000000,0x000000009ffceb48,0x00000000a0000000)
 Metaspace       used 69385K, committed 71040K, reserved 1114112K
  class space    used 7241K, committed 8000K, reserved 1048576K
}
Event: 33.577 GC heap before
{Heap before GC invocations=701 (full 3):
 PSYoungGen      total 4608K, used 4480K [0x00000000d5580000, 0x00000000d5a80000, 0x0000000100000000)
  eden space 4096K, 100% used [0x00000000d5580000,0x00000000d5980000,0x00000000d5980000)
  from space 512K, 75% used [0x00000000d5980000,0x00000000d59e0000,0x00000000d5a00000)
  to   space 512K, 0% used [0x00000000d5a00000,0x00000000d5a00000,0x00000000d5a80000)
 ParOldGen       total 524288K, used 524090K [0x0000000080000000, 0x00000000a0000000, 0x00000000d5580000)
  object space 524288K, 99% used [0x0000000080000000,0x000000009ffceb48,0x00000000a0000000)
 Metaspace       used 69388K, committed 71040K, reserved 1114112K
  class space    used 7241K, committed 8000K, reserved 1048576K
}
Event: 33.579 GC heap after
{Heap after GC invocations=701 (full 3):
 PSYoungGen      total 4096K, used 512K [0x00000000d5580000, 0x00000000d5b80000, 0x0000000100000000)
  eden space 3584K, 0% used [0x00000000d5580000,0x00000000d5580000,0x00000000d5900000)
  from space 512K, 100% used [0x00000000d5a00000,0x00000000d5a80000,0x00000000d5a80000)
  to   space 1024K, 0% used [0x00000000d5900000,0x00000000d5900000,0x00000000d5a00000)
 ParOldGen       total 524800K, used 524322K [0x0000000080000000, 0x00000000a0080000, 0x00000000d5580000)
  object space 524800K, 99% used [0x0000000080000000,0x00000000a0008b48,0x00000000a0080000)
 Metaspace       used 69388K, committed 71040K, reserved 1114112K
  class space    used 7241K, committed 8000K, reserved 1048576K
}
Event: 33.598 GC heap before
{Heap before GC invocations=702 (full 3):
 PSYoungGen      total 4096K, used 4015K [0x00000000d5580000, 0x00000000d5b80000, 0x0000000100000000)
  eden space 3584K, 97% used [0x00000000d5580000,0x00000000d58ebd58,0x00000000d5900000)
  from space 512K, 100% used [0x00000000d5a00000,0x00000000d5a80000,0x00000000d5a80000)
  to   space 1024K, 0% used [0x00000000d5900000,0x00000000d5900000,0x00000000d5a00000)
 ParOldGen       total 524800K, used 524322K [0x0000000080000000, 0x00000000a0080000, 0x00000000d5580000)
  object space 524800K, 99% used [0x0000000080000000,0x00000000a0008b48,0x00000000a0080000)
 Metaspace       used 69395K, committed 71040K, reserved 1114112K
  class space    used 7241K, committed 8000K, reserved 1048576K
}
Event: 33.601 GC heap after
{Heap after GC invocations=702 (full 3):
 PSYoungGen      total 4608K, used 880K [0x00000000d5580000, 0x00000000d5b00000, 0x0000000100000000)
  eden space 3584K, 0% used [0x00000000d5580000,0x00000000d5580000,0x00000000d5900000)
  from space 1024K, 85% used [0x00000000d5900000,0x00000000d59dc030,0x00000000d5a00000)
  to   space 1024K, 0% used [0x00000000d5a00000,0x00000000d5a00000,0x00000000d5b00000)
 ParOldGen       total 526336K, used 526178K [0x0000000080000000, 0x00000000a0200000, 0x00000000d5580000)
  object space 526336K, 99% used [0x0000000080000000,0x00000000a01d8938,0x00000000a0200000)
 Metaspace       used 69395K, committed 71040K, reserved 1114112K
  class space    used 7241K, committed 8000K, reserved 1048576K
}
Event: 33.620 GC heap before
{Heap before GC invocations=703 (full 3):
 PSYoungGen      total 4608K, used 4382K [0x00000000d5580000, 0x00000000d5b00000, 0x0000000100000000)
  eden space 3584K, 97% used [0x00000000d5580000,0x00000000d58eb8b0,0x00000000d5900000)
  from space 1024K, 85% used [0x00000000d5900000,0x00000000d59dc030,0x00000000d5a00000)
  to   space 1024K, 0% used [0x00000000d5a00000,0x00000000d5a00000,0x00000000d5b00000)
 ParOldGen       total 526336K, used 526178K [0x0000000080000000, 0x00000000a0200000, 0x00000000d5580000)
  object space 526336K, 99% used [0x0000000080000000,0x00000000a01d8938,0x00000000a0200000)
 Metaspace       used 69413K, committed 71104K, reserved 1114112K
  class space    used 7243K, committed 8000K, reserved 1048576K
}
Event: 33.622 GC heap after
{Heap after GC invocations=703 (full 3):
 PSYoungGen      total 4608K, used 392K [0x00000000d5580000, 0x00000000d5b00000, 0x0000000100000000)
  eden space 3584K, 0% used [0x00000000d5580000,0x00000000d5580000,0x00000000d5900000)
  from space 1024K, 38% used [0x00000000d5a00000,0x00000000d5a62010,0x00000000d5b00000)
  to   space 1024K, 0% used [0x00000000d5900000,0x00000000d5900000,0x00000000d5a00000)
 ParOldGen       total 526848K, used 526530K [0x0000000080000000, 0x00000000a0280000, 0x00000000d5580000)
  object space 526848K, 99% used [0x0000000080000000,0x00000000a0230938,0x00000000a0280000)
 Metaspace       used 69413K, committed 71104K, reserved 1114112K
  class space    used 7243K, committed 8000K, reserved 1048576K
}
Event: 33.714 GC heap before
{Heap before GC invocations=704 (full 3):
 PSYoungGen      total 4608K, used 3976K [0x00000000d5580000, 0x00000000d5b00000, 0x0000000100000000)
  eden space 3584K, 100% used [0x00000000d5580000,0x00000000d5900000,0x00000000d5900000)
  from space 1024K, 38% used [0x00000000d5a00000,0x00000000d5a62010,0x00000000d5b00000)
  to   space 1024K, 0% used [0x00000000d5900000,0x00000000d5900000,0x00000000d5a00000)
 ParOldGen       total 526848K, used 526530K [0x0000000080000000, 0x00000000a0280000, 0x00000000d5580000)
  object space 526848K, 99% used [0x0000000080000000,0x00000000a0230938,0x00000000a0280000)
 Metaspace       used 69457K, committed 71168K, reserved 1114112K
  class space    used 7249K, committed 8000K, reserved 1048576K
}
Event: 33.716 GC heap after
{Heap after GC invocations=704 (full 3):
 PSYoungGen      total 4608K, used 506K [0x00000000d5580000, 0x00000000d5b00000, 0x0000000100000000)
  eden space 3584K, 0% used [0x00000000d5580000,0x00000000d5580000,0x00000000d5900000)
  from space 1024K, 49% used [0x00000000d5900000,0x00000000d597e900,0x00000000d5a00000)
  to   space 1024K, 0% used [0x00000000d5a00000,0x00000000d5a00000,0x00000000d5b00000)
 ParOldGen       total 526848K, used 526658K [0x0000000080000000, 0x00000000a0280000, 0x00000000d5580000)
  object space 526848K, 99% used [0x0000000080000000,0x00000000a0250938,0x00000000a0280000)
 Metaspace       used 69457K, committed 71168K, reserved 1114112K
  class space    used 7249K, committed 8000K, reserved 1048576K
}
Event: 33.764 GC heap before
{Heap before GC invocations=705 (full 3):
 PSYoungGen      total 4608K, used 4090K [0x00000000d5580000, 0x00000000d5b00000, 0x0000000100000000)
  eden space 3584K, 100% used [0x00000000d5580000,0x00000000d5900000,0x00000000d5900000)
  from space 1024K, 49% used [0x00000000d5900000,0x00000000d597e900,0x00000000d5a00000)
  to   space 1024K, 0% used [0x00000000d5a00000,0x00000000d5a00000,0x00000000d5b00000)
 ParOldGen       total 526848K, used 526658K [0x0000000080000000, 0x00000000a0280000, 0x00000000d5580000)
  object space 526848K, 99% used [0x0000000080000000,0x00000000a0250938,0x00000000a0280000)
 Metaspace       used 69464K, committed 71168K, reserved 1114112K
  class space    used 7249K, committed 8000K, reserved 1048576K
}
Event: 34.313 GC heap after
{Heap after GC invocations=705 (full 3):
 PSYoungGen      total 5120K, used 416K [0x00000000d5580000, 0x00000000d5b00000, 0x0000000100000000)
  eden space 4096K, 0% used [0x00000000d5580000,0x00000000d5580000,0x00000000d5980000)
  from space 1024K, 40% used [0x00000000d5a00000,0x00000000d5a68000,0x00000000d5b00000)
  to   space 512K, 0% used [0x00000000d5980000,0x00000000d5980000,0x00000000d5a00000)
 ParOldGen       total 526848K, used 526738K [0x0000000080000000, 0x00000000a0280000, 0x00000000d5580000)
  object space 526848K, 99% used [0x0000000080000000,0x00000000a0264938,0x00000000a0280000)
 Metaspace       used 69464K, committed 71168K, reserved 1114112K
  class space    used 7249K, committed 8000K, reserved 1048576K
}
Event: 34.323 GC heap before
{Heap before GC invocations=706 (full 3):
 PSYoungGen      total 5120K, used 4512K [0x00000000d5580000, 0x00000000d5b00000, 0x0000000100000000)
  eden space 4096K, 100% used [0x00000000d5580000,0x00000000d5980000,0x00000000d5980000)
  from space 1024K, 40% used [0x00000000d5a00000,0x00000000d5a68000,0x00000000d5b00000)
  to   space 512K, 0% used [0x00000000d5980000,0x00000000d5980000,0x00000000d5a00000)
 ParOldGen       total 526848K, used 526738K [0x0000000080000000, 0x00000000a0280000, 0x00000000d5580000)
  object space 526848K, 99% used [0x0000000080000000,0x00000000a0264938,0x00000000a0280000)
 Metaspace       used 69464K, committed 71168K, reserved 1114112K
  class space    used 7249K, committed 8000K, reserved 1048576K
}
Event: 34.325 GC heap after
{Heap after GC invocations=706 (full 3):
 PSYoungGen      total 4608K, used 352K [0x00000000d5580000, 0x00000000d5b80000, 0x0000000100000000)
  eden space 4096K, 0% used [0x00000000d5580000,0x00000000d5580000,0x00000000d5980000)
  from space 512K, 68% used [0x00000000d5980000,0x00000000d59d8000,0x00000000d5a00000)
  to   space 512K, 0% used [0x00000000d5b00000,0x00000000d5b00000,0x00000000d5b80000)
 ParOldGen       total 526848K, used 526818K [0x0000000080000000, 0x00000000a0280000, 0x00000000d5580000)
  object space 526848K, 99% used [0x0000000080000000,0x00000000a0278938,0x00000000a0280000)
 Metaspace       used 69464K, committed 71168K, reserved 1114112K
  class space    used 7249K, committed 8000K, reserved 1048576K
}
Event: 34.333 GC heap before
{Heap before GC invocations=707 (full 3):
 PSYoungGen      total 4608K, used 4448K [0x00000000d5580000, 0x00000000d5b80000, 0x0000000100000000)
  eden space 4096K, 100% used [0x00000000d5580000,0x00000000d5980000,0x00000000d5980000)
  from space 512K, 68% used [0x00000000d5980000,0x00000000d59d8000,0x00000000d5a00000)
  to   space 512K, 0% used [0x00000000d5b00000,0x00000000d5b00000,0x00000000d5b80000)
 ParOldGen       total 526848K, used 526818K [0x0000000080000000, 0x00000000a0280000, 0x00000000d5580000)
  object space 526848K, 99% used [0x0000000080000000,0x00000000a0278938,0x00000000a0280000)
 Metaspace       used 69467K, committed 71168K, reserved 1114112K
  class space    used 7249K, committed 8000K, reserved 1048576K
}
Event: 34.335 GC heap after
{Heap after GC invocations=707 (full 3):
 PSYoungGen      total 5632K, used 340K [0x00000000d5580000, 0x00000000d5b80000, 0x0000000100000000)
  eden space 5120K, 0% used [0x00000000d5580000,0x00000000d5580000,0x00000000d5a80000)
  from space 512K, 66% used [0x00000000d5b00000,0x00000000d5b55200,0x00000000d5b80000)
  to   space 512K, 0% used [0x00000000d5a80000,0x00000000d5a80000,0x00000000d5b00000)
 ParOldGen       total 527360K, used 526898K [0x0000000080000000, 0x00000000a0300000, 0x00000000d5580000)
  object space 527360K, 99% used [0x0000000080000000,0x00000000a028c938,0x00000000a0300000)
 Metaspace       used 69467K, committed 71168K, reserved 1114112K
  class space    used 7249K, committed 8000K, reserved 1048576K
}
Event: 34.346 GC heap before
{Heap before GC invocations=708 (full 3):
 PSYoungGen      total 5632K, used 5460K [0x00000000d5580000, 0x00000000d5b80000, 0x0000000100000000)
  eden space 5120K, 100% used [0x00000000d5580000,0x00000000d5a80000,0x00000000d5a80000)
  from space 512K, 66% used [0x00000000d5b00000,0x00000000d5b55200,0x00000000d5b80000)
  to   space 512K, 0% used [0x00000000d5a80000,0x00000000d5a80000,0x00000000d5b00000)
 ParOldGen       total 527360K, used 526898K [0x0000000080000000, 0x00000000a0300000, 0x00000000d5580000)
  object space 527360K, 99% used [0x0000000080000000,0x00000000a028c938,0x00000000a0300000)
 Metaspace       used 69468K, committed 71168K, reserved 1114112K
  class space    used 7249K, committed 8000K, reserved 1048576K
}

Dll operation events (10 events):
Event: 0.038 Loaded shared library c:\Users\chief\.vscode\extensions\redhat.java-1.51.0-win32-x64\jre\21.0.9-win32-x86_64\bin\java.dll
Event: 0.086 Loaded shared library c:\Users\chief\.vscode\extensions\redhat.java-1.51.0-win32-x64\jre\21.0.9-win32-x86_64\bin\zip.dll
Event: 0.102 Loaded shared library C:\Users\chief\.vscode\extensions\redhat.java-1.51.0-win32-x64\jre\21.0.9-win32-x86_64\bin\instrument.dll
Event: 0.108 Loaded shared library C:\Users\chief\.vscode\extensions\redhat.java-1.51.0-win32-x64\jre\21.0.9-win32-x86_64\bin\net.dll
Event: 0.110 Loaded shared library C:\Users\chief\.vscode\extensions\redhat.java-1.51.0-win32-x64\jre\21.0.9-win32-x86_64\bin\nio.dll
Event: 0.113 Loaded shared library C:\Users\chief\.vscode\extensions\redhat.java-1.51.0-win32-x64\jre\21.0.9-win32-x86_64\bin\zip.dll
Event: 0.127 Loaded shared library C:\Users\chief\.vscode\extensions\redhat.java-1.51.0-win32-x64\jre\21.0.9-win32-x86_64\bin\jimage.dll
Event: 0.179 Loaded shared library c:\Users\chief\.vscode\extensions\redhat.java-1.51.0-win32-x64\jre\21.0.9-win32-x86_64\bin\verify.dll
Event: 9.598 Loaded shared library C:\Users\chief\AppData\Roaming\Code\User\globalStorage\redhat.java\1.51.0\config_win\org.eclipse.equinox.launcher\org.eclipse.equinox.launcher.win32.win32.x86_64_1.2.1400.v20250801-0854\eclipse_11916.dll
Event: 17.252 Loaded shared library C:\Users\chief\AppData\Local\Temp\jna-94630981\jna1235952416056825845.dll

Deoptimization events (20 events):
Event: 33.616 Thread 0x00000238f6e5dbc0 Uncommon trap: trap_request=0xffffff45 fr.pc=0x00000238a1b3e0b0 relative=0x00000000000016b0
Event: 33.616 Thread 0x00000238f6e5dbc0 Uncommon trap: reason=unstable_if action=reinterpret pc=0x00000238a1b3e0b0 method=com.google.gson.stream.JsonWriter.string(Ljava/lang/String;)V @ 57 c2
Event: 33.616 Thread 0x00000238f6e5dbc0 DEOPT PACKING pc=0x00000238a1b3e0b0 sp=0x000000612c8fdfa0
Event: 33.616 Thread 0x00000238f6e5dbc0 DEOPT UNPACKING pc=0x00000238a0bb6da2 sp=0x000000612c8fdf88 mode 2
Event: 33.742 Thread 0x00000238f6e5dbc0 Uncommon trap: trap_request=0xffffff45 fr.pc=0x00000238a1cfb020 relative=0x0000000000001fa0
Event: 33.742 Thread 0x00000238f6e5dbc0 Uncommon trap: reason=unstable_if action=reinterpret pc=0x00000238a1cfb020 method=org.eclipse.jdt.internal.compiler.parser.Parser.consumeToken(Lorg/eclipse/jdt/internal/compiler/parser/TerminalToken;)V @ 8 c2
Event: 33.742 Thread 0x00000238f6e5dbc0 DEOPT PACKING pc=0x00000238a1cfb020 sp=0x000000612c8fdbd0
Event: 33.742 Thread 0x00000238f6e5dbc0 DEOPT UNPACKING pc=0x00000238a0bb6da2 sp=0x000000612c8fdb68 mode 2
Event: 33.742 Thread 0x00000238f6e5dbc0 Uncommon trap: trap_request=0xffffff45 fr.pc=0x00000238a1ce2fb4 relative=0x0000000000002954
Event: 33.742 Thread 0x00000238f6e5dbc0 Uncommon trap: reason=unstable_if action=reinterpret pc=0x00000238a1ce2fb4 method=org.eclipse.jdt.internal.compiler.parser.Scanner.getNextToken0()Lorg/eclipse/jdt/internal/compiler/parser/TerminalToken; @ 493 c2
Event: 33.742 Thread 0x00000238f6e5dbc0 DEOPT PACKING pc=0x00000238a1ce2fb4 sp=0x000000612c8fdb50
Event: 33.742 Thread 0x00000238f6e5dbc0 DEOPT UNPACKING pc=0x00000238a0bb6da2 sp=0x000000612c8fda98 mode 2
Event: 33.742 Thread 0x00000238f6e5dbc0 Uncommon trap: trap_request=0xffffff45 fr.pc=0x00000238a1cee64c relative=0x00000000000022ec
Event: 33.742 Thread 0x00000238f6e5dbc0 Uncommon trap: reason=unstable_if action=reinterpret pc=0x00000238a1cee64c method=org.eclipse.jdt.internal.compiler.parser.Parser.consumeRule(I)V @ 1 c2
Event: 33.742 Thread 0x00000238f6e5dbc0 DEOPT PACKING pc=0x00000238a1cee64c sp=0x000000612c8fdbf0
Event: 33.742 Thread 0x00000238f6e5dbc0 DEOPT UNPACKING pc=0x00000238a0bb6da2 sp=0x000000612c8fdb80 mode 2
Event: 33.754 Thread 0x00000238f6e5dbc0 Uncommon trap: trap_request=0xffffff45 fr.pc=0x00000238a1d65bdc relative=0x00000000000009bc
Event: 33.754 Thread 0x00000238f6e5dbc0 Uncommon trap: reason=unstable_if action=reinterpret pc=0x00000238a1d65bdc method=org.eclipse.jdt.internal.compiler.parser.TypeConverter.decodeType(Ljava/lang/String;III)Lorg/eclipse/jdt/internal/compiler/ast/TypeReference; @ 36 c2
Event: 33.761 Thread 0x00000238f6e5dbc0 DEOPT PACKING pc=0x00000238a1d65bdc sp=0x000000612c8fdeb0
Event: 33.761 Thread 0x00000238f6e5dbc0 DEOPT UNPACKING pc=0x00000238a0bb6da2 sp=0x000000612c8fde50 mode 2

Classes loaded (20 events):
Event: 26.608 Loading class java/util/stream/ReduceOps$5
Event: 26.608 Loading class java/util/stream/ReduceOps$5 done
Event: 26.608 Loading class java/util/stream/ReduceOps$CountingSink$OfRef
Event: 26.609 Loading class java/util/stream/ReduceOps$CountingSink
Event: 26.609 Loading class java/util/stream/ReduceOps$CountingSink done
Event: 26.609 Loading class java/util/stream/ReduceOps$CountingSink$OfRef done
Event: 26.676 Loading class java/util/stream/ReduceOps$1
Event: 26.676 Loading class java/util/stream/ReduceOps$1 done
Event: 26.676 Loading class java/util/stream/ReduceOps$1ReducingSink
Event: 26.676 Loading class java/util/stream/ReduceOps$1ReducingSink done
Event: 26.689 Loading class org/xml/sax/SAXNotRecognizedException
Event: 26.689 Loading class org/xml/sax/SAXNotRecognizedException done
Event: 26.689 Loading class org/xml/sax/SAXNotSupportedException
Event: 26.689 Loading class org/xml/sax/SAXNotSupportedException done
Event: 26.690 Loading class com/sun/org/apache/xerces/internal/util/URI
Event: 26.691 Loading class com/sun/org/apache/xerces/internal/util/URI done
Event: 26.691 Loading class com/sun/org/apache/xerces/internal/xni/XNIException
Event: 26.691 Loading class com/sun/org/apache/xerces/internal/xni/XNIException done
Event: 26.692 Loading class com/sun/org/apache/xerces/internal/xni/parser/XMLParseException
Event: 26.692 Loading class com/sun/org/apache/xerces/internal/xni/parser/XMLParseException done

Classes unloaded (7 events):
Event: 17.575 Thread 0x00000238965b38e0 Unloading class 0x00000238ae1b1400 'java/lang/invoke/LambdaForm$MH+0x00000238ae1b1400'
Event: 17.575 Thread 0x00000238965b38e0 Unloading class 0x00000238ae1b1000 'java/lang/invoke/LambdaForm$MH+0x00000238ae1b1000'
Event: 17.575 Thread 0x00000238965b38e0 Unloading class 0x00000238ae1b0c00 'java/lang/invoke/LambdaForm$MH+0x00000238ae1b0c00'
Event: 17.575 Thread 0x00000238965b38e0 Unloading class 0x00000238ae1b0800 'java/lang/invoke/LambdaForm$MH+0x00000238ae1b0800'
Event: 17.575 Thread 0x00000238965b38e0 Unloading class 0x00000238ae1b0400 'java/lang/invoke/LambdaForm$BMH+0x00000238ae1b0400'
Event: 17.575 Thread 0x00000238965b38e0 Unloading class 0x00000238ae1b0000 'java/lang/invoke/LambdaForm$DMH+0x00000238ae1b0000'
Event: 17.575 Thread 0x00000238965b38e0 Unloading class 0x00000238ae1aec00 'java/lang/invoke/LambdaForm$DMH+0x00000238ae1aec00'

Classes redefined (0 events):
No events

Internal exceptions (20 events):
Event: 26.441 Thread 0x00000238f5c836f0 Exception <a 'sun/nio/fs/WindowsException'{0x00000000d56079a0}> (0x00000000d56079a0) 
thrown [s\src\hotspot\share\prims\jni.cpp, line 520]
Event: 26.441 Thread 0x00000238f5c836f0 Exception <a 'sun/nio/fs/WindowsException'{0x00000000d562c458}> (0x00000000d562c458) 
thrown [s\src\hotspot\share\prims\jni.cpp, line 520]
Event: 26.579 Thread 0x00000238f6e5dbc0 Exception <a 'java/lang/NoSuchMethodError'{0x00000000d563e5c8}: 'int java.lang.invoke.Invokers$Holder.invokeExact_MT(java.lang.Object, java.lang.Object)'> (0x00000000d563e5c8) 
thrown [s\src\hotspot\share\interpreter\linkResolver.cpp, line 773]
Event: 26.602 Thread 0x00000238f6e5dbc0 Exception <a 'java/lang/IncompatibleClassChangeError'{0x00000000d55d1fd8}: Found class java.lang.Object, but interface was expected> (0x00000000d55d1fd8) 
thrown [s\src\hotspot\share\interpreter\linkResolver.cpp, line 840]
Event: 26.609 Thread 0x00000238f5c836f0 Exception <a 'sun/nio/fs/WindowsException'{0x00000000d5717c60}> (0x00000000d5717c60) 
thrown [s\src\hotspot\share\prims\jni.cpp, line 520]
Event: 26.609 Thread 0x00000238f5c836f0 Exception <a 'sun/nio/fs/WindowsException'{0x00000000d57182c0}> (0x00000000d57182c0) 
thrown [s\src\hotspot\share\prims\jni.cpp, line 520]
Event: 26.714 Thread 0x00000238f5c836f0 Exception <a 'java/lang/NoSuchMethodError'{0x00000000d5869440}: 'java.lang.Object java.lang.invoke.DirectMethodHandle$Holder.invokeStatic(java.lang.Object, java.lang.Object, int, java.lang.Object)'> (0x00000000d5869440) 
thrown [s\src\hotspot\share\interpreter\linkResolver.cpp, line 773]
Event: 26.745 Thread 0x00000238f6e5e8e0 Implicit null exception at 0x00000238a165e0da to 0x00000238a165e133
Event: 28.430 Thread 0x00000238f6e5dbc0 Exception <a 'sun/nio/fs/WindowsException'{0x00000000d56b7928}> (0x00000000d56b7928) 
thrown [s\src\hotspot\share\prims\jni.cpp, line 520]
Event: 28.430 Thread 0x00000238f6e5dbc0 Exception <a 'sun/nio/fs/WindowsException'{0x00000000d56b8238}> (0x00000000d56b8238) 
thrown [s\src\hotspot\share\prims\jni.cpp, line 520]
Event: 28.431 Thread 0x00000238f6e5dbc0 Exception <a 'sun/nio/fs/WindowsException'{0x00000000d56b9088}> (0x00000000d56b9088) 
thrown [s\src\hotspot\share\prims\jni.cpp, line 520]
Event: 28.431 Thread 0x00000238f6e5dbc0 Exception <a 'sun/nio/fs/WindowsException'{0x00000000d56b9c10}> (0x00000000d56b9c10) 
thrown [s\src\hotspot\share\prims\jni.cpp, line 520]
Event: 28.431 Thread 0x00000238f6e5dbc0 Exception <a 'sun/nio/fs/WindowsException'{0x00000000d56bb5c0}> (0x00000000d56bb5c0) 
thrown [s\src\hotspot\share\prims\jni.cpp, line 520]
Event: 28.431 Thread 0x00000238f6e5dbc0 Exception <a 'sun/nio/fs/WindowsException'{0x00000000d56bbed0}> (0x00000000d56bbed0) 
thrown [s\src\hotspot\share\prims\jni.cpp, line 520]
Event: 28.435 Thread 0x00000238f6e5dbc0 Exception <a 'sun/nio/fs/WindowsException'{0x00000000d56e0498}> (0x00000000d56e0498) 
thrown [s\src\hotspot\share\prims\jni.cpp, line 520]
Event: 28.435 Thread 0x00000238f6e5dbc0 Exception <a 'sun/nio/fs/WindowsException'{0x00000000d56e0da8}> (0x00000000d56e0da8) 
thrown [s\src\hotspot\share\prims\jni.cpp, line 520]
Event: 33.611 Thread 0x00000238f6e5dbc0 Exception <a 'sun/nio/fs/WindowsException'{0x00000000d5890bb8}> (0x00000000d5890bb8) 
thrown [s\src\hotspot\share\prims\jni.cpp, line 520]
Event: 33.612 Thread 0x00000238f6e5dbc0 Exception <a 'sun/nio/fs/WindowsException'{0x00000000d58914c8}> (0x00000000d58914c8) 
thrown [s\src\hotspot\share\prims\jni.cpp, line 520]
Event: 33.720 Thread 0x00000238f6e5dbc0 Exception <a 'sun/nio/fs/WindowsException'{0x00000000d55ecc58}> (0x00000000d55ecc58) 
thrown [s\src\hotspot\share\prims\jni.cpp, line 520]
Event: 33.720 Thread 0x00000238f6e5dbc0 Exception <a 'sun/nio/fs/WindowsException'{0x00000000d55ed568}> (0x00000000d55ed568) 
thrown [s\src\hotspot\share\prims\jni.cpp, line 520]

ZGC Phase Switch (0 events):
No events

VM Operations (20 events):
Event: 33.548 Executing VM operation: ParallelGCFailedAllocation (Allocation Failure) done
Event: 33.553 Executing VM operation: ParallelGCFailedAllocation (Allocation Failure)
Event: 33.555 Executing VM operation: ParallelGCFailedAllocation (Allocation Failure) done
Event: 33.564 Executing VM operation: ParallelGCFailedAllocation (Allocation Failure)
Event: 33.566 Executing VM operation: ParallelGCFailedAllocation (Allocation Failure) done
Event: 33.577 Executing VM operation: ParallelGCFailedAllocation (Allocation Failure)
Event: 33.579 Executing VM operation: ParallelGCFailedAllocation (Allocation Failure) done
Event: 33.598 Executing VM operation: ParallelGCFailedAllocation (Allocation Failure)
Event: 33.601 Executing VM operation: ParallelGCFailedAllocation (Allocation Failure) done
Event: 33.620 Executing VM operation: ParallelGCFailedAllocation (Allocation Failure)
Event: 33.622 Executing VM operation: ParallelGCFailedAllocation (Allocation Failure) done
Event: 33.714 Executing VM operation: ParallelGCFailedAllocation (Allocation Failure)
Event: 33.716 Executing VM operation: ParallelGCFailedAllocation (Allocation Failure) done
Event: 33.764 Executing VM operation: ParallelGCFailedAllocation (Allocation Failure)
Event: 34.313 Executing VM operation: ParallelGCFailedAllocation (Allocation Failure) done
Event: 34.323 Executing VM operation: ParallelGCFailedAllocation (Allocation Failure)
Event: 34.325 Executing VM operation: ParallelGCFailedAllocation (Allocation Failure) done
Event: 34.333 Executing VM operation: ParallelGCFailedAllocation (Allocation Failure)
Event: 34.335 Executing VM operation: ParallelGCFailedAllocation (Allocation Failure) done
Event: 34.346 Executing VM operation: ParallelGCFailedAllocation (Allocation Failure)

Memory protections (0 events):
No events

Nmethod flushes (20 events):
Event: 21.049 Thread 0x00000238965b38e0 flushing  nmethod 0x000002389a026910
Event: 21.049 Thread 0x00000238965b38e0 flushing  nmethod 0x000002389a028510
Event: 21.049 Thread 0x00000238965b38e0 flushing  nmethod 0x000002389a046a90
Event: 21.049 Thread 0x00000238965b38e0 flushing osr nmethod 0x000002389a08c510
Event: 21.049 Thread 0x00000238965b38e0 flushing  nmethod 0x000002389a0b8510
Event: 21.049 Thread 0x00000238965b38e0 flushing  nmethod 0x000002389a0c4190
Event: 21.049 Thread 0x00000238965b38e0 flushing  nmethod 0x000002389a0c5490
Event: 21.049 Thread 0x00000238965b38e0 flushing  nmethod 0x000002389a0c6d10
Event: 21.049 Thread 0x00000238965b38e0 flushing  nmethod 0x000002389a0ca210
Event: 21.049 Thread 0x00000238965b38e0 flushing  nmethod 0x000002389a0ce210
Event: 21.049 Thread 0x00000238965b38e0 flushing  nmethod 0x000002389a0cfb90
Event: 21.049 Thread 0x00000238965b38e0 flushing  nmethod 0x000002389a0d1210
Event: 21.049 Thread 0x00000238965b38e0 flushing  nmethod 0x000002389a115210
Event: 21.049 Thread 0x00000238965b38e0 flushing  nmethod 0x000002389a116190
Event: 21.049 Thread 0x00000238965b38e0 flushing  nmethod 0x000002389a117010
Event: 21.049 Thread 0x00000238965b38e0 flushing  nmethod 0x000002389a117390
Event: 21.049 Thread 0x00000238965b38e0 flushing  nmethod 0x000002389a11d310
Event: 21.049 Thread 0x00000238965b38e0 flushing  nmethod 0x000002389a15fe90
Event: 21.049 Thread 0x00000238965b38e0 flushing  nmethod 0x000002389a161790
Event: 21.049 Thread 0x00000238965b38e0 flushing  nmethod 0x000002389a1e3a90

Events (20 events):
Event: 27.170 Thread 0x00000238fa7aa1b0 Thread exited: 0x00000238fa7aa1b0
Event: 27.170 Thread 0x00000238fa7a7200 Thread exited: 0x00000238fa7a7200
Event: 27.175 Thread 0x00000238ef3de3a0 Thread added: 0x00000238fa7aa1b0
Event: 27.180 Thread 0x00000238ef3de3a0 Thread added: 0x00000238fa7aa880
Event: 27.195 Thread 0x00000238fa7aa1b0 Thread added: 0x00000238fa7a7200
Event: 27.373 Thread 0x00000238ef3de3a0 Thread added: 0x00000238fa7aaf50
Event: 28.366 Thread 0x00000238fa7aaf50 Thread exited: 0x00000238fa7aaf50
Event: 28.366 Thread 0x00000238f5288950 Thread exited: 0x00000238f5288950
Event: 28.369 Thread 0x00000238fa7a7200 Thread exited: 0x00000238fa7a7200
Event: 28.369 Thread 0x00000238fa7aa880 Thread exited: 0x00000238fa7aa880
Event: 29.094 Thread 0x00000238fa7aa1b0 Thread exited: 0x00000238fa7aa1b0
Event: 29.608 Thread 0x00000238f52874e0 Thread added: 0x00000238fa7aa1b0
Event: 29.609 Thread 0x00000238f52874e0 Thread added: 0x00000238fa7aa880
Event: 29.700 Thread 0x00000238f5288280 Thread added: 0x00000238fa7a7200
Event: 30.929 Thread 0x00000238f52874e0 Thread exited: 0x00000238f52874e0
Event: 30.929 Thread 0x00000238fa7a7200 Thread exited: 0x00000238fa7a7200
Event: 30.929 Thread 0x00000238f5288280 Thread exited: 0x00000238f5288280
Event: 33.212 Thread 0x00000238ef3de3a0 Thread added: 0x00000238fa7a7200
Event: 33.212 Thread 0x00000238ef3de3a0 Thread added: 0x00000238fa7abcf0
Event: 33.213 Thread 0x00000238ef3de3a0 Thread added: 0x00000238fa7ac3c0


Dynamic libraries:
0x00007ff629350000 - 0x00007ff62935e000 	c:\Users\chief\.vscode\extensions\redhat.java-1.51.0-win32-x64\jre\21.0.9-win32-x86_64\bin\java.exe
0x00007ffd479c0000 - 0x00007ffd47c27000 	C:\WINDOWS\SYSTEM32\ntdll.dll
0x00007ffd46bc0000 - 0x00007ffd46c89000 	C:\WINDOWS\System32\KERNEL32.DLL
0x00007ffd44e60000 - 0x00007ffd4524f000 	C:\WINDOWS\System32\KERNELBASE.dll
0x00007ffd45610000 - 0x00007ffd4575b000 	C:\WINDOWS\System32\ucrtbase.dll
0x00007ffd13120000 - 0x00007ffd13138000 	c:\Users\chief\.vscode\extensions\redhat.java-1.51.0-win32-x64\jre\21.0.9-win32-x86_64\bin\jli.dll
0x00007ffd14b90000 - 0x00007ffd14bae000 	c:\Users\chief\.vscode\extensions\redhat.java-1.51.0-win32-x64\jre\21.0.9-win32-x86_64\bin\VCRUNTIME140.dll
0x00007ffd46980000 - 0x00007ffd46b45000 	C:\WINDOWS\System32\USER32.dll
0x00007ffd45260000 - 0x00007ffd45287000 	C:\WINDOWS\System32\win32u.dll
0x00007ffd24e90000 - 0x00007ffd25123000 	C:\WINDOWS\WinSxS\amd64_microsoft.windows.common-controls_6595b64144ccf1df_6.0.26100.7309_none_3e05feeae336a044\COMCTL32.dll
0x00007ffd46b60000 - 0x00007ffd46b8b000 	C:\WINDOWS\System32\GDI32.dll
0x00007ffd46fe0000 - 0x00007ffd47089000 	C:\WINDOWS\System32\msvcrt.dll
0x00007ffd44b10000 - 0x00007ffd44c3c000 	C:\WINDOWS\System32\gdi32full.dll
0x00007ffd453e0000 - 0x00007ffd45483000 	C:\WINDOWS\System32\msvcp_win.dll
0x00007ffd46e70000 - 0x00007ffd46ea1000 	C:\WINDOWS\System32\IMM32.DLL
0x00007ffd3d030000 - 0x00007ffd3d03c000 	c:\Users\chief\.vscode\extensions\redhat.java-1.51.0-win32-x64\jre\21.0.9-win32-x86_64\bin\vcruntime140_1.dll
0x00007ffcfc290000 - 0x00007ffcfc31d000 	c:\Users\chief\.vscode\extensions\redhat.java-1.51.0-win32-x64\jre\21.0.9-win32-x86_64\bin\msvcp140.dll
0x00007ffc3cc40000 - 0x00007ffc3d9e0000 	c:\Users\chief\.vscode\extensions\redhat.java-1.51.0-win32-x64\jre\21.0.9-win32-x86_64\bin\server\jvm.dll
0x00007ffd470f0000 - 0x00007ffd471a4000 	C:\WINDOWS\System32\ADVAPI32.dll
0x00007ffd45a80000 - 0x00007ffd45b26000 	C:\WINDOWS\System32\sechost.dll
0x00007ffd46ec0000 - 0x00007ffd46fd8000 	C:\WINDOWS\System32\RPCRT4.dll
0x00007ffd46da0000 - 0x00007ffd46e14000 	C:\WINDOWS\System32\WS2_32.dll
0x00007ffd44970000 - 0x00007ffd449ce000 	C:\WINDOWS\SYSTEM32\POWRPROF.dll
0x00007ffd2a380000 - 0x00007ffd2a3b5000 	C:\WINDOWS\SYSTEM32\WINMM.dll
0x00007ffd3c080000 - 0x00007ffd3c08b000 	C:\WINDOWS\SYSTEM32\VERSION.dll
0x00007ffd44950000 - 0x00007ffd44964000 	C:\WINDOWS\SYSTEM32\UMPDC.dll
0x00007ffd437e0000 - 0x00007ffd437fb000 	C:\WINDOWS\SYSTEM32\kernel.appcore.dll
0x00007ffd2ebb0000 - 0x00007ffd2ebba000 	c:\Users\chief\.vscode\extensions\redhat.java-1.51.0-win32-x64\jre\21.0.9-win32-x86_64\bin\jimage.dll
0x00007ffd42170000 - 0x00007ffd423b2000 	C:\WINDOWS\SYSTEM32\DBGHELP.DLL
0x00007ffd47220000 - 0x00007ffd475a6000 	C:\WINDOWS\System32\combase.dll
0x00007ffd45990000 - 0x00007ffd45a66000 	C:\WINDOWS\System32\OLEAUT32.dll
0x00007ffd2d280000 - 0x00007ffd2d2bc000 	C:\WINDOWS\SYSTEM32\dbgcore.DLL
0x00007ffd44c40000 - 0x00007ffd44ce5000 	C:\WINDOWS\System32\bcryptPrimitives.dll
0x00007ffd15da0000 - 0x00007ffd15daf000 	c:\Users\chief\.vscode\extensions\redhat.java-1.51.0-win32-x64\jre\21.0.9-win32-x86_64\bin\instrument.dll
0x00007ffd12950000 - 0x00007ffd12970000 	c:\Users\chief\.vscode\extensions\redhat.java-1.51.0-win32-x64\jre\21.0.9-win32-x86_64\bin\java.dll
0x00007ffd46220000 - 0x00007ffd46973000 	C:\WINDOWS\System32\SHELL32.dll
0x00007ffd44cf0000 - 0x00007ffd44e5a000 	C:\WINDOWS\System32\wintypes.dll
0x00007ffd426f0000 - 0x00007ffd42f4e000 	C:\WINDOWS\SYSTEM32\windows.storage.dll
0x00007ffd46ca0000 - 0x00007ffd46d95000 	C:\WINDOWS\System32\SHCORE.dll
0x00007ffd471b0000 - 0x00007ffd47216000 	C:\WINDOWS\System32\shlwapi.dll
0x00007ffd44a30000 - 0x00007ffd44a59000 	C:\WINDOWS\SYSTEM32\profapi.dll
0x00007ffd05690000 - 0x00007ffd056a8000 	c:\Users\chief\.vscode\extensions\redhat.java-1.51.0-win32-x64\jre\21.0.9-win32-x86_64\bin\zip.dll
0x00007ffd2eb80000 - 0x00007ffd2eb90000 	C:\Users\chief\.vscode\extensions\redhat.java-1.51.0-win32-x64\jre\21.0.9-win32-x86_64\bin\net.dll
0x00007ffd3bd50000 - 0x00007ffd3be78000 	C:\WINDOWS\SYSTEM32\WINHTTP.dll
0x00007ffd43dd0000 - 0x00007ffd43e3b000 	C:\WINDOWS\system32\mswsock.dll
0x00007ffd11090000 - 0x00007ffd110a6000 	C:\Users\chief\.vscode\extensions\redhat.java-1.51.0-win32-x64\jre\21.0.9-win32-x86_64\bin\nio.dll
0x00007ffd141a0000 - 0x00007ffd141b0000 	c:\Users\chief\.vscode\extensions\redhat.java-1.51.0-win32-x64\jre\21.0.9-win32-x86_64\bin\verify.dll
0x00007ffcfbf30000 - 0x00007ffcfbf74000 	C:\Users\chief\AppData\Roaming\Code\User\globalStorage\redhat.java\1.51.0\config_win\org.eclipse.equinox.launcher\org.eclipse.equinox.launcher.win32.win32.x86_64_1.2.1400.v20250801-0854\eclipse_11916.dll
0x00007ffd45fc0000 - 0x00007ffd46157000 	C:\WINDOWS\System32\ole32.dll
0x00007ffd441c0000 - 0x00007ffd441db000 	C:\WINDOWS\SYSTEM32\CRYPTSP.dll
0x00007ffd43800000 - 0x00007ffd4383a000 	C:\WINDOWS\system32\rsaenh.dll
0x00007ffd43e80000 - 0x00007ffd43eab000 	C:\WINDOWS\SYSTEM32\USERENV.dll
0x00007ffd44a00000 - 0x00007ffd44a2a000 	C:\WINDOWS\SYSTEM32\bcrypt.dll
0x00007ffd44020000 - 0x00007ffd4402c000 	C:\WINDOWS\SYSTEM32\CRYPTBASE.dll
0x00007ffd432c0000 - 0x00007ffd432f4000 	C:\WINDOWS\SYSTEM32\IPHLPAPI.DLL
0x00007ffd46b50000 - 0x00007ffd46b5a000 	C:\WINDOWS\System32\NSI.dll
0x00007ffcfc560000 - 0x00007ffcfc5a9000 	C:\Users\chief\AppData\Local\Temp\jna-94630981\jna1235952416056825845.dll
0x00007ffd46c90000 - 0x00007ffd46c98000 	C:\WINDOWS\System32\PSAPI.DLL
0x00007ffd3c090000 - 0x00007ffd3c0ae000 	C:\WINDOWS\SYSTEM32\dhcpcsvc6.DLL
0x00007ffd39fb0000 - 0x00007ffd39fd3000 	C:\WINDOWS\SYSTEM32\dhcpcsvc.DLL

JVMTI agents:
c:\Users\chief\.vscode\extensions\redhat.java-1.51.0-win32-x64\lombok\lombok-1.18.39-4050.jar path:c:\Users\chief\.vscode\extensions\redhat.java-1.51.0-win32-x64\jre\21.0.9-win32-x86_64\bin\instrument.dll, loaded, initialized, instrumentlib options:none

dbghelp: loaded successfully - version: 4.0.5 - missing functions: none
symbol engine: initialized successfully - sym options: 0x614 - pdb path: .;c:\Users\chief\.vscode\extensions\redhat.java-1.51.0-win32-x64\jre\21.0.9-win32-x86_64\bin;C:\WINDOWS\SYSTEM32;C:\WINDOWS\WinSxS\amd64_microsoft.windows.common-controls_6595b64144ccf1df_6.0.26100.7309_none_3e05feeae336a044;c:\Users\chief\.vscode\extensions\redhat.java-1.51.0-win32-x64\jre\21.0.9-win32-x86_64\bin\server;C:\Users\chief\AppData\Roaming\Code\User\globalStorage\redhat.java\1.51.0\config_win\org.eclipse.equinox.launcher\org.eclipse.equinox.launcher.win32.win32.x86_64_1.2.1400.v20250801-0854;C:\Users\chief\AppData\Local\Temp\jna-94630981

VM Arguments:
jvm_args: --add-modules=ALL-SYSTEM --add-opens=java.base/java.util=ALL-UNNAMED --add-opens=java.base/java.lang=ALL-UNNAMED --add-opens=java.base/sun.nio.fs=ALL-UNNAMED -Declipse.application=org.eclipse.jdt.ls.core.id1 -Dosgi.bundles.defaultStartLevel=4 -Declipse.product=org.eclipse.jdt.ls.core.product -Djava.import.generatesMetadataFilesAtProjectRoot=false -DDetectVMInstallationsJob.disabled=true -Dfile.encoding=utf8 -XX:+UseParallelGC -XX:GCTimeRatio=4 -XX:AdaptiveSizePolicyWeight=90 -Dsun.zip.disableMemoryMapping=true -Xmx2G -Xms100m -Xlog:disable -javaagent:c:\Users\chief\.vscode\extensions\redhat.java-1.51.0-win32-x64\lombok\lombok-1.18.39-4050.jar -XX:+HeapDumpOnOutOfMemoryError -XX:HeapDumpPath=c:\Users\chief\AppData\Roaming\Code\User\workspaceStorage\7edd855c5745efe6cb82c3d65ead820d\redhat.java -Daether.dependencyCollector.impl=bf 
java_command: c:\Users\chief\.vscode\extensions\redhat.java-1.51.0-win32-x64\server\plugins\org.eclipse.equinox.launcher_1.7.100.v20251111-0406.jar -configuration c:\Users\chief\AppData\Roaming\Code\User\globalStorage\redhat.java\1.51.0\config_win -data c:\Users\chief\AppData\Roaming\Code\User\workspaceStorage\7edd855c5745efe6cb82c3d65ead820d\redhat.java\jdt_ws --pipe=\\.\pipe\lsp-5999de2c9d272d3494d7f18276e7e694-sock
java_class_path (initial): c:\Users\chief\.vscode\extensions\redhat.java-1.51.0-win32-x64\server\plugins\org.eclipse.equinox.launcher_1.7.100.v20251111-0406.jar
Launcher Type: SUN_STANDARD

[Global flags]
    uintx AdaptiveSizePolicyWeight                 = 90                                        {product} {command line}
     intx CICompilerCount                          = 12                                        {product} {ergonomic}
    uintx GCTimeRatio                              = 4                                         {product} {command line}
     bool HeapDumpOnOutOfMemoryError               = true                                   {manageable} {command line}
    ccstr HeapDumpPath                             = c:\Users\chief\AppData\Roaming\Code\User\workspaceStorage\7edd855c5745efe6cb82c3d65ead820d\redhat.java         {manageable} {command line}
   size_t InitialHeapSize                          = 104857600                                 {product} {command line}
   size_t MaxHeapSize                              = 2147483648                                {product} {command line}
   size_t MaxNewSize                               = 715653120                                 {product} {ergonomic}
   size_t MinHeapDeltaBytes                        = 524288                                    {product} {ergonomic}
   size_t MinHeapSize                              = 104857600                                 {product} {command line}
   size_t NewSize                                  = 34603008                                  {product} {ergonomic}
    uintx NonNMethodCodeHeapSize                   = 7602480                                {pd product} {ergonomic}
    uintx NonProfiledCodeHeapSize                  = 122027880                              {pd product} {ergonomic}
   size_t OldSize                                  = 70254592                                  {product} {ergonomic}
    uintx ProfiledCodeHeapSize                     = 122027880                              {pd product} {ergonomic}
    uintx ReservedCodeCacheSize                    = 251658240                              {pd product} {ergonomic}
     bool SegmentedCodeCache                       = true                                      {product} {ergonomic}
   size_t SoftMaxHeapSize                          = 2147483648                             {manageable} {ergonomic}
     bool UseCompressedOops                        = true                           {product lp64_product} {ergonomic}
     bool UseLargePagesIndividualAllocation        = false                                  {pd product} {ergonomic}
     bool UseParallelGC                            = true                                      {product} {command line}

Logging:
Log output configuration:
 #0: stdout all=off uptime,level,tags foldmultilines=false
 #1: stderr all=off uptime,level,tags foldmultilines=false

Release file:
JAVA_VERSION="21.0.9" 
MODULES="java.base java.compiler java.datatransfer java.xml java.prefs java.desktop java.instrument java.logging java.management java.security.sasl java.naming java.rmi java.management.rmi java.net.http java.scripting java.security.jgss java.transaction.xa java.sql java.sql.rowset java.xml.crypto java.se java.smartcardio jdk.accessibility jdk.internal.jvmstat jdk.attach jdk.charsets jdk.internal.opt jdk.zipfs jdk.compiler jdk.crypto.ec jdk.crypto.cryptoki jdk.crypto.mscapi jdk.dynalink jdk.internal.ed jdk.editpad jdk.hotspot.agent jdk.httpserver jdk.internal.le jdk.internal.vm.ci jdk.internal.vm.compiler jdk.internal.vm.compiler.management jdk.jartool jdk.javadoc jdk.jcmd jdk.management jdk.management.agent jdk.jconsole jdk.jdeps jdk.jdwp.agent jdk.jdi jdk.jfr jdk.jshell jdk.jsobject jdk.jstatd jdk.localedata jdk.management.jfr jdk.naming.dns jdk.naming.rmi jdk.net jdk.nio.mapmode jdk.random jdk.sctp jdk.security.auth jdk.security.jgss jdk.unsupported jdk.unsupported.desktop jdk.xml.dom" 

Environment Variables:
JAVA_HOME=C:\Program Files\Java\jdk-23
PATH=C:\Program Files\Java\jdk-23\bin;C:\Program Files (x86)\Common Files\Intel\Shared Libraries\redist\intel64_win\compiler;C:\Program Files\Common Files\Oracle\Java\javapath;C:\WINDOWS\system32;C:\WINDOWS;C:\WINDOWS\System32\Wbem;C:\WINDOWS\System32\WindowsPowerShell\v1.0\;C:\WINDOWS\System32\OpenSSH\;C:\Users\chief\AppData\Roaming\nvm;C:\Program Files\nodejs;C:\Program Files\apache-maven-3.9.6\bin;C:\apache-maven-3.9.6\bin;C:\maven\apache-maven-3.9.6\bin;C:\Program Files\Java\jdk-23\bin;C:\maven\apache-maven-3.9.6\bin;C:\ProgramData\chocolatey\bin;C:\Program Files\nodejs;C:\Program Files\Git\cmd;C:\Program Files\nodejs\;C:\poppler\poppler-24.08.0\Library\bin;C:\Program Files\Tesseract-OCR;C:\Program Files\JetBrains\IntelliJ IDEA 2023.3.4\bin;C:\Program Files\Java\jdk-23;C:\Users\chief\AppData\Local\Programs\Python\Python313\Scripts\;C:\Users\chief\AppData\Local\Programs\P;C:\Program Files\PostgreSQL\17\bin;C:\Users\chief\AppData\Local\JetBrains\IntelliJ IDEA 2024.3.2.1\bin;;C:\Program Files\Docker\Docker\resources\bin;C:\Users\chief\AppData\Local\Programs\Python\Python313\Scripts\;C:\Users\chief\AppData\Local\Programs\Python\Python313\;C:\Users\chief\AppData\Local\Programs\Python\Launcher\;C:\Users\chief\AppData\Local\Microsoft\WindowsApps;C:\Users\chief\AppData\Local\Programs\Microsoft VS Code\bin;C:\Program Files\JetBrains\IntelliJ IDEA 2023.3.4\bin;;C:\Users\chief\AppData\Roaming\nvm;C:\Program Files\nodejs;C:\apache-maven-3.9.6\bin;C:\Program Files\Git\bin;C:\Program Files\flutter\bin;C:\flutter\bin;C:\Git\cmd;C:\Program Files\Git\cmd;C:\Program Files\Java\jdk-21\bin;C:\Users\chief\AppData\Roaming\npm;C:\Program Files\Java\jdk-23\bin;C:\Users\chief\.local\bin;C:\Program Files\Docker\Docker\resources\bin;
USERNAME=chief
OS=Windows_NT
PROCESSOR_IDENTIFIER=Intel64 Family 6 Model 141 Stepping 1, GenuineIntel
TMP=C:\Users\chief\AppData\Local\Temp
TEMP=C:\Users\chief\AppData\Local\Temp




Periodic native trim disabled

---------------  S Y S T E M  ---------------

OS:
 Windows 11 , 64 bit Build 26100 (10.0.26100.7623)
OS uptime: 5 days 3:25 hours
Hyper-V role detected

CPU: total 16 (initial active 16) (8 cores per cpu, 2 threads per core) family 6 model 141 stepping 1 microcode 0x3c, cx8, cmov, fxsr, ht, mmx, 3dnowpref, sse, sse2, sse3, ssse3, sse4.1, sse4.2, popcnt, lzcnt, tsc, tscinvbit, avx, avx2, aes, erms, clmul, bmi1, bmi2, adx, avx512f, avx512dq, avx512cd, avx512bw, avx512vl, sha, fma, vzeroupper, avx512_vpopcntdq, avx512_vpclmulqdq, avx512_vaes, avx512_vnni, clflush, clflushopt, clwb, avx512_vbmi2, avx512_vbmi, hv, rdtscp, rdpid, fsrm, gfni, avx512_bitalg, f16c, cet_ibt, cet_ss, avx512_ifma
Processor Information for the first 16 processors :
  Max Mhz: 2304, Current Mhz: 2304, Mhz Limit: 2304

Memory: 4k page, system-wide physical 16163M (917M free)
TotalPageFile size 61770M (AvailPageFile size 12M)
current process WorkingSet (physical memory assigned to process): 932M, peak: 957M
current process commit charge ("private bytes"): 894M, peak: 921M

vm_info: OpenJDK 64-Bit Server VM (21.0.9+10-LTS) for windows-amd64 JRE (21.0.9+10-LTS), built on 2025-10-21T00:00:00Z by "admin" with unknown MS VC++:1942

END.
